<?xml version="1.0" encoding="UTF-8"?>
<!-- Generated by org.testng.reporters.JUnitXMLReporter -->
<testsuite hostname="globalqa01" name="Default test(failed)" tests="2" failures="2" timestamp="24 Jun 2016 16:15:11 GMT" time="4.078" errors="0">
  <testcase name="MF1Allaccpageverification" time="2.015" classname="com.fool.us.evlstkoverview.evloverviewchrome">
    <failure type="java.lang.NullPointerException">
      <![CDATA[java.lang.NullPointerException
	at com.fool.pageobject.PageObjectModule.clickButton(PageObjectModule.java:66)
	at com.fool.us.evlstkoverview.evloverviewchrome.MF1Allaccpageverification(evloverviewchrome.java:60)
... Removed 24 stack frames]]>
    </failure>
  </testcase> <!-- MF1Allaccpageverification -->
  <testcase name="MF1Msetpageverification" time="2.015" classname="com.fool.us.evlstkoverview.evloverviewchrome">
    <failure type="java.lang.NullPointerException">
      <![CDATA[java.lang.NullPointerException
	at com.fool.pageobject.PageObjectModule.clickButton(PageObjectModule.java:66)
	at com.fool.us.evlstkoverview.evloverviewchrome.MF1Msetpageverification(evloverviewchrome.java:78)
... Removed 24 stack frames]]>
    </failure>
  </testcase> <!-- MF1Msetpageverification -->
</testsuite> <!-- Default test(failed) -->
