<?xml version="1.0" encoding="UTF-8"?>
<!-- Generated by org.testng.reporters.JUnitXMLReporter -->
<testsuite hostname="globalqa01" name="MF1 Date Verifiction Suite" tests="3" failures="0" timestamp="14 Aug 2016 08:41:15 GMT" time="83.836" errors="0">
  <testcase name="Everlasting_verify" time="39.725" classname="com.fool.us.evlstks.Dateverify"/>
  <testcase name="Yourstocks_verify" time="21.375" classname="com.fool.us.evlstks.Dateverify"/>
  <testcase name="Mindset_verify" time="22.734" classname="com.fool.us.evlstks.Dateverify"/>
</testsuite> <!-- MF1 Date Verifiction Suite -->
