<?xml version="1.0" encoding="UTF-8"?>
<!-- Generated by org.testng.reporters.JUnitXMLReporter -->
<testsuite hostname="globalqa01" name="MF1 Everlasting Filter Verification" tests="4" failures="0" timestamp="14 Aug 2016 08:35:25 GMT" time="129.217" errors="0">
  <testcase name="AssetClassfilter" time="58.192" classname="com.fool.us.evlstks.EVLFilterchrome"/>
  <testcase name="AddSectorfilter" time="20.827" classname="com.fool.us.evlstks.EVLFilterchrome"/>
  <testcase name="RemoveSectorfilter" time="20.427" classname="com.fool.us.evlstks.EVLFilterchrome"/>
  <testcase name="Volatilityfilter" time="29.767" classname="com.fool.us.evlstks.EVLFilterchrome"/>
</testsuite> <!-- MF1 Everlasting Filter Verification -->
