<!DOCTYPE html PUBLIC "-//W3C//DTD XHTML 1.1//EN" "http://www.w3.org/TR/xhtml11/DTD/xhtml11.dtd">
<html xmlns="http://www.w3.org/1999/xhtml"><head><title>TestNG Report</title><style type="text/css">table {margin-bottom:10px;border-collapse:collapse;empty-cells:show}th,td {border:1px solid #009;padding:.25em .5em}th {vertical-align:bottom}td {vertical-align:top}table a {font-weight:bold}.stripe td {background-color: #E6EBF9}.num {text-align:right}.passedodd td {background-color: #3F3}.passedeven td {background-color: #0A0}.skippedodd td {background-color: #DDD}.skippedeven td {background-color: #CCC}.failedodd td,.attn {background-color: #F33}.failedeven td,.stripe .attn {background-color: #D00}.stacktrace {white-space:pre;font-family:monospace}.totop {font-size:85%;text-align:center;border-bottom:2px solid #000}</style></head><body><table><tr><th>Test</th><th># Passed</th><th># Skipped</th><th># Failed</th><th>Time (ms)</th><th>Included Groups</th><th>Excluded Groups</th></tr><tr><th colspan="7">MotelyFool TestSuite</th></tr><tr><td><a href="#t0">MotelyFool Australia Create and Verify New Post Test</a></td><td class="num">0</td><td class="num">0</td><td class="num attn">1</td><td class="num">150,689</td><td></td><td></td></tr><tr class="stripe"><td><a href="#t1">MotelyFool Australia Edit and Verify Post Test</a></td><td class="num">0</td><td class="num">0</td><td class="num attn">1</td><td class="num">120,513</td><td></td><td></td></tr><tr><td><a href="#t2">MotelyFool Australia Delete and Verify Post Test</a></td><td class="num">1</td><td class="num">0</td><td class="num">0</td><td class="num">50,447</td><td></td><td></td></tr><tr class="stripe"><td><a href="#t3">MotelyFool Australia ProTest</a></td><td class="num">1</td><td class="num">0</td><td class="num">0</td><td class="num">156,014</td><td></td><td></td></tr><tr><td><a href="#t4">MotelyFool Australia Hidden GemsTest</a></td><td class="num">1</td><td class="num">0</td><td class="num">0</td><td class="num">48,342</td><td></td><td></td></tr><tr class="stripe"><td><a href="#t5">MotelyFool Australia Share AdvisorTest</a></td><td class="num">5</td><td class="num">0</td><td class="num">0</td><td class="num">91,687</td><td></td><td></td></tr><tr><td><a href="#t6">MotelyFool Australia Ecap Test</a></td><td class="num">1</td><td class="num">0</td><td class="num attn">1</td><td class="num">59,672</td><td></td><td></td></tr><tr class="stripe"><td><a href="#t7">MotelyFool AU Create order</a></td><td class="num">1</td><td class="num">0</td><td class="num">0</td><td class="num">158,624</td><td></td><td></td></tr><tr><td><a href="#t8">MotelyFool Canada Create and Verify New Post Test</a></td><td class="num">0</td><td class="num">0</td><td class="num attn">1</td><td class="num">101,957</td><td></td><td></td></tr><tr class="stripe"><td><a href="#t9">MotelyFool Canada Edit and Verify Post Test</a></td><td class="num">1</td><td class="num">0</td><td class="num">0</td><td class="num">116,776</td><td></td><td></td></tr><tr><td><a href="#t10">MotelyFool Canada Delete and Verify Post Test</a></td><td class="num">1</td><td class="num">0</td><td class="num">0</td><td class="num">53,382</td><td></td><td></td></tr><tr class="stripe"><td><a href="#t11">MotelyFool Canada Ecap Test</a></td><td class="num">0</td><td class="num">0</td><td class="num attn">2</td><td class="num">25,847</td><td></td><td></td></tr><tr><td><a href="#t12">MotelyFool Canada Stock AdvisorTest</a></td><td class="num">4</td><td class="num">0</td><td class="num attn">1</td><td class="num">112,831</td><td></td><td></td></tr><tr class="stripe"><td><a href="#t13">MotelyFool Canada Create OrderTest</a></td><td class="num">1</td><td class="num">0</td><td class="num">0</td><td class="num">109,473</td><td></td><td></td></tr><tr><td><a href="#t14">MotelyFool Singapore Create post Test</a></td><td class="num">1</td><td class="num">0</td><td class="num">0</td><td class="num">74,859</td><td></td><td></td></tr><tr class="stripe"><td><a href="#t15">MotelyFool Singapore Edit post Test</a></td><td class="num">1</td><td class="num">0</td><td class="num">0</td><td class="num">80,187</td><td></td><td></td></tr><tr><td><a href="#t16">MotelyFool Singapore Delete post Test</a></td><td class="num">1</td><td class="num">0</td><td class="num">0</td><td class="num">44,945</td><td></td><td></td></tr><tr class="stripe"><td><a href="#t17">MotelyFool Singapore Ecap Test</a></td><td class="num">1</td><td class="num">0</td><td class="num">0</td><td class="num">16,743</td><td></td><td></td></tr><tr><td><a href="#t18">MotelyFool Germany Ecap Test</a></td><td class="num">0</td><td class="num">0</td><td class="num attn">1</td><td class="num">43,015</td><td></td><td></td></tr><tr class="stripe"><td><a href="#t19">MotelyFool United Kingdom Ecap Test</a></td><td class="num">0</td><td class="num">0</td><td class="num attn">1</td><td class="num">23,407</td><td></td><td></td></tr><tr><td><a href="#t20">MotelyFool Create and Verify post Test</a></td><td class="num">0</td><td class="num">0</td><td class="num attn">1</td><td class="num">66,005</td><td></td><td></td></tr><tr class="stripe"><td><a href="#t21">MotelyFool Edit and Verify post Test</a></td><td class="num">1</td><td class="num">0</td><td class="num">0</td><td class="num">125,065</td><td></td><td></td></tr><tr><td><a href="#t22">MotelyFool Delete and Verify post Test</a></td><td class="num">0</td><td class="num">0</td><td class="num attn">1</td><td class="num">40,107</td><td></td><td></td></tr><tr><th>Total</th><th class="num">22</th><th class="num">0</th><th class="num attn">11</th><th class="num">1,870,587</th><th colspan="2"></th></tr></table><table><thead><tr><th>Class</th><th>Method</th><th>Start</th><th>Time (ms)</th></tr></thead><tbody><tr><th colspan="4">MotelyFool TestSuite</th></tr></tbody><tbody id="t0"><tr><th colspan="4">MotelyFool Australia Create and Verify New Post Test &#8212; failed</th></tr><tr class="failedeven"><td rowspan="1">com.fool.au.createpost.CreatePost</td><td><a href="#m0">messagePost</a></td><td rowspan="1">1487765081661</td><td rowspan="1">102787</td></tr></tbody><tbody id="t1"><tr><th colspan="4">MotelyFool Australia Edit and Verify Post Test &#8212; failed</th></tr><tr class="failedeven"><td rowspan="1">com.fool.au.editpost.EditPost</td><td><a href="#m1">editingPost</a></td><td rowspan="1">1487765206249</td><td rowspan="1">98812</td></tr></tbody><tbody id="t2"><tr><th colspan="4">MotelyFool Australia Delete and Verify Post Test &#8212; passed</th></tr><tr class="passedeven"><td rowspan="1">com.fool.au.deletepost.DeletePost</td><td><a href="#m2">deleteCreatedPost</a></td><td rowspan="1">1487765326681</td><td rowspan="1">28848</td></tr></tbody><tbody id="t3"><tr><th colspan="4">MotelyFool Australia ProTest &#8212; passed</th></tr><tr class="passedeven"><td rowspan="1">com.fool.au.pro.AuPro</td><td><a href="#m3">emailAuPro</a></td><td rowspan="1">1487765355532</td><td rowspan="1">156014</td></tr></tbody><tbody id="t4"><tr><th colspan="4">MotelyFool Australia Hidden GemsTest &#8212; passed</th></tr><tr class="passedeven"><td rowspan="1">com.fool.au.hiddengems.HiddenGems</td><td><a href="#m4">hiddenGemsHome</a></td><td rowspan="1">1487765511546</td><td rowspan="1">48342</td></tr></tbody><tbody id="t5"><tr><th colspan="4">MotelyFool Australia Share AdvisorTest &#8212; passed</th></tr><tr class="passedeven"><td rowspan="5">com.fool.au.shareadvisor.Shareadvisornew</td><td><a href="#m5">AUShareadvisorFRM</a></td><td rowspan="1">1487765624974</td><td rowspan="1">26601</td></tr><tr class="passedeven"><td><a href="#m6">AUShareadvisorHome</a></td><td rowspan="1">1487765559888</td><td rowspan="1">24164</td></tr><tr class="passedeven"><td><a href="#m7">AUShareadvisorREC</a></td><td rowspan="1">1487765584052</td><td rowspan="1">3357</td></tr><tr class="passedeven"><td><a href="#m8">AUShareadvisorSCR</a></td><td rowspan="1">1487765621685</td><td rowspan="1">3289</td></tr><tr class="passedeven"><td><a href="#m9">AUShareadvisorUPD</a></td><td rowspan="1">1487765587409</td><td rowspan="1">34276</td></tr></tbody><tbody id="t6"><tr><th colspan="4">MotelyFool Australia Ecap Test &#8212; failed</th></tr><tr class="failedeven"><td rowspan="1">com.fool.au.ecap.EmailCap</td><td><a href="#m10">emailCapAUHomepage</a></td><td rowspan="1">1487765651575</td><td rowspan="1">45688</td></tr><tr><th colspan="4">MotelyFool Australia Ecap Test &#8212; passed</th></tr><tr class="passedeven"><td rowspan="1">com.fool.au.ecap.EmailCap</td><td><a href="#m11">emailCapAUSplRep</a></td><td rowspan="1">1487765697263</td><td rowspan="1">13984</td></tr></tbody><tbody id="t7"><tr><th colspan="4">MotelyFool AU Create order &#8212; passed</th></tr><tr class="passedeven"><td rowspan="1">com.fool.au.order.Createorder</td><td><a href="#m12">auordercreate</a></td><td rowspan="1">1487765711263</td><td rowspan="1">158624</td></tr></tbody><tbody id="t8"><tr><th colspan="4">MotelyFool Canada Create and Verify New Post Test &#8212; failed</th></tr><tr class="failedeven"><td rowspan="1">com.fool.ca.createpost.CreatePost</td><td><a href="#m13">messagePost</a></td><td rowspan="1">1487765869887</td><td rowspan="1">101955</td></tr></tbody><tbody id="t9"><tr><th colspan="4">MotelyFool Canada Edit and Verify Post Test &#8212; passed</th></tr><tr class="passedeven"><td rowspan="1">com.fool.ca.editpost.EditPost</td><td><a href="#m14">editingCreatedPost</a></td><td rowspan="1">1487765971860</td><td rowspan="1">116775</td></tr></tbody><tbody id="t10"><tr><th colspan="4">MotelyFool Canada Delete and Verify Post Test &#8212; passed</th></tr><tr class="passedeven"><td rowspan="1">com.fool.ca.deletepost.DeletePost</td><td><a href="#m15">deleteCreatedPost</a></td><td rowspan="1">1487766088647</td><td rowspan="1">53382</td></tr></tbody><tbody id="t11"><tr><th colspan="4">MotelyFool Canada Ecap Test &#8212; failed</th></tr><tr class="failedeven"><td rowspan="2">com.fool.ca.ecap.EmailCap</td><td><a href="#m16">emailCapCAHome</a></td><td rowspan="1">1487766142032</td><td rowspan="1">19089</td></tr><tr class="failedeven"><td><a href="#m17">emailCapCAsplrep</a></td><td rowspan="1">1487766161121</td><td rowspan="1">6756</td></tr></tbody><tbody id="t12"><tr><th colspan="4">MotelyFool Canada Stock AdvisorTest &#8212; failed</th></tr><tr class="failedeven"><td rowspan="1">com.fool.ca.stockdvisor.Stockadvisor</td><td><a href="#m18">emailCapCAStockadvisorfrm</a></td><td rowspan="1">1487766274629</td><td rowspan="1">6092</td></tr><tr><th colspan="4">MotelyFool Canada Stock AdvisorTest &#8212; passed</th></tr><tr class="passedeven"><td rowspan="4">com.fool.ca.stockdvisor.Stockadvisor</td><td><a href="#m19">emailCapCAStockadvisor</a></td><td rowspan="1">1487766167891</td><td rowspan="1">45256</td></tr><tr class="passedeven"><td><a href="#m20">emailCapCAStockadvisoracc</a></td><td rowspan="1">1487766258981</td><td rowspan="1">15648</td></tr><tr class="passedeven"><td><a href="#m21">emailCapCAStockadvisorfaq</a></td><td rowspan="1">1487766213147</td><td rowspan="1">22925</td></tr><tr class="passedeven"><td><a href="#m22">emailCapCAStockadvisorsplrep</a></td><td rowspan="1">1487766236072</td><td rowspan="1">22909</td></tr></tbody><tbody id="t13"><tr><th colspan="4">MotelyFool Canada Create OrderTest &#8212; passed</th></tr><tr class="passedeven"><td rowspan="1">com.fool.ca.order.Createorder</td><td><a href="#m23">CAordercreate</a></td><td rowspan="1">1487766280725</td><td rowspan="1">109473</td></tr></tbody><tbody id="t14"><tr><th colspan="4">MotelyFool Singapore Create post Test &#8212; passed</th></tr><tr class="passedeven"><td rowspan="1">com.fool.sg.createpost.CreatePost</td><td><a href="#m24">messagePost</a></td><td rowspan="1">1487766390214</td><td rowspan="1">74859</td></tr></tbody><tbody id="t15"><tr><th colspan="4">MotelyFool Singapore Edit post Test &#8212; passed</th></tr><tr class="passedeven"><td rowspan="1">com.fool.sg.editpost.EditPost</td><td><a href="#m25">editingCreatedPost</a></td><td rowspan="1">1487766465073</td><td rowspan="1">80187</td></tr></tbody><tbody id="t16"><tr><th colspan="4">MotelyFool Singapore Delete post Test &#8212; passed</th></tr><tr class="passedeven"><td rowspan="1">com.fool.sg.deletepost.DeletePost</td><td><a href="#m26">deleteCreatedPost</a></td><td rowspan="1">1487766545260</td><td rowspan="1">44924</td></tr></tbody><tbody id="t17"><tr><th colspan="4">MotelyFool Singapore Ecap Test &#8212; passed</th></tr><tr class="passedeven"><td rowspan="1">com.fool.sg.ecap.EmailCap</td><td><a href="#m27">emailCapSGHome</a></td><td rowspan="1">1487766590205</td><td rowspan="1">16743</td></tr></tbody><tbody id="t18"><tr><th colspan="4">MotelyFool Germany Ecap Test &#8212; failed</th></tr><tr class="failedeven"><td rowspan="1">com.fool.GR.ecap.EmailCap</td><td><a href="#m28">emailCapGRHomepage</a></td><td rowspan="1">1487766606948</td><td rowspan="1">43015</td></tr></tbody><tbody id="t19"><tr><th colspan="4">MotelyFool United Kingdom Ecap Test &#8212; failed</th></tr><tr class="failedeven"><td rowspan="1">com.fool.UK.ecap.EmailCap</td><td><a href="#m29">emailCapGRHomepage</a></td><td rowspan="1">1487766649963</td><td rowspan="1">23407</td></tr></tbody><tbody id="t20"><tr><th colspan="4">MotelyFool Create and Verify post Test &#8212; failed</th></tr><tr class="failedeven"><td rowspan="1">com.fool.UK.createpost.CreatePost</td><td><a href="#m30">messagePost</a></td><td rowspan="1">1487766673370</td><td rowspan="1">66005</td></tr></tbody><tbody id="t21"><tr><th colspan="4">MotelyFool Edit and Verify post Test &#8212; passed</th></tr><tr class="passedeven"><td rowspan="1">com.fool.UK.editpost.EditPost</td><td><a href="#m31">editingCreatedPost</a></td><td rowspan="1">1487766739378</td><td rowspan="1">125065</td></tr></tbody><tbody id="t22"><tr><th colspan="4">MotelyFool Delete and Verify post Test &#8212; failed</th></tr><tr class="failedeven"><td rowspan="1">com.fool.UK.deletepost.DeletePost</td><td><a href="#m32">deleteCreatedPost</a></td><td rowspan="1">1487766864462</td><td rowspan="1">40107</td></tr></tbody></table><h2>MotelyFool Australia Create and Verify New Post Test</h2><h3 id="m0">com.fool.au.createpost.CreatePost#messagePost</h3><table class="result"><tr><th>Messages</th></tr><tr><td><div class="messages">Motely Fool Australia Article posted successfully</div></td></tr><tr><th>Exception</th></tr><tr><td><div class="stacktrace">org.openqa.selenium.TimeoutException: Timed out after 30 seconds waiting for visibility of element located by By.xpath: //a[text()=&apos;MotelyEdited&apos;]
Build info: version: &apos;2.35.0&apos;, revision: &apos;8df0c6b&apos;, time: &apos;2013-08-12 15:43:19&apos;
System info: os.name: &apos;Windows Server 2012 R2&apos;, os.arch: &apos;amd64&apos;, os.version: &apos;6.3&apos;, java.version: &apos;1.8.0_31&apos;
Driver info: driver.version: unknown
	at org.openqa.selenium.support.ui.FluentWait.timeoutException(FluentWait.java:259)
	at org.openqa.selenium.support.ui.FluentWait.until(FluentWait.java:228)
	at com.fool.pageobject.PageObjectModule.sync(PageObjectModule.java:89)
	at com.fool.au.createpost.CreatePost.messagePost(CreatePost.java:134)
	at sun.reflect.NativeMethodAccessorImpl.invoke0(Native Method)
	at sun.reflect.NativeMethodAccessorImpl.invoke(Unknown Source)
	at sun.reflect.DelegatingMethodAccessorImpl.invoke(Unknown Source)
	at java.lang.reflect.Method.invoke(Unknown Source)
	at org.testng.internal.MethodInvocationHelper.invokeMethod(MethodInvocationHelper.java:84)
	at org.testng.internal.Invoker.invokeMethod(Invoker.java:714)
	at org.testng.internal.Invoker.invokeTestMethod(Invoker.java:901)
	at org.testng.internal.Invoker.invokeTestMethods(Invoker.java:1231)
	at org.testng.internal.TestMethodWorker.invokeTestMethods(TestMethodWorker.java:127)
	at org.testng.internal.TestMethodWorker.run(TestMethodWorker.java:111)
	at org.testng.TestRunner.privateRun(TestRunner.java:767)
	at org.testng.TestRunner.run(TestRunner.java:617)
	at org.testng.SuiteRunner.runTest(SuiteRunner.java:334)
	at org.testng.SuiteRunner.runSequentially(SuiteRunner.java:329)
	at org.testng.SuiteRunner.privateRun(SuiteRunner.java:291)
	at org.testng.SuiteRunner.run(SuiteRunner.java:240)
	at org.testng.SuiteRunnerWorker.runSuite(SuiteRunnerWorker.java:52)
	at org.testng.SuiteRunnerWorker.run(SuiteRunnerWorker.java:86)
	at org.testng.TestNG.runSuitesSequentially(TestNG.java:1224)
	at org.testng.TestNG.runSuitesLocally(TestNG.java:1149)
	at org.testng.TestNG.run(TestNG.java:1057)
	at org.testng.remote.RemoteTestNG.run(RemoteTestNG.java:111)
	at org.testng.remote.RemoteTestNG.initAndRun(RemoteTestNG.java:204)
	at org.testng.remote.RemoteTestNG.main(RemoteTestNG.java:175)
Caused by: org.openqa.selenium.NoSuchElementException: Unable to locate element: {&quot;method&quot;:&quot;xpath&quot;,&quot;selector&quot;:&quot;//a[text()=&apos;MotelyEdited&apos;]&quot;}
Command duration or timeout: 5 milliseconds
For documentation on this error, please visit: http://seleniumhq.org/exceptions/no_such_element.html
Build info: version: &apos;2.35.0&apos;, revision: &apos;8df0c6b&apos;, time: &apos;2013-08-12 15:43:19&apos;
System info: os.name: &apos;Windows Server 2012 R2&apos;, os.arch: &apos;amd64&apos;, os.version: &apos;6.3&apos;, java.version: &apos;1.8.0_31&apos;
Driver info: org.openqa.selenium.firefox.FirefoxDriver
Capabilities [{applicationCacheEnabled=true, rotatable=false, handlesAlerts=true, databaseEnabled=true, version=25.0.1, platform=XP, browserConnectionEnabled=true, nativeEvents=true, acceptSslCerts=true, webStorageEnabled=true, locationContextEnabled=true, browserName=firefox, takesScreenshot=true, javascriptEnabled=true, cssSelectorsEnabled=true}]
Session ID: 498a6756-6acf-44cc-a0d0-6b240be9f7e4
	at sun.reflect.GeneratedConstructorAccessor35.newInstance(Unknown Source)
	at sun.reflect.DelegatingConstructorAccessorImpl.newInstance(Unknown Source)
	at java.lang.reflect.Constructor.newInstance(Unknown Source)
	at org.openqa.selenium.remote.ErrorHandler.createThrowable(ErrorHandler.java:191)
	at org.openqa.selenium.remote.ErrorHandler.throwIfResponseFailed(ErrorHandler.java:145)
	at org.openqa.selenium.remote.RemoteWebDriver.execute(RemoteWebDriver.java:554)
	at org.openqa.selenium.remote.RemoteWebDriver.findElement(RemoteWebDriver.java:307)
	at org.openqa.selenium.remote.RemoteWebDriver.findElementByXPath(RemoteWebDriver.java:404)
	at org.openqa.selenium.By$ByXPath.findElement(By.java:344)
	at org.openqa.selenium.remote.RemoteWebDriver.findElement(RemoteWebDriver.java:299)
	at org.openqa.selenium.support.ui.ExpectedConditions.findElement(ExpectedConditions.java:579)
	at org.openqa.selenium.support.ui.ExpectedConditions.access$0(ExpectedConditions.java:577)
	at org.openqa.selenium.support.ui.ExpectedConditions$4.apply(ExpectedConditions.java:130)
	at org.openqa.selenium.support.ui.ExpectedConditions$4.apply(ExpectedConditions.java:1)
	at org.openqa.selenium.support.ui.FluentWait.until(FluentWait.java:208)
	... 26 more
Caused by: org.openqa.selenium.remote.ErrorHandler$UnknownServerException: Unable to locate element: {&quot;method&quot;:&quot;xpath&quot;,&quot;selector&quot;:&quot;//a[text()=&apos;MotelyEdited&apos;]&quot;}
Build info: version: &apos;2.35.0&apos;, revision: &apos;8df0c6b&apos;, time: &apos;2013-08-12 15:43:19&apos;
System info: os.name: &apos;Windows Server 2012 R2&apos;, os.arch: &apos;amd64&apos;, os.version: &apos;6.3&apos;, java.version: &apos;1.8.0_31&apos;
Driver info: driver.version: unknown
	at &lt;anonymous class&gt;.FirefoxDriver.prototype.findElementInternal_(file:///C:/Users/SHIVAK~1/AppData/Local/Temp/4/anonymous1312585041699480686webdriver-profile/extensions/fxdriver@googlecode.com/components/driver_component.js:8880)
	at &lt;anonymous class&gt;.FirefoxDriver.prototype.findElement(file:///C:/Users/SHIVAK~1/AppData/Local/Temp/4/anonymous1312585041699480686webdriver-profile/extensions/fxdriver@googlecode.com/components/driver_component.js:8889)
	at &lt;anonymous class&gt;.DelayedCommand.prototype.executeInternal_/h(file:///C:/Users/SHIVAK~1/AppData/Local/Temp/4/anonymous1312585041699480686webdriver-profile/extensions/fxdriver@googlecode.com/components/command_processor.js:10817)
	at &lt;anonymous class&gt;.DelayedCommand.prototype.executeInternal_(file:///C:/Users/SHIVAK~1/AppData/Local/Temp/4/anonymous1312585041699480686webdriver-profile/extensions/fxdriver@googlecode.com/components/command_processor.js:10822)
	at &lt;anonymous class&gt;.DelayedCommand.prototype.execute/&lt;(file:///C:/Users/SHIVAK~1/AppData/Local/Temp/4/anonymous1312585041699480686webdriver-profile/extensions/fxdriver@googlecode.com/components/command_processor.js:10764)
</div></td></tr></table><p class="totop"><a href="#summary">back to summary</a></p><h2>MotelyFool Australia Edit and Verify Post Test</h2><h3 id="m1">com.fool.au.editpost.EditPost#editingPost</h3><table class="result"><tr><th>Messages</th></tr><tr><td><div class="messages">Motely Fool Australia Article is Edited successfully</div></td></tr><tr><th>Exception</th></tr><tr><td><div class="stacktrace">org.openqa.selenium.TimeoutException: Timed out after 30 seconds waiting for visibility of element located by By.xpath: //a[text()=&apos;TestingMotely&apos;]
Build info: version: &apos;2.35.0&apos;, revision: &apos;8df0c6b&apos;, time: &apos;2013-08-12 15:43:19&apos;
System info: os.name: &apos;Windows Server 2012 R2&apos;, os.arch: &apos;amd64&apos;, os.version: &apos;6.3&apos;, java.version: &apos;1.8.0_31&apos;
Driver info: driver.version: unknown
	at org.openqa.selenium.support.ui.FluentWait.timeoutException(FluentWait.java:259)
	at org.openqa.selenium.support.ui.FluentWait.until(FluentWait.java:228)
	at com.fool.pageobject.PageObjectModule.sync(PageObjectModule.java:89)
	at com.fool.au.editpost.EditPost.editingPost(EditPost.java:131)
	at sun.reflect.NativeMethodAccessorImpl.invoke0(Native Method)
	at sun.reflect.NativeMethodAccessorImpl.invoke(Unknown Source)
	at sun.reflect.DelegatingMethodAccessorImpl.invoke(Unknown Source)
	at java.lang.reflect.Method.invoke(Unknown Source)
	at org.testng.internal.MethodInvocationHelper.invokeMethod(MethodInvocationHelper.java:84)
	at org.testng.internal.Invoker.invokeMethod(Invoker.java:714)
	at org.testng.internal.Invoker.invokeTestMethod(Invoker.java:901)
	at org.testng.internal.Invoker.invokeTestMethods(Invoker.java:1231)
	at org.testng.internal.TestMethodWorker.invokeTestMethods(TestMethodWorker.java:127)
	at org.testng.internal.TestMethodWorker.run(TestMethodWorker.java:111)
	at org.testng.TestRunner.privateRun(TestRunner.java:767)
	at org.testng.TestRunner.run(TestRunner.java:617)
	at org.testng.SuiteRunner.runTest(SuiteRunner.java:334)
	at org.testng.SuiteRunner.runSequentially(SuiteRunner.java:329)
	at org.testng.SuiteRunner.privateRun(SuiteRunner.java:291)
	at org.testng.SuiteRunner.run(SuiteRunner.java:240)
	at org.testng.SuiteRunnerWorker.runSuite(SuiteRunnerWorker.java:52)
	at org.testng.SuiteRunnerWorker.run(SuiteRunnerWorker.java:86)
	at org.testng.TestNG.runSuitesSequentially(TestNG.java:1224)
	at org.testng.TestNG.runSuitesLocally(TestNG.java:1149)
	at org.testng.TestNG.run(TestNG.java:1057)
	at org.testng.remote.RemoteTestNG.run(RemoteTestNG.java:111)
	at org.testng.remote.RemoteTestNG.initAndRun(RemoteTestNG.java:204)
	at org.testng.remote.RemoteTestNG.main(RemoteTestNG.java:175)
Caused by: org.openqa.selenium.NoSuchElementException: Unable to locate element: {&quot;method&quot;:&quot;xpath&quot;,&quot;selector&quot;:&quot;//a[text()=&apos;TestingMotely&apos;]&quot;}
Command duration or timeout: 18 milliseconds
For documentation on this error, please visit: http://seleniumhq.org/exceptions/no_such_element.html
Build info: version: &apos;2.35.0&apos;, revision: &apos;8df0c6b&apos;, time: &apos;2013-08-12 15:43:19&apos;
System info: os.name: &apos;Windows Server 2012 R2&apos;, os.arch: &apos;amd64&apos;, os.version: &apos;6.3&apos;, java.version: &apos;1.8.0_31&apos;
Driver info: org.openqa.selenium.firefox.FirefoxDriver
Capabilities [{applicationCacheEnabled=true, rotatable=false, handlesAlerts=true, databaseEnabled=true, version=25.0.1, platform=XP, browserConnectionEnabled=true, nativeEvents=true, acceptSslCerts=true, webStorageEnabled=true, locationContextEnabled=true, browserName=firefox, takesScreenshot=true, javascriptEnabled=true, cssSelectorsEnabled=true}]
Session ID: 3d97a1b4-8836-4e66-97e2-b8871e248400
	at sun.reflect.GeneratedConstructorAccessor35.newInstance(Unknown Source)
	at sun.reflect.DelegatingConstructorAccessorImpl.newInstance(Unknown Source)
	at java.lang.reflect.Constructor.newInstance(Unknown Source)
	at org.openqa.selenium.remote.ErrorHandler.createThrowable(ErrorHandler.java:191)
	at org.openqa.selenium.remote.ErrorHandler.throwIfResponseFailed(ErrorHandler.java:145)
	at org.openqa.selenium.remote.RemoteWebDriver.execute(RemoteWebDriver.java:554)
	at org.openqa.selenium.remote.RemoteWebDriver.findElement(RemoteWebDriver.java:307)
	at org.openqa.selenium.remote.RemoteWebDriver.findElementByXPath(RemoteWebDriver.java:404)
	at org.openqa.selenium.By$ByXPath.findElement(By.java:344)
	at org.openqa.selenium.remote.RemoteWebDriver.findElement(RemoteWebDriver.java:299)
	at org.openqa.selenium.support.ui.ExpectedConditions.findElement(ExpectedConditions.java:579)
	at org.openqa.selenium.support.ui.ExpectedConditions.access$0(ExpectedConditions.java:577)
	at org.openqa.selenium.support.ui.ExpectedConditions$4.apply(ExpectedConditions.java:130)
	at org.openqa.selenium.support.ui.ExpectedConditions$4.apply(ExpectedConditions.java:1)
	at org.openqa.selenium.support.ui.FluentWait.until(FluentWait.java:208)
	... 26 more
Caused by: org.openqa.selenium.remote.ErrorHandler$UnknownServerException: Unable to locate element: {&quot;method&quot;:&quot;xpath&quot;,&quot;selector&quot;:&quot;//a[text()=&apos;TestingMotely&apos;]&quot;}
Build info: version: &apos;2.35.0&apos;, revision: &apos;8df0c6b&apos;, time: &apos;2013-08-12 15:43:19&apos;
System info: os.name: &apos;Windows Server 2012 R2&apos;, os.arch: &apos;amd64&apos;, os.version: &apos;6.3&apos;, java.version: &apos;1.8.0_31&apos;
Driver info: driver.version: unknown
	at &lt;anonymous class&gt;.FirefoxDriver.prototype.findElementInternal_(file:///C:/Users/SHIVAK~1/AppData/Local/Temp/4/anonymous7749373095288952984webdriver-profile/extensions/fxdriver@googlecode.com/components/driver_component.js:8880)
	at &lt;anonymous class&gt;.FirefoxDriver.prototype.findElement(file:///C:/Users/SHIVAK~1/AppData/Local/Temp/4/anonymous7749373095288952984webdriver-profile/extensions/fxdriver@googlecode.com/components/driver_component.js:8889)
	at &lt;anonymous class&gt;.DelayedCommand.prototype.executeInternal_/h(file:///C:/Users/SHIVAK~1/AppData/Local/Temp/4/anonymous7749373095288952984webdriver-profile/extensions/fxdriver@googlecode.com/components/command_processor.js:10817)
	at &lt;anonymous class&gt;.DelayedCommand.prototype.executeInternal_(file:///C:/Users/SHIVAK~1/AppData/Local/Temp/4/anonymous7749373095288952984webdriver-profile/extensions/fxdriver@googlecode.com/components/command_processor.js:10822)
	at &lt;anonymous class&gt;.DelayedCommand.prototype.execute/&lt;(file:///C:/Users/SHIVAK~1/AppData/Local/Temp/4/anonymous7749373095288952984webdriver-profile/extensions/fxdriver@googlecode.com/components/command_processor.js:10764)
</div></td></tr></table><p class="totop"><a href="#summary">back to summary</a></p><h2>MotelyFool Australia Delete and Verify Post Test</h2><h3 id="m2">com.fool.au.deletepost.DeletePost#deleteCreatedPost</h3><table class="result"><tr><th>Messages</th></tr><tr><td><div class="messages">Motely Fool Australia Article Deletion Verified successfully</div></td></tr></table><p class="totop"><a href="#summary">back to summary</a></p><h2>MotelyFool Australia ProTest</h2><h3 id="m3">com.fool.au.pro.AuPro#emailAuPro</h3><table class="result"><tr><th>Messages</th></tr><tr><td><div class="messages">Motley Fool Pro Page Title Verified<br/>Motley Fool Pro » All Coverage Page Title Verified<br/>Motley Fool Pro » All Coverage Page Header Verified<br/>Motley Fool Pro » Updates Page Title Verified<br/>Updates Page Header Verified<br/>Motley Fool Pro » Recommendations Page Title Verified<br/>Trade Alerts Page Header Verified<br/>Motley Fool Pro » Multimedia Page Title Verified<br/>Multimedia Page Header Verified<br/>Motley Fool Pro » Portfolio Page Title Verified<br/>Portfolio Page Header Verified<br/>Motley Fool Pro » Forums Page Title Verified<br/>Forums Page Header Verified<br/>Motley Fool Pro » Topics Page Title Verified<br/>Topics Page Header Verified<br/>Motley Fool Pro » Forum: General Investing Page Title Verified<br/>General Investing Page Header Verified<br/>Motley Fool Pro » Forum: Foolish Banter! Page Title Verified<br/>Foolish Banter Page Header Verified<br/>Motley Fool Pro » Forum: Help Page Title Verified<br/>Help Page Header Verified<br/>Motley Fool Pro » Guidebook Page Title Verified<br/>Guidebook Page Header Verified<br/>Motley Fool Pro » Getting Started With Pro Page Title Verified<br/>Getting Started With Pro Page Header Verified<br/>Motley Fool Pro » Pro Philosophy Page Title Verified<br/>Pro Philosophy Page Header Verified<br/>Motley Fool Pro » Meet the Team Page Title Verified<br/>Meet the Team Page Header Verified<br/>Motley Fool Pro » FAQ Page Title Verified<br/>FAQ Page Header Verified<br/>Au Pro Search Field Test Passed</div></td></tr></table><p class="totop"><a href="#summary">back to summary</a></p><h2>MotelyFool Australia Hidden GemsTest</h2><h3 id="m4">com.fool.au.hiddengems.HiddenGems#hiddenGemsHome</h3><table class="result"><tr><th>Messages</th></tr><tr><td><div class="messages">Motley Fool Hidden Gems Recommendations Test Passed<br/>Motley Fool Hidden Gems Updates Test Passed<br/>Motley Fool Hidden Gems Scorecard Test Passed</div></td></tr></table><p class="totop"><a href="#summary">back to summary</a></p><h2>MotelyFool Australia Share AdvisorTest</h2><h3 id="m5">com.fool.au.shareadvisor.Shareadvisornew#AUShareadvisorFRM</h3><table class="result"><tr><th>Messages</th></tr><tr><td><div class="messages">Motley Fool Share Advisor » Forums Page Title Verified<br/>Motley Fool Share Advisor » Forum: General Investing Page Title Verified<br/>Motley Fool Share Advisor » Forum: Foolish Banter! Page Title Verified<br/>Motley Fool Share Advisor » Forum: Account / Site Help Page Title Verified<br/>Manage Account | Motley Fool Australia Page Title Verified</div></td></tr></table><p class="totop"><a href="#summary">back to summary</a></p><h3 id="m6">com.fool.au.shareadvisor.Shareadvisornew#AUShareadvisorHome</h3><table class="result"><tr><th>Messages</th></tr><tr><td><div class="messages">Motley Fool Share Advisor Page Title Verified</div></td></tr></table><p class="totop"><a href="#summary">back to summary</a></p><h3 id="m7">com.fool.au.shareadvisor.Shareadvisornew#AUShareadvisorREC</h3><table class="result"><tr><th>Messages</th></tr><tr><td><div class="messages">Motley Fool Share Advisor » Recommendations Page Title Verified</div></td></tr></table><p class="totop"><a href="#summary">back to summary</a></p><h3 id="m8">com.fool.au.shareadvisor.Shareadvisornew#AUShareadvisorSCR</h3><table class="result"><tr><th>Messages</th></tr><tr><td><div class="messages">Motley Fool Share Advisor » Share Advisor Scorecard Page Title Verified</div></td></tr></table><p class="totop"><a href="#summary">back to summary</a></p><h3 id="m9">com.fool.au.shareadvisor.Shareadvisornew#AUShareadvisorUPD</h3><table class="result"><tr><th>Messages</th></tr><tr><td><div class="messages">Motley Fool Share Advisor » All Share Advisor Coverage Page Title Verified<br/>Motley Fool Share Advisor » Share Advisor Updates Page Title Verified<br/>Motley Fool Share Advisor » Best Buys Now Page Title Verified<br/>Motley Fool Share Advisor » Stocks On Our Radar Page Title Verified<br/>Motley Fool Share Advisor » Multi-media Page Title Verified<br/>Motley Fool Share Advisor » Income Extra Page Title Verified<br/>Motley Fool Share Advisor » 10% Promise Page Title Verified<br/>Motley Fool Share Advisor » How To Invest Foolishly Page Title Verified<br/>Motley Fool Share Advisor » New Member Centre Page Title Verified<br/>Motley Fool Share Advisor » Frequently Asked Questions Page Title Verified</div></td></tr></table><p class="totop"><a href="#summary">back to summary</a></p><h2>MotelyFool Australia Ecap Test</h2><h3 id="m10">com.fool.au.ecap.EmailCap#emailCapAUHomepage</h3><table class="result"><tr><th>Exception</th></tr><tr><td><div class="stacktrace">org.openqa.selenium.TimeoutException: Timed out after 30 seconds waiting for visibility of element located by By.xpath: //h2[text()=&apos;The Motley Fool’s Top Stock for 2016&apos;]
Build info: version: &apos;2.35.0&apos;, revision: &apos;8df0c6b&apos;, time: &apos;2013-08-12 15:43:19&apos;
System info: os.name: &apos;Windows Server 2012 R2&apos;, os.arch: &apos;amd64&apos;, os.version: &apos;6.3&apos;, java.version: &apos;1.8.0_31&apos;
Driver info: driver.version: unknown
	at org.openqa.selenium.support.ui.FluentWait.timeoutException(FluentWait.java:259)
	at org.openqa.selenium.support.ui.FluentWait.until(FluentWait.java:228)
	at com.fool.pageobject.PageObjectModule.sync(PageObjectModule.java:89)
	at com.fool.au.ecap.EmailCap.emailCapAUHomepage(EmailCap.java:37)
	at sun.reflect.NativeMethodAccessorImpl.invoke0(Native Method)
	at sun.reflect.NativeMethodAccessorImpl.invoke(Unknown Source)
	at sun.reflect.DelegatingMethodAccessorImpl.invoke(Unknown Source)
	at java.lang.reflect.Method.invoke(Unknown Source)
	at org.testng.internal.MethodInvocationHelper.invokeMethod(MethodInvocationHelper.java:84)
	at org.testng.internal.Invoker.invokeMethod(Invoker.java:714)
	at org.testng.internal.Invoker.invokeTestMethod(Invoker.java:901)
	at org.testng.internal.Invoker.invokeTestMethods(Invoker.java:1231)
	at org.testng.internal.TestMethodWorker.invokeTestMethods(TestMethodWorker.java:127)
	at org.testng.internal.TestMethodWorker.run(TestMethodWorker.java:111)
	at org.testng.TestRunner.privateRun(TestRunner.java:767)
	at org.testng.TestRunner.run(TestRunner.java:617)
	at org.testng.SuiteRunner.runTest(SuiteRunner.java:334)
	at org.testng.SuiteRunner.runSequentially(SuiteRunner.java:329)
	at org.testng.SuiteRunner.privateRun(SuiteRunner.java:291)
	at org.testng.SuiteRunner.run(SuiteRunner.java:240)
	at org.testng.SuiteRunnerWorker.runSuite(SuiteRunnerWorker.java:52)
	at org.testng.SuiteRunnerWorker.run(SuiteRunnerWorker.java:86)
	at org.testng.TestNG.runSuitesSequentially(TestNG.java:1224)
	at org.testng.TestNG.runSuitesLocally(TestNG.java:1149)
	at org.testng.TestNG.run(TestNG.java:1057)
	at org.testng.remote.RemoteTestNG.run(RemoteTestNG.java:111)
	at org.testng.remote.RemoteTestNG.initAndRun(RemoteTestNG.java:204)
	at org.testng.remote.RemoteTestNG.main(RemoteTestNG.java:175)
Caused by: org.openqa.selenium.NoSuchElementException: Unable to locate element: {&quot;method&quot;:&quot;xpath&quot;,&quot;selector&quot;:&quot;//h2[text()=&apos;The Motley Fool’s Top Stock for 2016&apos;]&quot;}
Command duration or timeout: 0 milliseconds
For documentation on this error, please visit: http://seleniumhq.org/exceptions/no_such_element.html
Build info: version: &apos;2.35.0&apos;, revision: &apos;8df0c6b&apos;, time: &apos;2013-08-12 15:43:19&apos;
System info: os.name: &apos;Windows Server 2012 R2&apos;, os.arch: &apos;amd64&apos;, os.version: &apos;6.3&apos;, java.version: &apos;1.8.0_31&apos;
Driver info: org.openqa.selenium.firefox.FirefoxDriver
Capabilities [{applicationCacheEnabled=true, rotatable=false, handlesAlerts=true, databaseEnabled=true, version=25.0.1, platform=XP, browserConnectionEnabled=true, nativeEvents=true, acceptSslCerts=true, webStorageEnabled=true, locationContextEnabled=true, browserName=firefox, takesScreenshot=true, javascriptEnabled=true, cssSelectorsEnabled=true}]
Session ID: 2e456ce0-5469-4109-8a60-f6b68a235f18
	at sun.reflect.GeneratedConstructorAccessor35.newInstance(Unknown Source)
	at sun.reflect.DelegatingConstructorAccessorImpl.newInstance(Unknown Source)
	at java.lang.reflect.Constructor.newInstance(Unknown Source)
	at org.openqa.selenium.remote.ErrorHandler.createThrowable(ErrorHandler.java:191)
	at org.openqa.selenium.remote.ErrorHandler.throwIfResponseFailed(ErrorHandler.java:145)
	at org.openqa.selenium.remote.RemoteWebDriver.execute(RemoteWebDriver.java:554)
	at org.openqa.selenium.remote.RemoteWebDriver.findElement(RemoteWebDriver.java:307)
	at org.openqa.selenium.remote.RemoteWebDriver.findElementByXPath(RemoteWebDriver.java:404)
	at org.openqa.selenium.By$ByXPath.findElement(By.java:344)
	at org.openqa.selenium.remote.RemoteWebDriver.findElement(RemoteWebDriver.java:299)
	at org.openqa.selenium.support.ui.ExpectedConditions.findElement(ExpectedConditions.java:579)
	at org.openqa.selenium.support.ui.ExpectedConditions.access$0(ExpectedConditions.java:577)
	at org.openqa.selenium.support.ui.ExpectedConditions$4.apply(ExpectedConditions.java:130)
	at org.openqa.selenium.support.ui.ExpectedConditions$4.apply(ExpectedConditions.java:1)
	at org.openqa.selenium.support.ui.FluentWait.until(FluentWait.java:208)
	... 26 more
Caused by: org.openqa.selenium.remote.ErrorHandler$UnknownServerException: Unable to locate element: {&quot;method&quot;:&quot;xpath&quot;,&quot;selector&quot;:&quot;//h2[text()=&apos;The Motley Fool’s Top Stock for 2016&apos;]&quot;}
Build info: version: &apos;2.35.0&apos;, revision: &apos;8df0c6b&apos;, time: &apos;2013-08-12 15:43:19&apos;
System info: os.name: &apos;Windows Server 2012 R2&apos;, os.arch: &apos;amd64&apos;, os.version: &apos;6.3&apos;, java.version: &apos;1.8.0_31&apos;
Driver info: driver.version: unknown
	at &lt;anonymous class&gt;.FirefoxDriver.prototype.findElementInternal_(file:///C:/Users/SHIVAK~1/AppData/Local/Temp/4/anonymous2252150047517001642webdriver-profile/extensions/fxdriver@googlecode.com/components/driver_component.js:8880)
	at &lt;anonymous class&gt;.FirefoxDriver.prototype.findElement(file:///C:/Users/SHIVAK~1/AppData/Local/Temp/4/anonymous2252150047517001642webdriver-profile/extensions/fxdriver@googlecode.com/components/driver_component.js:8889)
	at &lt;anonymous class&gt;.DelayedCommand.prototype.executeInternal_/h(file:///C:/Users/SHIVAK~1/AppData/Local/Temp/4/anonymous2252150047517001642webdriver-profile/extensions/fxdriver@googlecode.com/components/command_processor.js:10817)
	at &lt;anonymous class&gt;.DelayedCommand.prototype.executeInternal_(file:///C:/Users/SHIVAK~1/AppData/Local/Temp/4/anonymous2252150047517001642webdriver-profile/extensions/fxdriver@googlecode.com/components/command_processor.js:10822)
	at &lt;anonymous class&gt;.DelayedCommand.prototype.execute/&lt;(file:///C:/Users/SHIVAK~1/AppData/Local/Temp/4/anonymous2252150047517001642webdriver-profile/extensions/fxdriver@googlecode.com/components/command_processor.js:10764)
</div></td></tr></table><p class="totop"><a href="#summary">back to summary</a></p><h3 id="m11">com.fool.au.ecap.EmailCap#emailCapAUSplRep</h3><table class="result"><tr><th>Messages</th></tr><tr><td><div class="messages">Motley Fool Australia Special Report Ecap Test Passed</div></td></tr></table><p class="totop"><a href="#summary">back to summary</a></p><h2>MotelyFool AU Create order</h2><h3 id="m12">com.fool.au.order.Createorder#auordercreate</h3><table class="result"><tr><th>Messages</th></tr><tr><td><div class="messages">Motley Fool Share Advisor Account Creation Test Passed</div></td></tr></table><p class="totop"><a href="#summary">back to summary</a></p><h2>MotelyFool Canada Create and Verify New Post Test</h2><h3 id="m13">com.fool.ca.createpost.CreatePost#messagePost</h3><table class="result"><tr><th>Messages</th></tr><tr><td><div class="messages">Motely Fool Canada Article posted successfully</div></td></tr><tr><th>Exception</th></tr><tr><td><div class="stacktrace">org.openqa.selenium.TimeoutException: Timed out after 30 seconds waiting for visibility of element located by By.xpath: //a[text()=&apos;MotelyEdited&apos;]
Build info: version: &apos;2.35.0&apos;, revision: &apos;8df0c6b&apos;, time: &apos;2013-08-12 15:43:19&apos;
System info: os.name: &apos;Windows Server 2012 R2&apos;, os.arch: &apos;amd64&apos;, os.version: &apos;6.3&apos;, java.version: &apos;1.8.0_31&apos;
Driver info: driver.version: unknown
	at org.openqa.selenium.support.ui.FluentWait.timeoutException(FluentWait.java:259)
	at org.openqa.selenium.support.ui.FluentWait.until(FluentWait.java:228)
	at com.fool.pageobject.PageObjectModule.sync(PageObjectModule.java:89)
	at com.fool.ca.createpost.CreatePost.messagePost(CreatePost.java:130)
	at sun.reflect.NativeMethodAccessorImpl.invoke0(Native Method)
	at sun.reflect.NativeMethodAccessorImpl.invoke(Unknown Source)
	at sun.reflect.DelegatingMethodAccessorImpl.invoke(Unknown Source)
	at java.lang.reflect.Method.invoke(Unknown Source)
	at org.testng.internal.MethodInvocationHelper.invokeMethod(MethodInvocationHelper.java:84)
	at org.testng.internal.Invoker.invokeMethod(Invoker.java:714)
	at org.testng.internal.Invoker.invokeTestMethod(Invoker.java:901)
	at org.testng.internal.Invoker.invokeTestMethods(Invoker.java:1231)
	at org.testng.internal.TestMethodWorker.invokeTestMethods(TestMethodWorker.java:127)
	at org.testng.internal.TestMethodWorker.run(TestMethodWorker.java:111)
	at org.testng.TestRunner.privateRun(TestRunner.java:767)
	at org.testng.TestRunner.run(TestRunner.java:617)
	at org.testng.SuiteRunner.runTest(SuiteRunner.java:334)
	at org.testng.SuiteRunner.runSequentially(SuiteRunner.java:329)
	at org.testng.SuiteRunner.privateRun(SuiteRunner.java:291)
	at org.testng.SuiteRunner.run(SuiteRunner.java:240)
	at org.testng.SuiteRunnerWorker.runSuite(SuiteRunnerWorker.java:52)
	at org.testng.SuiteRunnerWorker.run(SuiteRunnerWorker.java:86)
	at org.testng.TestNG.runSuitesSequentially(TestNG.java:1224)
	at org.testng.TestNG.runSuitesLocally(TestNG.java:1149)
	at org.testng.TestNG.run(TestNG.java:1057)
	at org.testng.remote.RemoteTestNG.run(RemoteTestNG.java:111)
	at org.testng.remote.RemoteTestNG.initAndRun(RemoteTestNG.java:204)
	at org.testng.remote.RemoteTestNG.main(RemoteTestNG.java:175)
Caused by: org.openqa.selenium.NoSuchElementException: Unable to locate element: {&quot;method&quot;:&quot;xpath&quot;,&quot;selector&quot;:&quot;//a[text()=&apos;MotelyEdited&apos;]&quot;}
Command duration or timeout: 5 milliseconds
For documentation on this error, please visit: http://seleniumhq.org/exceptions/no_such_element.html
Build info: version: &apos;2.35.0&apos;, revision: &apos;8df0c6b&apos;, time: &apos;2013-08-12 15:43:19&apos;
System info: os.name: &apos;Windows Server 2012 R2&apos;, os.arch: &apos;amd64&apos;, os.version: &apos;6.3&apos;, java.version: &apos;1.8.0_31&apos;
Driver info: org.openqa.selenium.firefox.FirefoxDriver
Capabilities [{applicationCacheEnabled=true, rotatable=false, handlesAlerts=true, databaseEnabled=true, version=25.0.1, platform=XP, browserConnectionEnabled=true, nativeEvents=true, acceptSslCerts=true, webStorageEnabled=true, locationContextEnabled=true, browserName=firefox, takesScreenshot=true, javascriptEnabled=true, cssSelectorsEnabled=true}]
Session ID: 17457d6b-e1e0-4a8d-ae7c-84a3316731d8
	at sun.reflect.GeneratedConstructorAccessor35.newInstance(Unknown Source)
	at sun.reflect.DelegatingConstructorAccessorImpl.newInstance(Unknown Source)
	at java.lang.reflect.Constructor.newInstance(Unknown Source)
	at org.openqa.selenium.remote.ErrorHandler.createThrowable(ErrorHandler.java:191)
	at org.openqa.selenium.remote.ErrorHandler.throwIfResponseFailed(ErrorHandler.java:145)
	at org.openqa.selenium.remote.RemoteWebDriver.execute(RemoteWebDriver.java:554)
	at org.openqa.selenium.remote.RemoteWebDriver.findElement(RemoteWebDriver.java:307)
	at org.openqa.selenium.remote.RemoteWebDriver.findElementByXPath(RemoteWebDriver.java:404)
	at org.openqa.selenium.By$ByXPath.findElement(By.java:344)
	at org.openqa.selenium.remote.RemoteWebDriver.findElement(RemoteWebDriver.java:299)
	at org.openqa.selenium.support.ui.ExpectedConditions.findElement(ExpectedConditions.java:579)
	at org.openqa.selenium.support.ui.ExpectedConditions.access$0(ExpectedConditions.java:577)
	at org.openqa.selenium.support.ui.ExpectedConditions$4.apply(ExpectedConditions.java:130)
	at org.openqa.selenium.support.ui.ExpectedConditions$4.apply(ExpectedConditions.java:1)
	at org.openqa.selenium.support.ui.FluentWait.until(FluentWait.java:208)
	... 26 more
Caused by: org.openqa.selenium.remote.ErrorHandler$UnknownServerException: Unable to locate element: {&quot;method&quot;:&quot;xpath&quot;,&quot;selector&quot;:&quot;//a[text()=&apos;MotelyEdited&apos;]&quot;}
Build info: version: &apos;2.35.0&apos;, revision: &apos;8df0c6b&apos;, time: &apos;2013-08-12 15:43:19&apos;
System info: os.name: &apos;Windows Server 2012 R2&apos;, os.arch: &apos;amd64&apos;, os.version: &apos;6.3&apos;, java.version: &apos;1.8.0_31&apos;
Driver info: driver.version: unknown
	at &lt;anonymous class&gt;.FirefoxDriver.prototype.findElementInternal_(file:///C:/Users/SHIVAK~1/AppData/Local/Temp/4/anonymous805176209671216252webdriver-profile/extensions/fxdriver@googlecode.com/components/driver_component.js:8880)
	at &lt;anonymous class&gt;.FirefoxDriver.prototype.findElement(file:///C:/Users/SHIVAK~1/AppData/Local/Temp/4/anonymous805176209671216252webdriver-profile/extensions/fxdriver@googlecode.com/components/driver_component.js:8889)
	at &lt;anonymous class&gt;.DelayedCommand.prototype.executeInternal_/h(file:///C:/Users/SHIVAK~1/AppData/Local/Temp/4/anonymous805176209671216252webdriver-profile/extensions/fxdriver@googlecode.com/components/command_processor.js:10817)
	at &lt;anonymous class&gt;.DelayedCommand.prototype.executeInternal_(file:///C:/Users/SHIVAK~1/AppData/Local/Temp/4/anonymous805176209671216252webdriver-profile/extensions/fxdriver@googlecode.com/components/command_processor.js:10822)
	at &lt;anonymous class&gt;.DelayedCommand.prototype.execute/&lt;(file:///C:/Users/SHIVAK~1/AppData/Local/Temp/4/anonymous805176209671216252webdriver-profile/extensions/fxdriver@googlecode.com/components/command_processor.js:10764)
</div></td></tr></table><p class="totop"><a href="#summary">back to summary</a></p><h2>MotelyFool Canada Edit and Verify Post Test</h2><h3 id="m14">com.fool.ca.editpost.EditPost#editingCreatedPost</h3><table class="result"></table><p class="totop"><a href="#summary">back to summary</a></p><h2>MotelyFool Canada Delete and Verify Post Test</h2><h3 id="m15">com.fool.ca.deletepost.DeletePost#deleteCreatedPost</h3><table class="result"><tr><th>Messages</th></tr><tr><td><div class="messages">Motely Fool Canada Article Deletion Verified successfully</div></td></tr></table><p class="totop"><a href="#summary">back to summary</a></p><h2>MotelyFool Canada Ecap Test</h2><h3 id="m16">com.fool.ca.ecap.EmailCap#emailCapCAHome</h3><table class="result"><tr><th>Messages</th></tr><tr><td><div class="messages">Motley Fool Canada Home Ecap Test Failed</div></td></tr><tr><th>Exception</th></tr><tr><td><div class="stacktrace">java.lang.AssertionError: expected [false] but found [true]
	at org.testng.Assert.fail(Assert.java:94)
	at org.testng.Assert.failNotEquals(Assert.java:494)
	at org.testng.Assert.assertFalse(Assert.java:63)
	at org.testng.Assert.assertFalse(Assert.java:73)
	at com.fool.ca.ecap.EmailCap.emailCapCAHome(EmailCap.java:44)
	at sun.reflect.NativeMethodAccessorImpl.invoke0(Native Method)
	at sun.reflect.NativeMethodAccessorImpl.invoke(Unknown Source)
	at sun.reflect.DelegatingMethodAccessorImpl.invoke(Unknown Source)
	at java.lang.reflect.Method.invoke(Unknown Source)
	at org.testng.internal.MethodInvocationHelper.invokeMethod(MethodInvocationHelper.java:84)
	at org.testng.internal.Invoker.invokeMethod(Invoker.java:714)
	at org.testng.internal.Invoker.invokeTestMethod(Invoker.java:901)
	at org.testng.internal.Invoker.invokeTestMethods(Invoker.java:1231)
	at org.testng.internal.TestMethodWorker.invokeTestMethods(TestMethodWorker.java:127)
	at org.testng.internal.TestMethodWorker.run(TestMethodWorker.java:111)
	at org.testng.TestRunner.privateRun(TestRunner.java:767)
	at org.testng.TestRunner.run(TestRunner.java:617)
	at org.testng.SuiteRunner.runTest(SuiteRunner.java:334)
	at org.testng.SuiteRunner.runSequentially(SuiteRunner.java:329)
	at org.testng.SuiteRunner.privateRun(SuiteRunner.java:291)
	at org.testng.SuiteRunner.run(SuiteRunner.java:240)
	at org.testng.SuiteRunnerWorker.runSuite(SuiteRunnerWorker.java:52)
	at org.testng.SuiteRunnerWorker.run(SuiteRunnerWorker.java:86)
	at org.testng.TestNG.runSuitesSequentially(TestNG.java:1224)
	at org.testng.TestNG.runSuitesLocally(TestNG.java:1149)
	at org.testng.TestNG.run(TestNG.java:1057)
	at org.testng.remote.RemoteTestNG.run(RemoteTestNG.java:111)
	at org.testng.remote.RemoteTestNG.initAndRun(RemoteTestNG.java:204)
	at org.testng.remote.RemoteTestNG.main(RemoteTestNG.java:175)
</div></td></tr></table><p class="totop"><a href="#summary">back to summary</a></p><h3 id="m17">com.fool.ca.ecap.EmailCap#emailCapCAsplrep</h3><table class="result"><tr><th>Exception</th></tr><tr><td><div class="stacktrace">java.lang.AssertionError: expected [false] but found [true]
	at org.testng.Assert.fail(Assert.java:94)
	at org.testng.Assert.failNotEquals(Assert.java:494)
	at org.testng.Assert.assertFalse(Assert.java:63)
	at org.testng.Assert.assertFalse(Assert.java:73)
	at com.fool.ca.ecap.EmailCap.emailCapCAsplrep(EmailCap.java:95)
	at sun.reflect.NativeMethodAccessorImpl.invoke0(Native Method)
	at sun.reflect.NativeMethodAccessorImpl.invoke(Unknown Source)
	at sun.reflect.DelegatingMethodAccessorImpl.invoke(Unknown Source)
	at java.lang.reflect.Method.invoke(Unknown Source)
	at org.testng.internal.MethodInvocationHelper.invokeMethod(MethodInvocationHelper.java:84)
	at org.testng.internal.Invoker.invokeMethod(Invoker.java:714)
	at org.testng.internal.Invoker.invokeTestMethod(Invoker.java:901)
	at org.testng.internal.Invoker.invokeTestMethods(Invoker.java:1231)
	at org.testng.internal.TestMethodWorker.invokeTestMethods(TestMethodWorker.java:127)
	at org.testng.internal.TestMethodWorker.run(TestMethodWorker.java:111)
	at org.testng.TestRunner.privateRun(TestRunner.java:767)
	at org.testng.TestRunner.run(TestRunner.java:617)
	at org.testng.SuiteRunner.runTest(SuiteRunner.java:334)
	at org.testng.SuiteRunner.runSequentially(SuiteRunner.java:329)
	at org.testng.SuiteRunner.privateRun(SuiteRunner.java:291)
	at org.testng.SuiteRunner.run(SuiteRunner.java:240)
	at org.testng.SuiteRunnerWorker.runSuite(SuiteRunnerWorker.java:52)
	at org.testng.SuiteRunnerWorker.run(SuiteRunnerWorker.java:86)
	at org.testng.TestNG.runSuitesSequentially(TestNG.java:1224)
	at org.testng.TestNG.runSuitesLocally(TestNG.java:1149)
	at org.testng.TestNG.run(TestNG.java:1057)
	at org.testng.remote.RemoteTestNG.run(RemoteTestNG.java:111)
	at org.testng.remote.RemoteTestNG.initAndRun(RemoteTestNG.java:204)
	at org.testng.remote.RemoteTestNG.main(RemoteTestNG.java:175)
</div></td></tr></table><p class="totop"><a href="#summary">back to summary</a></p><h2>MotelyFool Canada Stock AdvisorTest</h2><h3 id="m18">com.fool.ca.stockdvisor.Stockadvisor#emailCapCAStockadvisorfrm</h3><table class="result"><tr><th>Messages</th></tr><tr><td><div class="messages">Login not happend for Website</div></td></tr><tr><th>Exception</th></tr><tr><td><div class="stacktrace">java.lang.AssertionError: expected [false] but found [true]
	at org.testng.Assert.fail(Assert.java:94)
	at org.testng.Assert.failNotEquals(Assert.java:494)
	at org.testng.Assert.assertFalse(Assert.java:63)
	at org.testng.Assert.assertFalse(Assert.java:73)
	at com.fool.ca.stockdvisor.Stockadvisor.emailCapCAStockadvisorfrm(Stockadvisor.java:439)
	at sun.reflect.NativeMethodAccessorImpl.invoke0(Native Method)
	at sun.reflect.NativeMethodAccessorImpl.invoke(Unknown Source)
	at sun.reflect.DelegatingMethodAccessorImpl.invoke(Unknown Source)
	at java.lang.reflect.Method.invoke(Unknown Source)
	at org.testng.internal.MethodInvocationHelper.invokeMethod(MethodInvocationHelper.java:84)
	at org.testng.internal.Invoker.invokeMethod(Invoker.java:714)
	at org.testng.internal.Invoker.invokeTestMethod(Invoker.java:901)
	at org.testng.internal.Invoker.invokeTestMethods(Invoker.java:1231)
	at org.testng.internal.TestMethodWorker.invokeTestMethods(TestMethodWorker.java:127)
	at org.testng.internal.TestMethodWorker.run(TestMethodWorker.java:111)
	at org.testng.TestRunner.privateRun(TestRunner.java:767)
	at org.testng.TestRunner.run(TestRunner.java:617)
	at org.testng.SuiteRunner.runTest(SuiteRunner.java:334)
	at org.testng.SuiteRunner.runSequentially(SuiteRunner.java:329)
	at org.testng.SuiteRunner.privateRun(SuiteRunner.java:291)
	at org.testng.SuiteRunner.run(SuiteRunner.java:240)
	at org.testng.SuiteRunnerWorker.runSuite(SuiteRunnerWorker.java:52)
	at org.testng.SuiteRunnerWorker.run(SuiteRunnerWorker.java:86)
	at org.testng.TestNG.runSuitesSequentially(TestNG.java:1224)
	at org.testng.TestNG.runSuitesLocally(TestNG.java:1149)
	at org.testng.TestNG.run(TestNG.java:1057)
	at org.testng.remote.RemoteTestNG.run(RemoteTestNG.java:111)
	at org.testng.remote.RemoteTestNG.initAndRun(RemoteTestNG.java:204)
	at org.testng.remote.RemoteTestNG.main(RemoteTestNG.java:175)
</div></td></tr></table><p class="totop"><a href="#summary">back to summary</a></p><h3 id="m19">com.fool.ca.stockdvisor.Stockadvisor#emailCapCAStockadvisor</h3><table class="result"><tr><th>Messages</th></tr><tr><td><div class="messages">Motley Fool Stock Advisor Ecap Test Passed<br/>Motley Fool Stock Advisor Test Passed</div></td></tr></table><p class="totop"><a href="#summary">back to summary</a></p><h3 id="m20">com.fool.ca.stockdvisor.Stockadvisor#emailCapCAStockadvisoracc</h3><table class="result"><tr><th>Messages</th></tr><tr><td><div class="messages">Motley Fool Stock Advisor Your Account Test Passed</div></td></tr></table><p class="totop"><a href="#summary">back to summary</a></p><h3 id="m21">com.fool.ca.stockdvisor.Stockadvisor#emailCapCAStockadvisorfaq</h3><table class="result"><tr><th>Messages</th></tr><tr><td><div class="messages">Motley Fool Stock Advisor Frequently Asked Questions Ecap Test Passed<br/>Motley Fool Stock Advisor Frequently Asked Questions Test Passed</div></td></tr></table><p class="totop"><a href="#summary">back to summary</a></p><h3 id="m22">com.fool.ca.stockdvisor.Stockadvisor#emailCapCAStockadvisorsplrep</h3><table class="result"><tr><th>Messages</th></tr><tr><td><div class="messages">Motley Fool Stock Advisor Special Reports Centre Ecap Test Passed<br/>Motley Fool Stock Advisor Special Reports Centre Test Passed</div></td></tr></table><p class="totop"><a href="#summary">back to summary</a></p><h2>MotelyFool Canada Create OrderTest</h2><h3 id="m23">com.fool.ca.order.Createorder#CAordercreate</h3><table class="result"><tr><th>Messages</th></tr><tr><td><div class="messages">Motley Fool Stock Advisor Account Creation Test Passed</div></td></tr></table><p class="totop"><a href="#summary">back to summary</a></p><h2>MotelyFool Singapore Create post Test</h2><h3 id="m24">com.fool.sg.createpost.CreatePost#messagePost</h3><table class="result"><tr><th>Messages</th></tr><tr><td><div class="messages">Motely Fool Singapore Article posted successfully<br/>Motely Fool Singapore Article post verified successfully</div></td></tr></table><p class="totop"><a href="#summary">back to summary</a></p><h2>MotelyFool Singapore Edit post Test</h2><h3 id="m25">com.fool.sg.editpost.EditPost#editingCreatedPost</h3><table class="result"><tr><th>Messages</th></tr><tr><td><div class="messages">Motely Fool Singapore Article Edit Verified successfully</div></td></tr></table><p class="totop"><a href="#summary">back to summary</a></p><h2>MotelyFool Singapore Delete post Test</h2><h3 id="m26">com.fool.sg.deletepost.DeletePost#deleteCreatedPost</h3><table class="result"><tr><th>Messages</th></tr><tr><td><div class="messages">Motely Fool Singapore Article Deletion Verified successfully</div></td></tr></table><p class="totop"><a href="#summary">back to summary</a></p><h2>MotelyFool Singapore Ecap Test</h2><h3 id="m27">com.fool.sg.ecap.EmailCap#emailCapSGHome</h3><table class="result"><tr><th>Messages</th></tr><tr><td><div class="messages">Motley Fool Singapore Home Ecap Test Passed</div></td></tr></table><p class="totop"><a href="#summary">back to summary</a></p><h2>MotelyFool Germany Ecap Test</h2><h3 id="m28">com.fool.GR.ecap.EmailCap#emailCapGRHomepage</h3><table class="result"><tr><th>Exception</th></tr><tr><td><div class="stacktrace">org.openqa.selenium.TimeoutException: Timed out after 30 seconds waiting for visibility of element located by By.xpath: //input[@id=&apos;ecap-submit&apos;]
Build info: version: &apos;2.35.0&apos;, revision: &apos;8df0c6b&apos;, time: &apos;2013-08-12 15:43:19&apos;
System info: os.name: &apos;Windows Server 2012 R2&apos;, os.arch: &apos;amd64&apos;, os.version: &apos;6.3&apos;, java.version: &apos;1.8.0_31&apos;
Driver info: driver.version: unknown
	at org.openqa.selenium.support.ui.FluentWait.timeoutException(FluentWait.java:259)
	at org.openqa.selenium.support.ui.FluentWait.until(FluentWait.java:228)
	at com.fool.pageobject.PageObjectModule.sync(PageObjectModule.java:89)
	at com.fool.GR.ecap.EmailCap.emailCapGRHomepage(EmailCap.java:30)
	at sun.reflect.NativeMethodAccessorImpl.invoke0(Native Method)
	at sun.reflect.NativeMethodAccessorImpl.invoke(Unknown Source)
	at sun.reflect.DelegatingMethodAccessorImpl.invoke(Unknown Source)
	at java.lang.reflect.Method.invoke(Unknown Source)
	at org.testng.internal.MethodInvocationHelper.invokeMethod(MethodInvocationHelper.java:84)
	at org.testng.internal.Invoker.invokeMethod(Invoker.java:714)
	at org.testng.internal.Invoker.invokeTestMethod(Invoker.java:901)
	at org.testng.internal.Invoker.invokeTestMethods(Invoker.java:1231)
	at org.testng.internal.TestMethodWorker.invokeTestMethods(TestMethodWorker.java:127)
	at org.testng.internal.TestMethodWorker.run(TestMethodWorker.java:111)
	at org.testng.TestRunner.privateRun(TestRunner.java:767)
	at org.testng.TestRunner.run(TestRunner.java:617)
	at org.testng.SuiteRunner.runTest(SuiteRunner.java:334)
	at org.testng.SuiteRunner.runSequentially(SuiteRunner.java:329)
	at org.testng.SuiteRunner.privateRun(SuiteRunner.java:291)
	at org.testng.SuiteRunner.run(SuiteRunner.java:240)
	at org.testng.SuiteRunnerWorker.runSuite(SuiteRunnerWorker.java:52)
	at org.testng.SuiteRunnerWorker.run(SuiteRunnerWorker.java:86)
	at org.testng.TestNG.runSuitesSequentially(TestNG.java:1224)
	at org.testng.TestNG.runSuitesLocally(TestNG.java:1149)
	at org.testng.TestNG.run(TestNG.java:1057)
	at org.testng.remote.RemoteTestNG.run(RemoteTestNG.java:111)
	at org.testng.remote.RemoteTestNG.initAndRun(RemoteTestNG.java:204)
	at org.testng.remote.RemoteTestNG.main(RemoteTestNG.java:175)
Caused by: org.openqa.selenium.NoSuchElementException: Unable to locate element: {&quot;method&quot;:&quot;xpath&quot;,&quot;selector&quot;:&quot;//input[@id=&apos;ecap-submit&apos;]&quot;}
Command duration or timeout: 0 milliseconds
For documentation on this error, please visit: http://seleniumhq.org/exceptions/no_such_element.html
Build info: version: &apos;2.35.0&apos;, revision: &apos;8df0c6b&apos;, time: &apos;2013-08-12 15:43:19&apos;
System info: os.name: &apos;Windows Server 2012 R2&apos;, os.arch: &apos;amd64&apos;, os.version: &apos;6.3&apos;, java.version: &apos;1.8.0_31&apos;
Driver info: org.openqa.selenium.firefox.FirefoxDriver
Capabilities [{applicationCacheEnabled=true, rotatable=false, handlesAlerts=true, databaseEnabled=true, version=25.0.1, platform=XP, browserConnectionEnabled=true, nativeEvents=true, acceptSslCerts=true, webStorageEnabled=true, locationContextEnabled=true, browserName=firefox, takesScreenshot=true, javascriptEnabled=true, cssSelectorsEnabled=true}]
Session ID: 9c4b6415-e4dc-4e09-b66c-79b54ed7f867
	at sun.reflect.GeneratedConstructorAccessor35.newInstance(Unknown Source)
	at sun.reflect.DelegatingConstructorAccessorImpl.newInstance(Unknown Source)
	at java.lang.reflect.Constructor.newInstance(Unknown Source)
	at org.openqa.selenium.remote.ErrorHandler.createThrowable(ErrorHandler.java:191)
	at org.openqa.selenium.remote.ErrorHandler.throwIfResponseFailed(ErrorHandler.java:145)
	at org.openqa.selenium.remote.RemoteWebDriver.execute(RemoteWebDriver.java:554)
	at org.openqa.selenium.remote.RemoteWebDriver.findElement(RemoteWebDriver.java:307)
	at org.openqa.selenium.remote.RemoteWebDriver.findElementByXPath(RemoteWebDriver.java:404)
	at org.openqa.selenium.By$ByXPath.findElement(By.java:344)
	at org.openqa.selenium.remote.RemoteWebDriver.findElement(RemoteWebDriver.java:299)
	at org.openqa.selenium.support.ui.ExpectedConditions.findElement(ExpectedConditions.java:579)
	at org.openqa.selenium.support.ui.ExpectedConditions.access$0(ExpectedConditions.java:577)
	at org.openqa.selenium.support.ui.ExpectedConditions$4.apply(ExpectedConditions.java:130)
	at org.openqa.selenium.support.ui.ExpectedConditions$4.apply(ExpectedConditions.java:1)
	at org.openqa.selenium.support.ui.FluentWait.until(FluentWait.java:208)
	... 26 more
Caused by: org.openqa.selenium.remote.ErrorHandler$UnknownServerException: Unable to locate element: {&quot;method&quot;:&quot;xpath&quot;,&quot;selector&quot;:&quot;//input[@id=&apos;ecap-submit&apos;]&quot;}
Build info: version: &apos;2.35.0&apos;, revision: &apos;8df0c6b&apos;, time: &apos;2013-08-12 15:43:19&apos;
System info: os.name: &apos;Windows Server 2012 R2&apos;, os.arch: &apos;amd64&apos;, os.version: &apos;6.3&apos;, java.version: &apos;1.8.0_31&apos;
Driver info: driver.version: unknown
	at &lt;anonymous class&gt;.FirefoxDriver.prototype.findElementInternal_(file:///C:/Users/SHIVAK~1/AppData/Local/Temp/4/anonymous1024976209083272546webdriver-profile/extensions/fxdriver@googlecode.com/components/driver_component.js:8880)
	at &lt;anonymous class&gt;.FirefoxDriver.prototype.findElement(file:///C:/Users/SHIVAK~1/AppData/Local/Temp/4/anonymous1024976209083272546webdriver-profile/extensions/fxdriver@googlecode.com/components/driver_component.js:8889)
	at &lt;anonymous class&gt;.DelayedCommand.prototype.executeInternal_/h(file:///C:/Users/SHIVAK~1/AppData/Local/Temp/4/anonymous1024976209083272546webdriver-profile/extensions/fxdriver@googlecode.com/components/command_processor.js:10817)
	at &lt;anonymous class&gt;.DelayedCommand.prototype.executeInternal_(file:///C:/Users/SHIVAK~1/AppData/Local/Temp/4/anonymous1024976209083272546webdriver-profile/extensions/fxdriver@googlecode.com/components/command_processor.js:10822)
	at &lt;anonymous class&gt;.DelayedCommand.prototype.execute/&lt;(file:///C:/Users/SHIVAK~1/AppData/Local/Temp/4/anonymous1024976209083272546webdriver-profile/extensions/fxdriver@googlecode.com/components/command_processor.js:10764)
</div></td></tr></table><p class="totop"><a href="#summary">back to summary</a></p><h2>MotelyFool United Kingdom Ecap Test</h2><h3 id="m29">com.fool.UK.ecap.EmailCap#emailCapGRHomepage</h3><table class="result"><tr><th>Exception</th></tr><tr><td><div class="stacktrace">java.lang.AssertionError: expected [false] but found [true]
	at org.testng.Assert.fail(Assert.java:94)
	at org.testng.Assert.failNotEquals(Assert.java:494)
	at org.testng.Assert.assertFalse(Assert.java:63)
	at org.testng.Assert.assertFalse(Assert.java:73)
	at com.fool.UK.ecap.EmailCap.emailCapGRHomepage(EmailCap.java:27)
	at sun.reflect.NativeMethodAccessorImpl.invoke0(Native Method)
	at sun.reflect.NativeMethodAccessorImpl.invoke(Unknown Source)
	at sun.reflect.DelegatingMethodAccessorImpl.invoke(Unknown Source)
	at java.lang.reflect.Method.invoke(Unknown Source)
	at org.testng.internal.MethodInvocationHelper.invokeMethod(MethodInvocationHelper.java:84)
	at org.testng.internal.Invoker.invokeMethod(Invoker.java:714)
	at org.testng.internal.Invoker.invokeTestMethod(Invoker.java:901)
	at org.testng.internal.Invoker.invokeTestMethods(Invoker.java:1231)
	at org.testng.internal.TestMethodWorker.invokeTestMethods(TestMethodWorker.java:127)
	at org.testng.internal.TestMethodWorker.run(TestMethodWorker.java:111)
	at org.testng.TestRunner.privateRun(TestRunner.java:767)
	at org.testng.TestRunner.run(TestRunner.java:617)
	at org.testng.SuiteRunner.runTest(SuiteRunner.java:334)
	at org.testng.SuiteRunner.runSequentially(SuiteRunner.java:329)
	at org.testng.SuiteRunner.privateRun(SuiteRunner.java:291)
	at org.testng.SuiteRunner.run(SuiteRunner.java:240)
	at org.testng.SuiteRunnerWorker.runSuite(SuiteRunnerWorker.java:52)
	at org.testng.SuiteRunnerWorker.run(SuiteRunnerWorker.java:86)
	at org.testng.TestNG.runSuitesSequentially(TestNG.java:1224)
	at org.testng.TestNG.runSuitesLocally(TestNG.java:1149)
	at org.testng.TestNG.run(TestNG.java:1057)
	at org.testng.remote.RemoteTestNG.run(RemoteTestNG.java:111)
	at org.testng.remote.RemoteTestNG.initAndRun(RemoteTestNG.java:204)
	at org.testng.remote.RemoteTestNG.main(RemoteTestNG.java:175)
</div></td></tr></table><p class="totop"><a href="#summary">back to summary</a></p><h2>MotelyFool Create and Verify post Test</h2><h3 id="m30">com.fool.UK.createpost.CreatePost#messagePost</h3><table class="result"><tr><th>Exception</th></tr><tr><td><div class="stacktrace">java.lang.AssertionError: expected [false] but found [true]
	at org.testng.Assert.fail(Assert.java:94)
	at org.testng.Assert.failNotEquals(Assert.java:494)
	at org.testng.Assert.assertFalse(Assert.java:63)
	at org.testng.Assert.assertFalse(Assert.java:73)
	at com.fool.UK.createpost.CreatePost.messagePost(CreatePost.java:148)
	at sun.reflect.NativeMethodAccessorImpl.invoke0(Native Method)
	at sun.reflect.NativeMethodAccessorImpl.invoke(Unknown Source)
	at sun.reflect.DelegatingMethodAccessorImpl.invoke(Unknown Source)
	at java.lang.reflect.Method.invoke(Unknown Source)
	at org.testng.internal.MethodInvocationHelper.invokeMethod(MethodInvocationHelper.java:84)
	at org.testng.internal.Invoker.invokeMethod(Invoker.java:714)
	at org.testng.internal.Invoker.invokeTestMethod(Invoker.java:901)
	at org.testng.internal.Invoker.invokeTestMethods(Invoker.java:1231)
	at org.testng.internal.TestMethodWorker.invokeTestMethods(TestMethodWorker.java:127)
	at org.testng.internal.TestMethodWorker.run(TestMethodWorker.java:111)
	at org.testng.TestRunner.privateRun(TestRunner.java:767)
	at org.testng.TestRunner.run(TestRunner.java:617)
	at org.testng.SuiteRunner.runTest(SuiteRunner.java:334)
	at org.testng.SuiteRunner.runSequentially(SuiteRunner.java:329)
	at org.testng.SuiteRunner.privateRun(SuiteRunner.java:291)
	at org.testng.SuiteRunner.run(SuiteRunner.java:240)
	at org.testng.SuiteRunnerWorker.runSuite(SuiteRunnerWorker.java:52)
	at org.testng.SuiteRunnerWorker.run(SuiteRunnerWorker.java:86)
	at org.testng.TestNG.runSuitesSequentially(TestNG.java:1224)
	at org.testng.TestNG.runSuitesLocally(TestNG.java:1149)
	at org.testng.TestNG.run(TestNG.java:1057)
	at org.testng.remote.RemoteTestNG.run(RemoteTestNG.java:111)
	at org.testng.remote.RemoteTestNG.initAndRun(RemoteTestNG.java:204)
	at org.testng.remote.RemoteTestNG.main(RemoteTestNG.java:175)
</div></td></tr></table><p class="totop"><a href="#summary">back to summary</a></p><h2>MotelyFool Edit and Verify post Test</h2><h3 id="m31">com.fool.UK.editpost.EditPost#editingCreatedPost</h3><table class="result"></table><p class="totop"><a href="#summary">back to summary</a></p><h2>MotelyFool Delete and Verify post Test</h2><h3 id="m32">com.fool.UK.deletepost.DeletePost#deleteCreatedPost</h3><table class="result"><tr><th>Exception</th></tr><tr><td><div class="stacktrace">org.openqa.selenium.NoSuchElementException: Unable to locate element: {&quot;method&quot;:&quot;xpath&quot;,&quot;selector&quot;:&quot;//a[text()=&apos;Move to Trash&apos;]&quot;}
Command duration or timeout: 6 milliseconds
For documentation on this error, please visit: http://seleniumhq.org/exceptions/no_such_element.html
Build info: version: &apos;2.35.0&apos;, revision: &apos;8df0c6b&apos;, time: &apos;2013-08-12 15:43:19&apos;
System info: os.name: &apos;Windows Server 2012 R2&apos;, os.arch: &apos;amd64&apos;, os.version: &apos;6.3&apos;, java.version: &apos;1.8.0_31&apos;
Driver info: org.openqa.selenium.firefox.FirefoxDriver
Capabilities [{applicationCacheEnabled=true, rotatable=false, handlesAlerts=true, databaseEnabled=true, version=25.0.1, platform=XP, browserConnectionEnabled=true, nativeEvents=true, acceptSslCerts=true, webStorageEnabled=true, locationContextEnabled=true, browserName=firefox, takesScreenshot=true, javascriptEnabled=true, cssSelectorsEnabled=true}]
Session ID: 02dd3c3b-1a5c-49a3-b014-d4eab082d073
	at sun.reflect.GeneratedConstructorAccessor35.newInstance(Unknown Source)
	at sun.reflect.DelegatingConstructorAccessorImpl.newInstance(Unknown Source)
	at java.lang.reflect.Constructor.newInstance(Unknown Source)
	at org.openqa.selenium.remote.ErrorHandler.createThrowable(ErrorHandler.java:191)
	at org.openqa.selenium.remote.ErrorHandler.throwIfResponseFailed(ErrorHandler.java:145)
	at org.openqa.selenium.remote.RemoteWebDriver.execute(RemoteWebDriver.java:554)
	at org.openqa.selenium.remote.RemoteWebDriver.findElement(RemoteWebDriver.java:307)
	at org.openqa.selenium.remote.RemoteWebDriver.findElementByXPath(RemoteWebDriver.java:404)
	at org.openqa.selenium.By$ByXPath.findElement(By.java:344)
	at org.openqa.selenium.remote.RemoteWebDriver.findElement(RemoteWebDriver.java:299)
	at com.fool.pageobject.PageObjectModule.clickButton(PageObjectModule.java:66)
	at com.fool.UK.deletepost.DeletePost.deleteCreatedPost(DeletePost.java:50)
	at sun.reflect.NativeMethodAccessorImpl.invoke0(Native Method)
	at sun.reflect.NativeMethodAccessorImpl.invoke(Unknown Source)
	at sun.reflect.DelegatingMethodAccessorImpl.invoke(Unknown Source)
	at java.lang.reflect.Method.invoke(Unknown Source)
	at org.testng.internal.MethodInvocationHelper.invokeMethod(MethodInvocationHelper.java:84)
	at org.testng.internal.Invoker.invokeMethod(Invoker.java:714)
	at org.testng.internal.Invoker.invokeTestMethod(Invoker.java:901)
	at org.testng.internal.Invoker.invokeTestMethods(Invoker.java:1231)
	at org.testng.internal.TestMethodWorker.invokeTestMethods(TestMethodWorker.java:127)
	at org.testng.internal.TestMethodWorker.run(TestMethodWorker.java:111)
	at org.testng.TestRunner.privateRun(TestRunner.java:767)
	at org.testng.TestRunner.run(TestRunner.java:617)
	at org.testng.SuiteRunner.runTest(SuiteRunner.java:334)
	at org.testng.SuiteRunner.runSequentially(SuiteRunner.java:329)
	at org.testng.SuiteRunner.privateRun(SuiteRunner.java:291)
	at org.testng.SuiteRunner.run(SuiteRunner.java:240)
	at org.testng.SuiteRunnerWorker.runSuite(SuiteRunnerWorker.java:52)
	at org.testng.SuiteRunnerWorker.run(SuiteRunnerWorker.java:86)
	at org.testng.TestNG.runSuitesSequentially(TestNG.java:1224)
	at org.testng.TestNG.runSuitesLocally(TestNG.java:1149)
	at org.testng.TestNG.run(TestNG.java:1057)
	at org.testng.remote.RemoteTestNG.run(RemoteTestNG.java:111)
	at org.testng.remote.RemoteTestNG.initAndRun(RemoteTestNG.java:204)
	at org.testng.remote.RemoteTestNG.main(RemoteTestNG.java:175)
Caused by: org.openqa.selenium.remote.ErrorHandler$UnknownServerException: Unable to locate element: {&quot;method&quot;:&quot;xpath&quot;,&quot;selector&quot;:&quot;//a[text()=&apos;Move to Trash&apos;]&quot;}
Build info: version: &apos;2.35.0&apos;, revision: &apos;8df0c6b&apos;, time: &apos;2013-08-12 15:43:19&apos;
System info: os.name: &apos;Windows Server 2012 R2&apos;, os.arch: &apos;amd64&apos;, os.version: &apos;6.3&apos;, java.version: &apos;1.8.0_31&apos;
Driver info: driver.version: unknown
	at &lt;anonymous class&gt;.FirefoxDriver.prototype.findElementInternal_(file:///C:/Users/SHIVAK~1/AppData/Local/Temp/4/anonymous8211941161246806141webdriver-profile/extensions/fxdriver@googlecode.com/components/driver_component.js:8880)
	at &lt;anonymous class&gt;.FirefoxDriver.prototype.findElement(file:///C:/Users/SHIVAK~1/AppData/Local/Temp/4/anonymous8211941161246806141webdriver-profile/extensions/fxdriver@googlecode.com/components/driver_component.js:8889)
	at &lt;anonymous class&gt;.DelayedCommand.prototype.executeInternal_/h(file:///C:/Users/SHIVAK~1/AppData/Local/Temp/4/anonymous8211941161246806141webdriver-profile/extensions/fxdriver@googlecode.com/components/command_processor.js:10817)
	at &lt;anonymous class&gt;.DelayedCommand.prototype.executeInternal_(file:///C:/Users/SHIVAK~1/AppData/Local/Temp/4/anonymous8211941161246806141webdriver-profile/extensions/fxdriver@googlecode.com/components/command_processor.js:10822)
	at &lt;anonymous class&gt;.DelayedCommand.prototype.execute/&lt;(file:///C:/Users/SHIVAK~1/AppData/Local/Temp/4/anonymous8211941161246806141webdriver-profile/extensions/fxdriver@googlecode.com/components/command_processor.js:10764)
</div></td></tr></table><p class="totop"><a href="#summary">back to summary</a></p></body></html>