<!DOCTYPE html>

<html>
  <head>
  <title>TestNG reports</title>

    <link type="text/css" href="testng-reports.css" rel="stylesheet" />  
    <script type="text/javascript" src="jquery-1.7.1.min.js"></script>
    <script type="text/javascript" src="testng-reports.js"></script>
    <script type="text/javascript" src="https://www.google.com/jsapi"></script>
    <script type='text/javascript'>
      google.load('visualization', '1', {packages:['table']});
      google.setOnLoadCallback(drawTable);
      var suiteTableInitFunctions = new Array();
      var suiteTableData = new Array();
    </script>
    <!--
      <script type="text/javascript" src="jquery-ui/js/jquery-ui-1.8.16.custom.min.js"></script>
     -->
  </head>

  <body>
    <div class="top-banner-root">
      <span class="top-banner-title-font">Test results</span>
      <br/>
      <span class="top-banner-font-1">1 suite, 11 failed tests</span>
    </div> <!-- top-banner-root -->
    <div class="navigator-root">
      <div class="navigator-suite-header">
        <span>All suites</span>
        <a href="#" class="collapse-all-link" title="Collapse/expand all the suites">
          <img class="collapse-all-icon" src="collapseall.gif">
          </img> <!-- collapse-all-icon -->
        </a> <!-- collapse-all-link -->
      </div> <!-- navigator-suite-header -->
      <div class="suite">
        <div class="rounded-window">
          <div class="suite-header light-rounded-window-top">
            <a href="#" class="navigator-link" panel-name="suite-MotelyFool_TestSuite">
              <span class="suite-name border-failed">MotelyFool TestSuite</span>
            </a> <!-- navigator-link -->
          </div> <!-- suite-header light-rounded-window-top -->
          <div class="navigator-suite-content">
            <div class="suite-section-title">
              <span>Info</span>
            </div> <!-- suite-section-title -->
            <div class="suite-section-content">
              <ul>
                <li>
                  <a href="#" class="navigator-link " panel-name="test-xml-MotelyFool_TestSuite">
                    <span>C:\MotelyAutomation\workspace\MotelyFool\MotelyFoolSuite.xml</span>
                  </a> <!-- navigator-link  -->
                </li>
                <li>
                  <a href="#" class="navigator-link " panel-name="testlist-MotelyFool_TestSuite">
                    <span class="test-stats">23 tests</span>
                  </a> <!-- navigator-link  -->
                </li>
                <li>
                  <a href="#" class="navigator-link " panel-name="group-MotelyFool_TestSuite">
                    <span>0 groups</span>
                  </a> <!-- navigator-link  -->
                </li>
                <li>
                  <a href="#" class="navigator-link " panel-name="times-MotelyFool_TestSuite">
                    <span>Times</span>
                  </a> <!-- navigator-link  -->
                </li>
                <li>
                  <a href="#" class="navigator-link " panel-name="reporter-MotelyFool_TestSuite">
                    <span>Reporter output</span>
                  </a> <!-- navigator-link  -->
                </li>
                <li>
                  <a href="#" class="navigator-link " panel-name="ignored-methods-MotelyFool_TestSuite">
                    <span>Ignored methods</span>
                  </a> <!-- navigator-link  -->
                </li>
                <li>
                  <a href="#" class="navigator-link " panel-name="chronological-MotelyFool_TestSuite">
                    <span>Chronological view</span>
                  </a> <!-- navigator-link  -->
                </li>
              </ul>
            </div> <!-- suite-section-content -->
            <div class="result-section">
              <div class="suite-section-title">
                <span>Results</span>
              </div> <!-- suite-section-title -->
              <div class="suite-section-content">
                <ul>
                  <li>
                    <span class="method-stats">33 methods, 11 failed,   22 passed</span>
                  </li>
                  <li>
                    <span class="method-list-title failed">Failed methods</span>
                    <span class="show-or-hide-methods failed">
                      <a href="#" panel-name="suite-MotelyFool_TestSuite" class="hide-methods failed suite-MotelyFool_TestSuite"> (hide)</a> <!-- hide-methods failed suite-MotelyFool_TestSuite -->
                      <a href="#" panel-name="suite-MotelyFool_TestSuite" class="show-methods failed suite-MotelyFool_TestSuite"> (show)</a> <!-- show-methods failed suite-MotelyFool_TestSuite -->
                    </span>
                    <div class="method-list-content failed suite-MotelyFool_TestSuite">
                      <span>
                        <img width="3%" src="failed.png"/>
                        <a href="#" class="method navigator-link" panel-name="suite-MotelyFool_TestSuite" title="com.fool.UK.deletepost.DeletePost" hash-for-method="deleteCreatedPost">deleteCreatedPost</a> <!-- method navigator-link -->
                      </span>
                      <br/>
                      <span>
                        <img width="3%" src="failed.png"/>
                        <a href="#" class="method navigator-link" panel-name="suite-MotelyFool_TestSuite" title="com.fool.au.editpost.EditPost" hash-for-method="editingPost">editingPost</a> <!-- method navigator-link -->
                      </span>
                      <br/>
                      <span>
                        <img width="3%" src="failed.png"/>
                        <a href="#" class="method navigator-link" panel-name="suite-MotelyFool_TestSuite" title="com.fool.au.ecap.EmailCap" hash-for-method="emailCapAUHomepage">emailCapAUHomepage</a> <!-- method navigator-link -->
                      </span>
                      <br/>
                      <span>
                        <img width="3%" src="failed.png"/>
                        <a href="#" class="method navigator-link" panel-name="suite-MotelyFool_TestSuite" title="com.fool.ca.ecap.EmailCap" hash-for-method="emailCapCAHome">emailCapCAHome</a> <!-- method navigator-link -->
                      </span>
                      <br/>
                      <span>
                        <img width="3%" src="failed.png"/>
                        <a href="#" class="method navigator-link" panel-name="suite-MotelyFool_TestSuite" title="com.fool.ca.stockdvisor.Stockadvisor" hash-for-method="emailCapCAStockadvisorfrm">emailCapCAStockadvisorfrm</a> <!-- method navigator-link -->
                      </span>
                      <br/>
                      <span>
                        <img width="3%" src="failed.png"/>
                        <a href="#" class="method navigator-link" panel-name="suite-MotelyFool_TestSuite" title="com.fool.ca.ecap.EmailCap" hash-for-method="emailCapCAsplrep">emailCapCAsplrep</a> <!-- method navigator-link -->
                      </span>
                      <br/>
                      <span>
                        <img width="3%" src="failed.png"/>
                        <a href="#" class="method navigator-link" panel-name="suite-MotelyFool_TestSuite" title="com.fool.GR.ecap.EmailCap" hash-for-method="emailCapGRHomepage">emailCapGRHomepage</a> <!-- method navigator-link -->
                      </span>
                      <br/>
                      <span>
                        <img width="3%" src="failed.png"/>
                        <a href="#" class="method navigator-link" panel-name="suite-MotelyFool_TestSuite" title="com.fool.UK.ecap.EmailCap" hash-for-method="emailCapGRHomepage">emailCapGRHomepage</a> <!-- method navigator-link -->
                      </span>
                      <br/>
                      <span>
                        <img width="3%" src="failed.png"/>
                        <a href="#" class="method navigator-link" panel-name="suite-MotelyFool_TestSuite" title="com.fool.au.createpost.CreatePost" hash-for-method="messagePost">messagePost</a> <!-- method navigator-link -->
                      </span>
                      <br/>
                      <span>
                        <img width="3%" src="failed.png"/>
                        <a href="#" class="method navigator-link" panel-name="suite-MotelyFool_TestSuite" title="com.fool.ca.createpost.CreatePost" hash-for-method="messagePost">messagePost</a> <!-- method navigator-link -->
                      </span>
                      <br/>
                      <span>
                        <img width="3%" src="failed.png"/>
                        <a href="#" class="method navigator-link" panel-name="suite-MotelyFool_TestSuite" title="com.fool.UK.createpost.CreatePost" hash-for-method="messagePost">messagePost</a> <!-- method navigator-link -->
                      </span>
                      <br/>
                    </div> <!-- method-list-content failed suite-MotelyFool_TestSuite -->
                  </li>
                  <li>
                    <span class="method-list-title passed">Passed methods</span>
                    <span class="show-or-hide-methods passed">
                      <a href="#" panel-name="suite-MotelyFool_TestSuite" class="hide-methods passed suite-MotelyFool_TestSuite"> (hide)</a> <!-- hide-methods passed suite-MotelyFool_TestSuite -->
                      <a href="#" panel-name="suite-MotelyFool_TestSuite" class="show-methods passed suite-MotelyFool_TestSuite"> (show)</a> <!-- show-methods passed suite-MotelyFool_TestSuite -->
                    </span>
                    <div class="method-list-content passed suite-MotelyFool_TestSuite">
                      <span>
                        <img width="3%" src="passed.png"/>
                        <a href="#" class="method navigator-link" panel-name="suite-MotelyFool_TestSuite" title="com.fool.au.shareadvisor.Shareadvisornew" hash-for-method="AUShareadvisorFRM">AUShareadvisorFRM</a> <!-- method navigator-link -->
                      </span>
                      <br/>
                      <span>
                        <img width="3%" src="passed.png"/>
                        <a href="#" class="method navigator-link" panel-name="suite-MotelyFool_TestSuite" title="com.fool.au.shareadvisor.Shareadvisornew" hash-for-method="AUShareadvisorHome">AUShareadvisorHome</a> <!-- method navigator-link -->
                      </span>
                      <br/>
                      <span>
                        <img width="3%" src="passed.png"/>
                        <a href="#" class="method navigator-link" panel-name="suite-MotelyFool_TestSuite" title="com.fool.au.shareadvisor.Shareadvisornew" hash-for-method="AUShareadvisorREC">AUShareadvisorREC</a> <!-- method navigator-link -->
                      </span>
                      <br/>
                      <span>
                        <img width="3%" src="passed.png"/>
                        <a href="#" class="method navigator-link" panel-name="suite-MotelyFool_TestSuite" title="com.fool.au.shareadvisor.Shareadvisornew" hash-for-method="AUShareadvisorSCR">AUShareadvisorSCR</a> <!-- method navigator-link -->
                      </span>
                      <br/>
                      <span>
                        <img width="3%" src="passed.png"/>
                        <a href="#" class="method navigator-link" panel-name="suite-MotelyFool_TestSuite" title="com.fool.au.shareadvisor.Shareadvisornew" hash-for-method="AUShareadvisorUPD">AUShareadvisorUPD</a> <!-- method navigator-link -->
                      </span>
                      <br/>
                      <span>
                        <img width="3%" src="passed.png"/>
                        <a href="#" class="method navigator-link" panel-name="suite-MotelyFool_TestSuite" title="com.fool.ca.order.Createorder" hash-for-method="CAordercreate">CAordercreate</a> <!-- method navigator-link -->
                      </span>
                      <br/>
                      <span>
                        <img width="3%" src="passed.png"/>
                        <a href="#" class="method navigator-link" panel-name="suite-MotelyFool_TestSuite" title="com.fool.au.order.Createorder" hash-for-method="auordercreate">auordercreate</a> <!-- method navigator-link -->
                      </span>
                      <br/>
                      <span>
                        <img width="3%" src="passed.png"/>
                        <a href="#" class="method navigator-link" panel-name="suite-MotelyFool_TestSuite" title="com.fool.au.deletepost.DeletePost" hash-for-method="deleteCreatedPost">deleteCreatedPost</a> <!-- method navigator-link -->
                      </span>
                      <br/>
                      <span>
                        <img width="3%" src="passed.png"/>
                        <a href="#" class="method navigator-link" panel-name="suite-MotelyFool_TestSuite" title="com.fool.ca.deletepost.DeletePost" hash-for-method="deleteCreatedPost">deleteCreatedPost</a> <!-- method navigator-link -->
                      </span>
                      <br/>
                      <span>
                        <img width="3%" src="passed.png"/>
                        <a href="#" class="method navigator-link" panel-name="suite-MotelyFool_TestSuite" title="com.fool.sg.deletepost.DeletePost" hash-for-method="deleteCreatedPost">deleteCreatedPost</a> <!-- method navigator-link -->
                      </span>
                      <br/>
                      <span>
                        <img width="3%" src="passed.png"/>
                        <a href="#" class="method navigator-link" panel-name="suite-MotelyFool_TestSuite" title="com.fool.ca.editpost.EditPost" hash-for-method="editingCreatedPost">editingCreatedPost</a> <!-- method navigator-link -->
                      </span>
                      <br/>
                      <span>
                        <img width="3%" src="passed.png"/>
                        <a href="#" class="method navigator-link" panel-name="suite-MotelyFool_TestSuite" title="com.fool.sg.editpost.EditPost" hash-for-method="editingCreatedPost">editingCreatedPost</a> <!-- method navigator-link -->
                      </span>
                      <br/>
                      <span>
                        <img width="3%" src="passed.png"/>
                        <a href="#" class="method navigator-link" panel-name="suite-MotelyFool_TestSuite" title="com.fool.UK.editpost.EditPost" hash-for-method="editingCreatedPost">editingCreatedPost</a> <!-- method navigator-link -->
                      </span>
                      <br/>
                      <span>
                        <img width="3%" src="passed.png"/>
                        <a href="#" class="method navigator-link" panel-name="suite-MotelyFool_TestSuite" title="com.fool.au.pro.AuPro" hash-for-method="emailAuPro">emailAuPro</a> <!-- method navigator-link -->
                      </span>
                      <br/>
                      <span>
                        <img width="3%" src="passed.png"/>
                        <a href="#" class="method navigator-link" panel-name="suite-MotelyFool_TestSuite" title="com.fool.au.ecap.EmailCap" hash-for-method="emailCapAUSplRep">emailCapAUSplRep</a> <!-- method navigator-link -->
                      </span>
                      <br/>
                      <span>
                        <img width="3%" src="passed.png"/>
                        <a href="#" class="method navigator-link" panel-name="suite-MotelyFool_TestSuite" title="com.fool.ca.stockdvisor.Stockadvisor" hash-for-method="emailCapCAStockadvisor">emailCapCAStockadvisor</a> <!-- method navigator-link -->
                      </span>
                      <br/>
                      <span>
                        <img width="3%" src="passed.png"/>
                        <a href="#" class="method navigator-link" panel-name="suite-MotelyFool_TestSuite" title="com.fool.ca.stockdvisor.Stockadvisor" hash-for-method="emailCapCAStockadvisoracc">emailCapCAStockadvisoracc</a> <!-- method navigator-link -->
                      </span>
                      <br/>
                      <span>
                        <img width="3%" src="passed.png"/>
                        <a href="#" class="method navigator-link" panel-name="suite-MotelyFool_TestSuite" title="com.fool.ca.stockdvisor.Stockadvisor" hash-for-method="emailCapCAStockadvisorfaq">emailCapCAStockadvisorfaq</a> <!-- method navigator-link -->
                      </span>
                      <br/>
                      <span>
                        <img width="3%" src="passed.png"/>
                        <a href="#" class="method navigator-link" panel-name="suite-MotelyFool_TestSuite" title="com.fool.ca.stockdvisor.Stockadvisor" hash-for-method="emailCapCAStockadvisorsplrep">emailCapCAStockadvisorsplrep</a> <!-- method navigator-link -->
                      </span>
                      <br/>
                      <span>
                        <img width="3%" src="passed.png"/>
                        <a href="#" class="method navigator-link" panel-name="suite-MotelyFool_TestSuite" title="com.fool.sg.ecap.EmailCap" hash-for-method="emailCapSGHome">emailCapSGHome</a> <!-- method navigator-link -->
                      </span>
                      <br/>
                      <span>
                        <img width="3%" src="passed.png"/>
                        <a href="#" class="method navigator-link" panel-name="suite-MotelyFool_TestSuite" title="com.fool.au.hiddengems.HiddenGems" hash-for-method="hiddenGemsHome">hiddenGemsHome</a> <!-- method navigator-link -->
                      </span>
                      <br/>
                      <span>
                        <img width="3%" src="passed.png"/>
                        <a href="#" class="method navigator-link" panel-name="suite-MotelyFool_TestSuite" title="com.fool.sg.createpost.CreatePost" hash-for-method="messagePost">messagePost</a> <!-- method navigator-link -->
                      </span>
                      <br/>
                    </div> <!-- method-list-content passed suite-MotelyFool_TestSuite -->
                  </li>
                </ul>
              </div> <!-- suite-section-content -->
            </div> <!-- result-section -->
          </div> <!-- navigator-suite-content -->
        </div> <!-- rounded-window -->
      </div> <!-- suite -->
    </div> <!-- navigator-root -->
    <div class="wrapper">
      <div class="main-panel-root">
        <div panel-name="suite-MotelyFool_TestSuite" class="panel MotelyFool_TestSuite">
          <div class="suite-MotelyFool_TestSuite-class-failed">
            <div class="main-panel-header rounded-window-top">
              <img src="failed.png"/>
              <span class="class-name">com.fool.ca.createpost.CreatePost</span>
            </div> <!-- main-panel-header rounded-window-top -->
            <div class="main-panel-content rounded-window-bottom">
              <div class="method">
                <div class="method-content">
                  <a name="messagePost">
                  </a> <!-- messagePost -->
                  <span class="method-name">messagePost</span>
                  <div class="stack-trace">org.openqa.selenium.TimeoutException: Timed out after 30 seconds waiting for visibility of element located by By.xpath: //a[text()=&apos;MotelyEdited&apos;]
Build info: version: &apos;2.35.0&apos;, revision: &apos;8df0c6b&apos;, time: &apos;2013-08-12 15:43:19&apos;
System info: os.name: &apos;Windows Server 2012 R2&apos;, os.arch: &apos;amd64&apos;, os.version: &apos;6.3&apos;, java.version: &apos;1.8.0_31&apos;
Driver info: driver.version: unknown
	at org.openqa.selenium.support.ui.FluentWait.timeoutException(FluentWait.java:259)
	at org.openqa.selenium.support.ui.FluentWait.until(FluentWait.java:228)
	at com.fool.pageobject.PageObjectModule.sync(PageObjectModule.java:89)
	at com.fool.ca.createpost.CreatePost.messagePost(CreatePost.java:130)
	at sun.reflect.NativeMethodAccessorImpl.invoke0(Native Method)
	at sun.reflect.NativeMethodAccessorImpl.invoke(Unknown Source)
	at sun.reflect.DelegatingMethodAccessorImpl.invoke(Unknown Source)
	at java.lang.reflect.Method.invoke(Unknown Source)
	at org.testng.internal.MethodInvocationHelper.invokeMethod(MethodInvocationHelper.java:84)
	at org.testng.internal.Invoker.invokeMethod(Invoker.java:714)
	at org.testng.internal.Invoker.invokeTestMethod(Invoker.java:901)
	at org.testng.internal.Invoker.invokeTestMethods(Invoker.java:1231)
	at org.testng.internal.TestMethodWorker.invokeTestMethods(TestMethodWorker.java:127)
	at org.testng.internal.TestMethodWorker.run(TestMethodWorker.java:111)
	at org.testng.TestRunner.privateRun(TestRunner.java:767)
	at org.testng.TestRunner.run(TestRunner.java:617)
	at org.testng.SuiteRunner.runTest(SuiteRunner.java:334)
	at org.testng.SuiteRunner.runSequentially(SuiteRunner.java:329)
	at org.testng.SuiteRunner.privateRun(SuiteRunner.java:291)
	at org.testng.SuiteRunner.run(SuiteRunner.java:240)
	at org.testng.SuiteRunnerWorker.runSuite(SuiteRunnerWorker.java:52)
	at org.testng.SuiteRunnerWorker.run(SuiteRunnerWorker.java:86)
	at org.testng.TestNG.runSuitesSequentially(TestNG.java:1224)
	at org.testng.TestNG.runSuitesLocally(TestNG.java:1149)
	at org.testng.TestNG.run(TestNG.java:1057)
	at org.testng.remote.RemoteTestNG.run(RemoteTestNG.java:111)
	at org.testng.remote.RemoteTestNG.initAndRun(RemoteTestNG.java:204)
	at org.testng.remote.RemoteTestNG.main(RemoteTestNG.java:175)
Caused by: org.openqa.selenium.NoSuchElementException: Unable to locate element: {&quot;method&quot;:&quot;xpath&quot;,&quot;selector&quot;:&quot;//a[text()=&apos;MotelyEdited&apos;]&quot;}
Command duration or timeout: 5 milliseconds
For documentation on this error, please visit: http://seleniumhq.org/exceptions/no_such_element.html
Build info: version: &apos;2.35.0&apos;, revision: &apos;8df0c6b&apos;, time: &apos;2013-08-12 15:43:19&apos;
System info: os.name: &apos;Windows Server 2012 R2&apos;, os.arch: &apos;amd64&apos;, os.version: &apos;6.3&apos;, java.version: &apos;1.8.0_31&apos;
Driver info: org.openqa.selenium.firefox.FirefoxDriver
Capabilities [{applicationCacheEnabled=true, rotatable=false, handlesAlerts=true, databaseEnabled=true, version=25.0.1, platform=XP, browserConnectionEnabled=true, nativeEvents=true, acceptSslCerts=true, webStorageEnabled=true, locationContextEnabled=true, browserName=firefox, takesScreenshot=true, javascriptEnabled=true, cssSelectorsEnabled=true}]
Session ID: 17457d6b-e1e0-4a8d-ae7c-84a3316731d8
	at sun.reflect.GeneratedConstructorAccessor35.newInstance(Unknown Source)
	at sun.reflect.DelegatingConstructorAccessorImpl.newInstance(Unknown Source)
	at java.lang.reflect.Constructor.newInstance(Unknown Source)
	at org.openqa.selenium.remote.ErrorHandler.createThrowable(ErrorHandler.java:191)
	at org.openqa.selenium.remote.ErrorHandler.throwIfResponseFailed(ErrorHandler.java:145)
	at org.openqa.selenium.remote.RemoteWebDriver.execute(RemoteWebDriver.java:554)
	at org.openqa.selenium.remote.RemoteWebDriver.findElement(RemoteWebDriver.java:307)
	at org.openqa.selenium.remote.RemoteWebDriver.findElementByXPath(RemoteWebDriver.java:404)
	at org.openqa.selenium.By$ByXPath.findElement(By.java:344)
	at org.openqa.selenium.remote.RemoteWebDriver.findElement(RemoteWebDriver.java:299)
	at org.openqa.selenium.support.ui.ExpectedConditions.findElement(ExpectedConditions.java:579)
	at org.openqa.selenium.support.ui.ExpectedConditions.access$0(ExpectedConditions.java:577)
	at org.openqa.selenium.support.ui.ExpectedConditions$4.apply(ExpectedConditions.java:130)
	at org.openqa.selenium.support.ui.ExpectedConditions$4.apply(ExpectedConditions.java:1)
	at org.openqa.selenium.support.ui.FluentWait.until(FluentWait.java:208)
	... 26 more
Caused by: org.openqa.selenium.remote.ErrorHandler$UnknownServerException: Unable to locate element: {&quot;method&quot;:&quot;xpath&quot;,&quot;selector&quot;:&quot;//a[text()=&apos;MotelyEdited&apos;]&quot;}
Build info: version: &apos;2.35.0&apos;, revision: &apos;8df0c6b&apos;, time: &apos;2013-08-12 15:43:19&apos;
System info: os.name: &apos;Windows Server 2012 R2&apos;, os.arch: &apos;amd64&apos;, os.version: &apos;6.3&apos;, java.version: &apos;1.8.0_31&apos;
Driver info: driver.version: unknown
	at &lt;anonymous class&gt;.FirefoxDriver.prototype.findElementInternal_(file:///C:/Users/SHIVAK~1/AppData/Local/Temp/4/anonymous805176209671216252webdriver-profile/extensions/fxdriver@googlecode.com/components/driver_component.js:8880)
	at &lt;anonymous class&gt;.FirefoxDriver.prototype.findElement(file:///C:/Users/SHIVAK~1/AppData/Local/Temp/4/anonymous805176209671216252webdriver-profile/extensions/fxdriver@googlecode.com/components/driver_component.js:8889)
	at &lt;anonymous class&gt;.DelayedCommand.prototype.executeInternal_/h(file:///C:/Users/SHIVAK~1/AppData/Local/Temp/4/anonymous805176209671216252webdriver-profile/extensions/fxdriver@googlecode.com/components/command_processor.js:10817)
	at &lt;anonymous class&gt;.DelayedCommand.prototype.executeInternal_(file:///C:/Users/SHIVAK~1/AppData/Local/Temp/4/anonymous805176209671216252webdriver-profile/extensions/fxdriver@googlecode.com/components/command_processor.js:10822)
	at &lt;anonymous class&gt;.DelayedCommand.prototype.execute/&lt;(file:///C:/Users/SHIVAK~1/AppData/Local/Temp/4/anonymous805176209671216252webdriver-profile/extensions/fxdriver@googlecode.com/components/command_processor.js:10764)

</div> <!-- stack-trace -->
                </div> <!-- method-content -->
              </div> <!-- method -->
            </div> <!-- main-panel-content rounded-window-bottom -->
          </div> <!-- suite-MotelyFool_TestSuite-class-failed -->
          <div class="suite-MotelyFool_TestSuite-class-failed">
            <div class="main-panel-header rounded-window-top">
              <img src="failed.png"/>
              <span class="class-name">com.fool.UK.ecap.EmailCap</span>
            </div> <!-- main-panel-header rounded-window-top -->
            <div class="main-panel-content rounded-window-bottom">
              <div class="method">
                <div class="method-content">
                  <a name="emailCapGRHomepage">
                  </a> <!-- emailCapGRHomepage -->
                  <span class="method-name">emailCapGRHomepage</span>
                  <div class="stack-trace">java.lang.AssertionError: expected [false] but found [true]
	at org.testng.Assert.fail(Assert.java:94)
	at org.testng.Assert.failNotEquals(Assert.java:494)
	at org.testng.Assert.assertFalse(Assert.java:63)
	at org.testng.Assert.assertFalse(Assert.java:73)
	at com.fool.UK.ecap.EmailCap.emailCapGRHomepage(EmailCap.java:27)
	at sun.reflect.NativeMethodAccessorImpl.invoke0(Native Method)
	at sun.reflect.NativeMethodAccessorImpl.invoke(Unknown Source)
	at sun.reflect.DelegatingMethodAccessorImpl.invoke(Unknown Source)
	at java.lang.reflect.Method.invoke(Unknown Source)
	at org.testng.internal.MethodInvocationHelper.invokeMethod(MethodInvocationHelper.java:84)
	at org.testng.internal.Invoker.invokeMethod(Invoker.java:714)
	at org.testng.internal.Invoker.invokeTestMethod(Invoker.java:901)
	at org.testng.internal.Invoker.invokeTestMethods(Invoker.java:1231)
	at org.testng.internal.TestMethodWorker.invokeTestMethods(TestMethodWorker.java:127)
	at org.testng.internal.TestMethodWorker.run(TestMethodWorker.java:111)
	at org.testng.TestRunner.privateRun(TestRunner.java:767)
	at org.testng.TestRunner.run(TestRunner.java:617)
	at org.testng.SuiteRunner.runTest(SuiteRunner.java:334)
	at org.testng.SuiteRunner.runSequentially(SuiteRunner.java:329)
	at org.testng.SuiteRunner.privateRun(SuiteRunner.java:291)
	at org.testng.SuiteRunner.run(SuiteRunner.java:240)
	at org.testng.SuiteRunnerWorker.runSuite(SuiteRunnerWorker.java:52)
	at org.testng.SuiteRunnerWorker.run(SuiteRunnerWorker.java:86)
	at org.testng.TestNG.runSuitesSequentially(TestNG.java:1224)
	at org.testng.TestNG.runSuitesLocally(TestNG.java:1149)
	at org.testng.TestNG.run(TestNG.java:1057)
	at org.testng.remote.RemoteTestNG.run(RemoteTestNG.java:111)
	at org.testng.remote.RemoteTestNG.initAndRun(RemoteTestNG.java:204)
	at org.testng.remote.RemoteTestNG.main(RemoteTestNG.java:175)

</div> <!-- stack-trace -->
                </div> <!-- method-content -->
              </div> <!-- method -->
            </div> <!-- main-panel-content rounded-window-bottom -->
          </div> <!-- suite-MotelyFool_TestSuite-class-failed -->
          <div class="suite-MotelyFool_TestSuite-class-failed">
            <div class="main-panel-header rounded-window-top">
              <img src="failed.png"/>
              <span class="class-name">com.fool.UK.deletepost.DeletePost</span>
            </div> <!-- main-panel-header rounded-window-top -->
            <div class="main-panel-content rounded-window-bottom">
              <div class="method">
                <div class="method-content">
                  <a name="deleteCreatedPost">
                  </a> <!-- deleteCreatedPost -->
                  <span class="method-name">deleteCreatedPost</span>
                  <div class="stack-trace">org.openqa.selenium.NoSuchElementException: Unable to locate element: {&quot;method&quot;:&quot;xpath&quot;,&quot;selector&quot;:&quot;//a[text()=&apos;Move to Trash&apos;]&quot;}
Command duration or timeout: 6 milliseconds
For documentation on this error, please visit: http://seleniumhq.org/exceptions/no_such_element.html
Build info: version: &apos;2.35.0&apos;, revision: &apos;8df0c6b&apos;, time: &apos;2013-08-12 15:43:19&apos;
System info: os.name: &apos;Windows Server 2012 R2&apos;, os.arch: &apos;amd64&apos;, os.version: &apos;6.3&apos;, java.version: &apos;1.8.0_31&apos;
Driver info: org.openqa.selenium.firefox.FirefoxDriver
Capabilities [{applicationCacheEnabled=true, rotatable=false, handlesAlerts=true, databaseEnabled=true, version=25.0.1, platform=XP, browserConnectionEnabled=true, nativeEvents=true, acceptSslCerts=true, webStorageEnabled=true, locationContextEnabled=true, browserName=firefox, takesScreenshot=true, javascriptEnabled=true, cssSelectorsEnabled=true}]
Session ID: 02dd3c3b-1a5c-49a3-b014-d4eab082d073
	at sun.reflect.GeneratedConstructorAccessor35.newInstance(Unknown Source)
	at sun.reflect.DelegatingConstructorAccessorImpl.newInstance(Unknown Source)
	at java.lang.reflect.Constructor.newInstance(Unknown Source)
	at org.openqa.selenium.remote.ErrorHandler.createThrowable(ErrorHandler.java:191)
	at org.openqa.selenium.remote.ErrorHandler.throwIfResponseFailed(ErrorHandler.java:145)
	at org.openqa.selenium.remote.RemoteWebDriver.execute(RemoteWebDriver.java:554)
	at org.openqa.selenium.remote.RemoteWebDriver.findElement(RemoteWebDriver.java:307)
	at org.openqa.selenium.remote.RemoteWebDriver.findElementByXPath(RemoteWebDriver.java:404)
	at org.openqa.selenium.By$ByXPath.findElement(By.java:344)
	at org.openqa.selenium.remote.RemoteWebDriver.findElement(RemoteWebDriver.java:299)
	at com.fool.pageobject.PageObjectModule.clickButton(PageObjectModule.java:66)
	at com.fool.UK.deletepost.DeletePost.deleteCreatedPost(DeletePost.java:50)
	at sun.reflect.NativeMethodAccessorImpl.invoke0(Native Method)
	at sun.reflect.NativeMethodAccessorImpl.invoke(Unknown Source)
	at sun.reflect.DelegatingMethodAccessorImpl.invoke(Unknown Source)
	at java.lang.reflect.Method.invoke(Unknown Source)
	at org.testng.internal.MethodInvocationHelper.invokeMethod(MethodInvocationHelper.java:84)
	at org.testng.internal.Invoker.invokeMethod(Invoker.java:714)
	at org.testng.internal.Invoker.invokeTestMethod(Invoker.java:901)
	at org.testng.internal.Invoker.invokeTestMethods(Invoker.java:1231)
	at org.testng.internal.TestMethodWorker.invokeTestMethods(TestMethodWorker.java:127)
	at org.testng.internal.TestMethodWorker.run(TestMethodWorker.java:111)
	at org.testng.TestRunner.privateRun(TestRunner.java:767)
	at org.testng.TestRunner.run(TestRunner.java:617)
	at org.testng.SuiteRunner.runTest(SuiteRunner.java:334)
	at org.testng.SuiteRunner.runSequentially(SuiteRunner.java:329)
	at org.testng.SuiteRunner.privateRun(SuiteRunner.java:291)
	at org.testng.SuiteRunner.run(SuiteRunner.java:240)
	at org.testng.SuiteRunnerWorker.runSuite(SuiteRunnerWorker.java:52)
	at org.testng.SuiteRunnerWorker.run(SuiteRunnerWorker.java:86)
	at org.testng.TestNG.runSuitesSequentially(TestNG.java:1224)
	at org.testng.TestNG.runSuitesLocally(TestNG.java:1149)
	at org.testng.TestNG.run(TestNG.java:1057)
	at org.testng.remote.RemoteTestNG.run(RemoteTestNG.java:111)
	at org.testng.remote.RemoteTestNG.initAndRun(RemoteTestNG.java:204)
	at org.testng.remote.RemoteTestNG.main(RemoteTestNG.java:175)
Caused by: org.openqa.selenium.remote.ErrorHandler$UnknownServerException: Unable to locate element: {&quot;method&quot;:&quot;xpath&quot;,&quot;selector&quot;:&quot;//a[text()=&apos;Move to Trash&apos;]&quot;}
Build info: version: &apos;2.35.0&apos;, revision: &apos;8df0c6b&apos;, time: &apos;2013-08-12 15:43:19&apos;
System info: os.name: &apos;Windows Server 2012 R2&apos;, os.arch: &apos;amd64&apos;, os.version: &apos;6.3&apos;, java.version: &apos;1.8.0_31&apos;
Driver info: driver.version: unknown
	at &lt;anonymous class&gt;.FirefoxDriver.prototype.findElementInternal_(file:///C:/Users/SHIVAK~1/AppData/Local/Temp/4/anonymous8211941161246806141webdriver-profile/extensions/fxdriver@googlecode.com/components/driver_component.js:8880)
	at &lt;anonymous class&gt;.FirefoxDriver.prototype.findElement(file:///C:/Users/SHIVAK~1/AppData/Local/Temp/4/anonymous8211941161246806141webdriver-profile/extensions/fxdriver@googlecode.com/components/driver_component.js:8889)
	at &lt;anonymous class&gt;.DelayedCommand.prototype.executeInternal_/h(file:///C:/Users/SHIVAK~1/AppData/Local/Temp/4/anonymous8211941161246806141webdriver-profile/extensions/fxdriver@googlecode.com/components/command_processor.js:10817)
	at &lt;anonymous class&gt;.DelayedCommand.prototype.executeInternal_(file:///C:/Users/SHIVAK~1/AppData/Local/Temp/4/anonymous8211941161246806141webdriver-profile/extensions/fxdriver@googlecode.com/components/command_processor.js:10822)
	at &lt;anonymous class&gt;.DelayedCommand.prototype.execute/&lt;(file:///C:/Users/SHIVAK~1/AppData/Local/Temp/4/anonymous8211941161246806141webdriver-profile/extensions/fxdriver@googlecode.com/components/command_processor.js:10764)

</div> <!-- stack-trace -->
                </div> <!-- method-content -->
              </div> <!-- method -->
            </div> <!-- main-panel-content rounded-window-bottom -->
          </div> <!-- suite-MotelyFool_TestSuite-class-failed -->
          <div class="suite-MotelyFool_TestSuite-class-failed">
            <div class="main-panel-header rounded-window-top">
              <img src="failed.png"/>
              <span class="class-name">com.fool.UK.createpost.CreatePost</span>
            </div> <!-- main-panel-header rounded-window-top -->
            <div class="main-panel-content rounded-window-bottom">
              <div class="method">
                <div class="method-content">
                  <a name="messagePost">
                  </a> <!-- messagePost -->
                  <span class="method-name">messagePost</span>
                  <div class="stack-trace">java.lang.AssertionError: expected [false] but found [true]
	at org.testng.Assert.fail(Assert.java:94)
	at org.testng.Assert.failNotEquals(Assert.java:494)
	at org.testng.Assert.assertFalse(Assert.java:63)
	at org.testng.Assert.assertFalse(Assert.java:73)
	at com.fool.UK.createpost.CreatePost.messagePost(CreatePost.java:148)
	at sun.reflect.NativeMethodAccessorImpl.invoke0(Native Method)
	at sun.reflect.NativeMethodAccessorImpl.invoke(Unknown Source)
	at sun.reflect.DelegatingMethodAccessorImpl.invoke(Unknown Source)
	at java.lang.reflect.Method.invoke(Unknown Source)
	at org.testng.internal.MethodInvocationHelper.invokeMethod(MethodInvocationHelper.java:84)
	at org.testng.internal.Invoker.invokeMethod(Invoker.java:714)
	at org.testng.internal.Invoker.invokeTestMethod(Invoker.java:901)
	at org.testng.internal.Invoker.invokeTestMethods(Invoker.java:1231)
	at org.testng.internal.TestMethodWorker.invokeTestMethods(TestMethodWorker.java:127)
	at org.testng.internal.TestMethodWorker.run(TestMethodWorker.java:111)
	at org.testng.TestRunner.privateRun(TestRunner.java:767)
	at org.testng.TestRunner.run(TestRunner.java:617)
	at org.testng.SuiteRunner.runTest(SuiteRunner.java:334)
	at org.testng.SuiteRunner.runSequentially(SuiteRunner.java:329)
	at org.testng.SuiteRunner.privateRun(SuiteRunner.java:291)
	at org.testng.SuiteRunner.run(SuiteRunner.java:240)
	at org.testng.SuiteRunnerWorker.runSuite(SuiteRunnerWorker.java:52)
	at org.testng.SuiteRunnerWorker.run(SuiteRunnerWorker.java:86)
	at org.testng.TestNG.runSuitesSequentially(TestNG.java:1224)
	at org.testng.TestNG.runSuitesLocally(TestNG.java:1149)
	at org.testng.TestNG.run(TestNG.java:1057)
	at org.testng.remote.RemoteTestNG.run(RemoteTestNG.java:111)
	at org.testng.remote.RemoteTestNG.initAndRun(RemoteTestNG.java:204)
	at org.testng.remote.RemoteTestNG.main(RemoteTestNG.java:175)

</div> <!-- stack-trace -->
                </div> <!-- method-content -->
              </div> <!-- method -->
            </div> <!-- main-panel-content rounded-window-bottom -->
          </div> <!-- suite-MotelyFool_TestSuite-class-failed -->
          <div class="suite-MotelyFool_TestSuite-class-failed">
            <div class="main-panel-header rounded-window-top">
              <img src="failed.png"/>
              <span class="class-name">com.fool.ca.ecap.EmailCap</span>
            </div> <!-- main-panel-header rounded-window-top -->
            <div class="main-panel-content rounded-window-bottom">
              <div class="method">
                <div class="method-content">
                  <a name="emailCapCAHome">
                  </a> <!-- emailCapCAHome -->
                  <span class="method-name">emailCapCAHome</span>
                  <div class="stack-trace">java.lang.AssertionError: expected [false] but found [true]
	at org.testng.Assert.fail(Assert.java:94)
	at org.testng.Assert.failNotEquals(Assert.java:494)
	at org.testng.Assert.assertFalse(Assert.java:63)
	at org.testng.Assert.assertFalse(Assert.java:73)
	at com.fool.ca.ecap.EmailCap.emailCapCAHome(EmailCap.java:44)
	at sun.reflect.NativeMethodAccessorImpl.invoke0(Native Method)
	at sun.reflect.NativeMethodAccessorImpl.invoke(Unknown Source)
	at sun.reflect.DelegatingMethodAccessorImpl.invoke(Unknown Source)
	at java.lang.reflect.Method.invoke(Unknown Source)
	at org.testng.internal.MethodInvocationHelper.invokeMethod(MethodInvocationHelper.java:84)
	at org.testng.internal.Invoker.invokeMethod(Invoker.java:714)
	at org.testng.internal.Invoker.invokeTestMethod(Invoker.java:901)
	at org.testng.internal.Invoker.invokeTestMethods(Invoker.java:1231)
	at org.testng.internal.TestMethodWorker.invokeTestMethods(TestMethodWorker.java:127)
	at org.testng.internal.TestMethodWorker.run(TestMethodWorker.java:111)
	at org.testng.TestRunner.privateRun(TestRunner.java:767)
	at org.testng.TestRunner.run(TestRunner.java:617)
	at org.testng.SuiteRunner.runTest(SuiteRunner.java:334)
	at org.testng.SuiteRunner.runSequentially(SuiteRunner.java:329)
	at org.testng.SuiteRunner.privateRun(SuiteRunner.java:291)
	at org.testng.SuiteRunner.run(SuiteRunner.java:240)
	at org.testng.SuiteRunnerWorker.runSuite(SuiteRunnerWorker.java:52)
	at org.testng.SuiteRunnerWorker.run(SuiteRunnerWorker.java:86)
	at org.testng.TestNG.runSuitesSequentially(TestNG.java:1224)
	at org.testng.TestNG.runSuitesLocally(TestNG.java:1149)
	at org.testng.TestNG.run(TestNG.java:1057)
	at org.testng.remote.RemoteTestNG.run(RemoteTestNG.java:111)
	at org.testng.remote.RemoteTestNG.initAndRun(RemoteTestNG.java:204)
	at org.testng.remote.RemoteTestNG.main(RemoteTestNG.java:175)

</div> <!-- stack-trace -->
                </div> <!-- method-content -->
              </div> <!-- method -->
              <div class="method">
                <div class="method-content">
                  <a name="emailCapCAsplrep">
                  </a> <!-- emailCapCAsplrep -->
                  <span class="method-name">emailCapCAsplrep</span>
                  <div class="stack-trace">java.lang.AssertionError: expected [false] but found [true]
	at org.testng.Assert.fail(Assert.java:94)
	at org.testng.Assert.failNotEquals(Assert.java:494)
	at org.testng.Assert.assertFalse(Assert.java:63)
	at org.testng.Assert.assertFalse(Assert.java:73)
	at com.fool.ca.ecap.EmailCap.emailCapCAsplrep(EmailCap.java:95)
	at sun.reflect.NativeMethodAccessorImpl.invoke0(Native Method)
	at sun.reflect.NativeMethodAccessorImpl.invoke(Unknown Source)
	at sun.reflect.DelegatingMethodAccessorImpl.invoke(Unknown Source)
	at java.lang.reflect.Method.invoke(Unknown Source)
	at org.testng.internal.MethodInvocationHelper.invokeMethod(MethodInvocationHelper.java:84)
	at org.testng.internal.Invoker.invokeMethod(Invoker.java:714)
	at org.testng.internal.Invoker.invokeTestMethod(Invoker.java:901)
	at org.testng.internal.Invoker.invokeTestMethods(Invoker.java:1231)
	at org.testng.internal.TestMethodWorker.invokeTestMethods(TestMethodWorker.java:127)
	at org.testng.internal.TestMethodWorker.run(TestMethodWorker.java:111)
	at org.testng.TestRunner.privateRun(TestRunner.java:767)
	at org.testng.TestRunner.run(TestRunner.java:617)
	at org.testng.SuiteRunner.runTest(SuiteRunner.java:334)
	at org.testng.SuiteRunner.runSequentially(SuiteRunner.java:329)
	at org.testng.SuiteRunner.privateRun(SuiteRunner.java:291)
	at org.testng.SuiteRunner.run(SuiteRunner.java:240)
	at org.testng.SuiteRunnerWorker.runSuite(SuiteRunnerWorker.java:52)
	at org.testng.SuiteRunnerWorker.run(SuiteRunnerWorker.java:86)
	at org.testng.TestNG.runSuitesSequentially(TestNG.java:1224)
	at org.testng.TestNG.runSuitesLocally(TestNG.java:1149)
	at org.testng.TestNG.run(TestNG.java:1057)
	at org.testng.remote.RemoteTestNG.run(RemoteTestNG.java:111)
	at org.testng.remote.RemoteTestNG.initAndRun(RemoteTestNG.java:204)
	at org.testng.remote.RemoteTestNG.main(RemoteTestNG.java:175)

</div> <!-- stack-trace -->
                </div> <!-- method-content -->
              </div> <!-- method -->
            </div> <!-- main-panel-content rounded-window-bottom -->
          </div> <!-- suite-MotelyFool_TestSuite-class-failed -->
          <div class="suite-MotelyFool_TestSuite-class-failed">
            <div class="main-panel-header rounded-window-top">
              <img src="failed.png"/>
              <span class="class-name">com.fool.au.ecap.EmailCap</span>
            </div> <!-- main-panel-header rounded-window-top -->
            <div class="main-panel-content rounded-window-bottom">
              <div class="method">
                <div class="method-content">
                  <a name="emailCapAUHomepage">
                  </a> <!-- emailCapAUHomepage -->
                  <span class="method-name">emailCapAUHomepage</span>
                  <div class="stack-trace">org.openqa.selenium.TimeoutException: Timed out after 30 seconds waiting for visibility of element located by By.xpath: //h2[text()=&apos;The Motley Fool’s Top Stock for 2016&apos;]
Build info: version: &apos;2.35.0&apos;, revision: &apos;8df0c6b&apos;, time: &apos;2013-08-12 15:43:19&apos;
System info: os.name: &apos;Windows Server 2012 R2&apos;, os.arch: &apos;amd64&apos;, os.version: &apos;6.3&apos;, java.version: &apos;1.8.0_31&apos;
Driver info: driver.version: unknown
	at org.openqa.selenium.support.ui.FluentWait.timeoutException(FluentWait.java:259)
	at org.openqa.selenium.support.ui.FluentWait.until(FluentWait.java:228)
	at com.fool.pageobject.PageObjectModule.sync(PageObjectModule.java:89)
	at com.fool.au.ecap.EmailCap.emailCapAUHomepage(EmailCap.java:37)
	at sun.reflect.NativeMethodAccessorImpl.invoke0(Native Method)
	at sun.reflect.NativeMethodAccessorImpl.invoke(Unknown Source)
	at sun.reflect.DelegatingMethodAccessorImpl.invoke(Unknown Source)
	at java.lang.reflect.Method.invoke(Unknown Source)
	at org.testng.internal.MethodInvocationHelper.invokeMethod(MethodInvocationHelper.java:84)
	at org.testng.internal.Invoker.invokeMethod(Invoker.java:714)
	at org.testng.internal.Invoker.invokeTestMethod(Invoker.java:901)
	at org.testng.internal.Invoker.invokeTestMethods(Invoker.java:1231)
	at org.testng.internal.TestMethodWorker.invokeTestMethods(TestMethodWorker.java:127)
	at org.testng.internal.TestMethodWorker.run(TestMethodWorker.java:111)
	at org.testng.TestRunner.privateRun(TestRunner.java:767)
	at org.testng.TestRunner.run(TestRunner.java:617)
	at org.testng.SuiteRunner.runTest(SuiteRunner.java:334)
	at org.testng.SuiteRunner.runSequentially(SuiteRunner.java:329)
	at org.testng.SuiteRunner.privateRun(SuiteRunner.java:291)
	at org.testng.SuiteRunner.run(SuiteRunner.java:240)
	at org.testng.SuiteRunnerWorker.runSuite(SuiteRunnerWorker.java:52)
	at org.testng.SuiteRunnerWorker.run(SuiteRunnerWorker.java:86)
	at org.testng.TestNG.runSuitesSequentially(TestNG.java:1224)
	at org.testng.TestNG.runSuitesLocally(TestNG.java:1149)
	at org.testng.TestNG.run(TestNG.java:1057)
	at org.testng.remote.RemoteTestNG.run(RemoteTestNG.java:111)
	at org.testng.remote.RemoteTestNG.initAndRun(RemoteTestNG.java:204)
	at org.testng.remote.RemoteTestNG.main(RemoteTestNG.java:175)
Caused by: org.openqa.selenium.NoSuchElementException: Unable to locate element: {&quot;method&quot;:&quot;xpath&quot;,&quot;selector&quot;:&quot;//h2[text()=&apos;The Motley Fool’s Top Stock for 2016&apos;]&quot;}
Command duration or timeout: 0 milliseconds
For documentation on this error, please visit: http://seleniumhq.org/exceptions/no_such_element.html
Build info: version: &apos;2.35.0&apos;, revision: &apos;8df0c6b&apos;, time: &apos;2013-08-12 15:43:19&apos;
System info: os.name: &apos;Windows Server 2012 R2&apos;, os.arch: &apos;amd64&apos;, os.version: &apos;6.3&apos;, java.version: &apos;1.8.0_31&apos;
Driver info: org.openqa.selenium.firefox.FirefoxDriver
Capabilities [{applicationCacheEnabled=true, rotatable=false, handlesAlerts=true, databaseEnabled=true, version=25.0.1, platform=XP, browserConnectionEnabled=true, nativeEvents=true, acceptSslCerts=true, webStorageEnabled=true, locationContextEnabled=true, browserName=firefox, takesScreenshot=true, javascriptEnabled=true, cssSelectorsEnabled=true}]
Session ID: 2e456ce0-5469-4109-8a60-f6b68a235f18
	at sun.reflect.GeneratedConstructorAccessor35.newInstance(Unknown Source)
	at sun.reflect.DelegatingConstructorAccessorImpl.newInstance(Unknown Source)
	at java.lang.reflect.Constructor.newInstance(Unknown Source)
	at org.openqa.selenium.remote.ErrorHandler.createThrowable(ErrorHandler.java:191)
	at org.openqa.selenium.remote.ErrorHandler.throwIfResponseFailed(ErrorHandler.java:145)
	at org.openqa.selenium.remote.RemoteWebDriver.execute(RemoteWebDriver.java:554)
	at org.openqa.selenium.remote.RemoteWebDriver.findElement(RemoteWebDriver.java:307)
	at org.openqa.selenium.remote.RemoteWebDriver.findElementByXPath(RemoteWebDriver.java:404)
	at org.openqa.selenium.By$ByXPath.findElement(By.java:344)
	at org.openqa.selenium.remote.RemoteWebDriver.findElement(RemoteWebDriver.java:299)
	at org.openqa.selenium.support.ui.ExpectedConditions.findElement(ExpectedConditions.java:579)
	at org.openqa.selenium.support.ui.ExpectedConditions.access$0(ExpectedConditions.java:577)
	at org.openqa.selenium.support.ui.ExpectedConditions$4.apply(ExpectedConditions.java:130)
	at org.openqa.selenium.support.ui.ExpectedConditions$4.apply(ExpectedConditions.java:1)
	at org.openqa.selenium.support.ui.FluentWait.until(FluentWait.java:208)
	... 26 more
Caused by: org.openqa.selenium.remote.ErrorHandler$UnknownServerException: Unable to locate element: {&quot;method&quot;:&quot;xpath&quot;,&quot;selector&quot;:&quot;//h2[text()=&apos;The Motley Fool’s Top Stock for 2016&apos;]&quot;}
Build info: version: &apos;2.35.0&apos;, revision: &apos;8df0c6b&apos;, time: &apos;2013-08-12 15:43:19&apos;
System info: os.name: &apos;Windows Server 2012 R2&apos;, os.arch: &apos;amd64&apos;, os.version: &apos;6.3&apos;, java.version: &apos;1.8.0_31&apos;
Driver info: driver.version: unknown
	at &lt;anonymous class&gt;.FirefoxDriver.prototype.findElementInternal_(file:///C:/Users/SHIVAK~1/AppData/Local/Temp/4/anonymous2252150047517001642webdriver-profile/extensions/fxdriver@googlecode.com/components/driver_component.js:8880)
	at &lt;anonymous class&gt;.FirefoxDriver.prototype.findElement(file:///C:/Users/SHIVAK~1/AppData/Local/Temp/4/anonymous2252150047517001642webdriver-profile/extensions/fxdriver@googlecode.com/components/driver_component.js:8889)
	at &lt;anonymous class&gt;.DelayedCommand.prototype.executeInternal_/h(file:///C:/Users/SHIVAK~1/AppData/Local/Temp/4/anonymous2252150047517001642webdriver-profile/extensions/fxdriver@googlecode.com/components/command_processor.js:10817)
	at &lt;anonymous class&gt;.DelayedCommand.prototype.executeInternal_(file:///C:/Users/SHIVAK~1/AppData/Local/Temp/4/anonymous2252150047517001642webdriver-profile/extensions/fxdriver@googlecode.com/components/command_processor.js:10822)
	at &lt;anonymous class&gt;.DelayedCommand.prototype.execute/&lt;(file:///C:/Users/SHIVAK~1/AppData/Local/Temp/4/anonymous2252150047517001642webdriver-profile/extensions/fxdriver@googlecode.com/components/command_processor.js:10764)

</div> <!-- stack-trace -->
                </div> <!-- method-content -->
              </div> <!-- method -->
            </div> <!-- main-panel-content rounded-window-bottom -->
          </div> <!-- suite-MotelyFool_TestSuite-class-failed -->
          <div class="suite-MotelyFool_TestSuite-class-failed">
            <div class="main-panel-header rounded-window-top">
              <img src="failed.png"/>
              <span class="class-name">com.fool.au.editpost.EditPost</span>
            </div> <!-- main-panel-header rounded-window-top -->
            <div class="main-panel-content rounded-window-bottom">
              <div class="method">
                <div class="method-content">
                  <a name="editingPost">
                  </a> <!-- editingPost -->
                  <span class="method-name">editingPost</span>
                  <div class="stack-trace">org.openqa.selenium.TimeoutException: Timed out after 30 seconds waiting for visibility of element located by By.xpath: //a[text()=&apos;TestingMotely&apos;]
Build info: version: &apos;2.35.0&apos;, revision: &apos;8df0c6b&apos;, time: &apos;2013-08-12 15:43:19&apos;
System info: os.name: &apos;Windows Server 2012 R2&apos;, os.arch: &apos;amd64&apos;, os.version: &apos;6.3&apos;, java.version: &apos;1.8.0_31&apos;
Driver info: driver.version: unknown
	at org.openqa.selenium.support.ui.FluentWait.timeoutException(FluentWait.java:259)
	at org.openqa.selenium.support.ui.FluentWait.until(FluentWait.java:228)
	at com.fool.pageobject.PageObjectModule.sync(PageObjectModule.java:89)
	at com.fool.au.editpost.EditPost.editingPost(EditPost.java:131)
	at sun.reflect.NativeMethodAccessorImpl.invoke0(Native Method)
	at sun.reflect.NativeMethodAccessorImpl.invoke(Unknown Source)
	at sun.reflect.DelegatingMethodAccessorImpl.invoke(Unknown Source)
	at java.lang.reflect.Method.invoke(Unknown Source)
	at org.testng.internal.MethodInvocationHelper.invokeMethod(MethodInvocationHelper.java:84)
	at org.testng.internal.Invoker.invokeMethod(Invoker.java:714)
	at org.testng.internal.Invoker.invokeTestMethod(Invoker.java:901)
	at org.testng.internal.Invoker.invokeTestMethods(Invoker.java:1231)
	at org.testng.internal.TestMethodWorker.invokeTestMethods(TestMethodWorker.java:127)
	at org.testng.internal.TestMethodWorker.run(TestMethodWorker.java:111)
	at org.testng.TestRunner.privateRun(TestRunner.java:767)
	at org.testng.TestRunner.run(TestRunner.java:617)
	at org.testng.SuiteRunner.runTest(SuiteRunner.java:334)
	at org.testng.SuiteRunner.runSequentially(SuiteRunner.java:329)
	at org.testng.SuiteRunner.privateRun(SuiteRunner.java:291)
	at org.testng.SuiteRunner.run(SuiteRunner.java:240)
	at org.testng.SuiteRunnerWorker.runSuite(SuiteRunnerWorker.java:52)
	at org.testng.SuiteRunnerWorker.run(SuiteRunnerWorker.java:86)
	at org.testng.TestNG.runSuitesSequentially(TestNG.java:1224)
	at org.testng.TestNG.runSuitesLocally(TestNG.java:1149)
	at org.testng.TestNG.run(TestNG.java:1057)
	at org.testng.remote.RemoteTestNG.run(RemoteTestNG.java:111)
	at org.testng.remote.RemoteTestNG.initAndRun(RemoteTestNG.java:204)
	at org.testng.remote.RemoteTestNG.main(RemoteTestNG.java:175)
Caused by: org.openqa.selenium.NoSuchElementException: Unable to locate element: {&quot;method&quot;:&quot;xpath&quot;,&quot;selector&quot;:&quot;//a[text()=&apos;TestingMotely&apos;]&quot;}
Command duration or timeout: 18 milliseconds
For documentation on this error, please visit: http://seleniumhq.org/exceptions/no_such_element.html
Build info: version: &apos;2.35.0&apos;, revision: &apos;8df0c6b&apos;, time: &apos;2013-08-12 15:43:19&apos;
System info: os.name: &apos;Windows Server 2012 R2&apos;, os.arch: &apos;amd64&apos;, os.version: &apos;6.3&apos;, java.version: &apos;1.8.0_31&apos;
Driver info: org.openqa.selenium.firefox.FirefoxDriver
Capabilities [{applicationCacheEnabled=true, rotatable=false, handlesAlerts=true, databaseEnabled=true, version=25.0.1, platform=XP, browserConnectionEnabled=true, nativeEvents=true, acceptSslCerts=true, webStorageEnabled=true, locationContextEnabled=true, browserName=firefox, takesScreenshot=true, javascriptEnabled=true, cssSelectorsEnabled=true}]
Session ID: 3d97a1b4-8836-4e66-97e2-b8871e248400
	at sun.reflect.GeneratedConstructorAccessor35.newInstance(Unknown Source)
	at sun.reflect.DelegatingConstructorAccessorImpl.newInstance(Unknown Source)
	at java.lang.reflect.Constructor.newInstance(Unknown Source)
	at org.openqa.selenium.remote.ErrorHandler.createThrowable(ErrorHandler.java:191)
	at org.openqa.selenium.remote.ErrorHandler.throwIfResponseFailed(ErrorHandler.java:145)
	at org.openqa.selenium.remote.RemoteWebDriver.execute(RemoteWebDriver.java:554)
	at org.openqa.selenium.remote.RemoteWebDriver.findElement(RemoteWebDriver.java:307)
	at org.openqa.selenium.remote.RemoteWebDriver.findElementByXPath(RemoteWebDriver.java:404)
	at org.openqa.selenium.By$ByXPath.findElement(By.java:344)
	at org.openqa.selenium.remote.RemoteWebDriver.findElement(RemoteWebDriver.java:299)
	at org.openqa.selenium.support.ui.ExpectedConditions.findElement(ExpectedConditions.java:579)
	at org.openqa.selenium.support.ui.ExpectedConditions.access$0(ExpectedConditions.java:577)
	at org.openqa.selenium.support.ui.ExpectedConditions$4.apply(ExpectedConditions.java:130)
	at org.openqa.selenium.support.ui.ExpectedConditions$4.apply(ExpectedConditions.java:1)
	at org.openqa.selenium.support.ui.FluentWait.until(FluentWait.java:208)
	... 26 more
Caused by: org.openqa.selenium.remote.ErrorHandler$UnknownServerException: Unable to locate element: {&quot;method&quot;:&quot;xpath&quot;,&quot;selector&quot;:&quot;//a[text()=&apos;TestingMotely&apos;]&quot;}
Build info: version: &apos;2.35.0&apos;, revision: &apos;8df0c6b&apos;, time: &apos;2013-08-12 15:43:19&apos;
System info: os.name: &apos;Windows Server 2012 R2&apos;, os.arch: &apos;amd64&apos;, os.version: &apos;6.3&apos;, java.version: &apos;1.8.0_31&apos;
Driver info: driver.version: unknown
	at &lt;anonymous class&gt;.FirefoxDriver.prototype.findElementInternal_(file:///C:/Users/SHIVAK~1/AppData/Local/Temp/4/anonymous7749373095288952984webdriver-profile/extensions/fxdriver@googlecode.com/components/driver_component.js:8880)
	at &lt;anonymous class&gt;.FirefoxDriver.prototype.findElement(file:///C:/Users/SHIVAK~1/AppData/Local/Temp/4/anonymous7749373095288952984webdriver-profile/extensions/fxdriver@googlecode.com/components/driver_component.js:8889)
	at &lt;anonymous class&gt;.DelayedCommand.prototype.executeInternal_/h(file:///C:/Users/SHIVAK~1/AppData/Local/Temp/4/anonymous7749373095288952984webdriver-profile/extensions/fxdriver@googlecode.com/components/command_processor.js:10817)
	at &lt;anonymous class&gt;.DelayedCommand.prototype.executeInternal_(file:///C:/Users/SHIVAK~1/AppData/Local/Temp/4/anonymous7749373095288952984webdriver-profile/extensions/fxdriver@googlecode.com/components/command_processor.js:10822)
	at &lt;anonymous class&gt;.DelayedCommand.prototype.execute/&lt;(file:///C:/Users/SHIVAK~1/AppData/Local/Temp/4/anonymous7749373095288952984webdriver-profile/extensions/fxdriver@googlecode.com/components/command_processor.js:10764)

</div> <!-- stack-trace -->
                </div> <!-- method-content -->
              </div> <!-- method -->
            </div> <!-- main-panel-content rounded-window-bottom -->
          </div> <!-- suite-MotelyFool_TestSuite-class-failed -->
          <div class="suite-MotelyFool_TestSuite-class-failed">
            <div class="main-panel-header rounded-window-top">
              <img src="failed.png"/>
              <span class="class-name">com.fool.ca.stockdvisor.Stockadvisor</span>
            </div> <!-- main-panel-header rounded-window-top -->
            <div class="main-panel-content rounded-window-bottom">
              <div class="method">
                <div class="method-content">
                  <a name="emailCapCAStockadvisorfrm">
                  </a> <!-- emailCapCAStockadvisorfrm -->
                  <span class="method-name">emailCapCAStockadvisorfrm</span>
                  <div class="stack-trace">java.lang.AssertionError: expected [false] but found [true]
	at org.testng.Assert.fail(Assert.java:94)
	at org.testng.Assert.failNotEquals(Assert.java:494)
	at org.testng.Assert.assertFalse(Assert.java:63)
	at org.testng.Assert.assertFalse(Assert.java:73)
	at com.fool.ca.stockdvisor.Stockadvisor.emailCapCAStockadvisorfrm(Stockadvisor.java:439)
	at sun.reflect.NativeMethodAccessorImpl.invoke0(Native Method)
	at sun.reflect.NativeMethodAccessorImpl.invoke(Unknown Source)
	at sun.reflect.DelegatingMethodAccessorImpl.invoke(Unknown Source)
	at java.lang.reflect.Method.invoke(Unknown Source)
	at org.testng.internal.MethodInvocationHelper.invokeMethod(MethodInvocationHelper.java:84)
	at org.testng.internal.Invoker.invokeMethod(Invoker.java:714)
	at org.testng.internal.Invoker.invokeTestMethod(Invoker.java:901)
	at org.testng.internal.Invoker.invokeTestMethods(Invoker.java:1231)
	at org.testng.internal.TestMethodWorker.invokeTestMethods(TestMethodWorker.java:127)
	at org.testng.internal.TestMethodWorker.run(TestMethodWorker.java:111)
	at org.testng.TestRunner.privateRun(TestRunner.java:767)
	at org.testng.TestRunner.run(TestRunner.java:617)
	at org.testng.SuiteRunner.runTest(SuiteRunner.java:334)
	at org.testng.SuiteRunner.runSequentially(SuiteRunner.java:329)
	at org.testng.SuiteRunner.privateRun(SuiteRunner.java:291)
	at org.testng.SuiteRunner.run(SuiteRunner.java:240)
	at org.testng.SuiteRunnerWorker.runSuite(SuiteRunnerWorker.java:52)
	at org.testng.SuiteRunnerWorker.run(SuiteRunnerWorker.java:86)
	at org.testng.TestNG.runSuitesSequentially(TestNG.java:1224)
	at org.testng.TestNG.runSuitesLocally(TestNG.java:1149)
	at org.testng.TestNG.run(TestNG.java:1057)
	at org.testng.remote.RemoteTestNG.run(RemoteTestNG.java:111)
	at org.testng.remote.RemoteTestNG.initAndRun(RemoteTestNG.java:204)
	at org.testng.remote.RemoteTestNG.main(RemoteTestNG.java:175)

</div> <!-- stack-trace -->
                </div> <!-- method-content -->
              </div> <!-- method -->
            </div> <!-- main-panel-content rounded-window-bottom -->
          </div> <!-- suite-MotelyFool_TestSuite-class-failed -->
          <div class="suite-MotelyFool_TestSuite-class-failed">
            <div class="main-panel-header rounded-window-top">
              <img src="failed.png"/>
              <span class="class-name">com.fool.au.createpost.CreatePost</span>
            </div> <!-- main-panel-header rounded-window-top -->
            <div class="main-panel-content rounded-window-bottom">
              <div class="method">
                <div class="method-content">
                  <a name="messagePost">
                  </a> <!-- messagePost -->
                  <span class="method-name">messagePost</span>
                  <div class="stack-trace">org.openqa.selenium.TimeoutException: Timed out after 30 seconds waiting for visibility of element located by By.xpath: //a[text()=&apos;MotelyEdited&apos;]
Build info: version: &apos;2.35.0&apos;, revision: &apos;8df0c6b&apos;, time: &apos;2013-08-12 15:43:19&apos;
System info: os.name: &apos;Windows Server 2012 R2&apos;, os.arch: &apos;amd64&apos;, os.version: &apos;6.3&apos;, java.version: &apos;1.8.0_31&apos;
Driver info: driver.version: unknown
	at org.openqa.selenium.support.ui.FluentWait.timeoutException(FluentWait.java:259)
	at org.openqa.selenium.support.ui.FluentWait.until(FluentWait.java:228)
	at com.fool.pageobject.PageObjectModule.sync(PageObjectModule.java:89)
	at com.fool.au.createpost.CreatePost.messagePost(CreatePost.java:134)
	at sun.reflect.NativeMethodAccessorImpl.invoke0(Native Method)
	at sun.reflect.NativeMethodAccessorImpl.invoke(Unknown Source)
	at sun.reflect.DelegatingMethodAccessorImpl.invoke(Unknown Source)
	at java.lang.reflect.Method.invoke(Unknown Source)
	at org.testng.internal.MethodInvocationHelper.invokeMethod(MethodInvocationHelper.java:84)
	at org.testng.internal.Invoker.invokeMethod(Invoker.java:714)
	at org.testng.internal.Invoker.invokeTestMethod(Invoker.java:901)
	at org.testng.internal.Invoker.invokeTestMethods(Invoker.java:1231)
	at org.testng.internal.TestMethodWorker.invokeTestMethods(TestMethodWorker.java:127)
	at org.testng.internal.TestMethodWorker.run(TestMethodWorker.java:111)
	at org.testng.TestRunner.privateRun(TestRunner.java:767)
	at org.testng.TestRunner.run(TestRunner.java:617)
	at org.testng.SuiteRunner.runTest(SuiteRunner.java:334)
	at org.testng.SuiteRunner.runSequentially(SuiteRunner.java:329)
	at org.testng.SuiteRunner.privateRun(SuiteRunner.java:291)
	at org.testng.SuiteRunner.run(SuiteRunner.java:240)
	at org.testng.SuiteRunnerWorker.runSuite(SuiteRunnerWorker.java:52)
	at org.testng.SuiteRunnerWorker.run(SuiteRunnerWorker.java:86)
	at org.testng.TestNG.runSuitesSequentially(TestNG.java:1224)
	at org.testng.TestNG.runSuitesLocally(TestNG.java:1149)
	at org.testng.TestNG.run(TestNG.java:1057)
	at org.testng.remote.RemoteTestNG.run(RemoteTestNG.java:111)
	at org.testng.remote.RemoteTestNG.initAndRun(RemoteTestNG.java:204)
	at org.testng.remote.RemoteTestNG.main(RemoteTestNG.java:175)
Caused by: org.openqa.selenium.NoSuchElementException: Unable to locate element: {&quot;method&quot;:&quot;xpath&quot;,&quot;selector&quot;:&quot;//a[text()=&apos;MotelyEdited&apos;]&quot;}
Command duration or timeout: 5 milliseconds
For documentation on this error, please visit: http://seleniumhq.org/exceptions/no_such_element.html
Build info: version: &apos;2.35.0&apos;, revision: &apos;8df0c6b&apos;, time: &apos;2013-08-12 15:43:19&apos;
System info: os.name: &apos;Windows Server 2012 R2&apos;, os.arch: &apos;amd64&apos;, os.version: &apos;6.3&apos;, java.version: &apos;1.8.0_31&apos;
Driver info: org.openqa.selenium.firefox.FirefoxDriver
Capabilities [{applicationCacheEnabled=true, rotatable=false, handlesAlerts=true, databaseEnabled=true, version=25.0.1, platform=XP, browserConnectionEnabled=true, nativeEvents=true, acceptSslCerts=true, webStorageEnabled=true, locationContextEnabled=true, browserName=firefox, takesScreenshot=true, javascriptEnabled=true, cssSelectorsEnabled=true}]
Session ID: 498a6756-6acf-44cc-a0d0-6b240be9f7e4
	at sun.reflect.GeneratedConstructorAccessor35.newInstance(Unknown Source)
	at sun.reflect.DelegatingConstructorAccessorImpl.newInstance(Unknown Source)
	at java.lang.reflect.Constructor.newInstance(Unknown Source)
	at org.openqa.selenium.remote.ErrorHandler.createThrowable(ErrorHandler.java:191)
	at org.openqa.selenium.remote.ErrorHandler.throwIfResponseFailed(ErrorHandler.java:145)
	at org.openqa.selenium.remote.RemoteWebDriver.execute(RemoteWebDriver.java:554)
	at org.openqa.selenium.remote.RemoteWebDriver.findElement(RemoteWebDriver.java:307)
	at org.openqa.selenium.remote.RemoteWebDriver.findElementByXPath(RemoteWebDriver.java:404)
	at org.openqa.selenium.By$ByXPath.findElement(By.java:344)
	at org.openqa.selenium.remote.RemoteWebDriver.findElement(RemoteWebDriver.java:299)
	at org.openqa.selenium.support.ui.ExpectedConditions.findElement(ExpectedConditions.java:579)
	at org.openqa.selenium.support.ui.ExpectedConditions.access$0(ExpectedConditions.java:577)
	at org.openqa.selenium.support.ui.ExpectedConditions$4.apply(ExpectedConditions.java:130)
	at org.openqa.selenium.support.ui.ExpectedConditions$4.apply(ExpectedConditions.java:1)
	at org.openqa.selenium.support.ui.FluentWait.until(FluentWait.java:208)
	... 26 more
Caused by: org.openqa.selenium.remote.ErrorHandler$UnknownServerException: Unable to locate element: {&quot;method&quot;:&quot;xpath&quot;,&quot;selector&quot;:&quot;//a[text()=&apos;MotelyEdited&apos;]&quot;}
Build info: version: &apos;2.35.0&apos;, revision: &apos;8df0c6b&apos;, time: &apos;2013-08-12 15:43:19&apos;
System info: os.name: &apos;Windows Server 2012 R2&apos;, os.arch: &apos;amd64&apos;, os.version: &apos;6.3&apos;, java.version: &apos;1.8.0_31&apos;
Driver info: driver.version: unknown
	at &lt;anonymous class&gt;.FirefoxDriver.prototype.findElementInternal_(file:///C:/Users/SHIVAK~1/AppData/Local/Temp/4/anonymous1312585041699480686webdriver-profile/extensions/fxdriver@googlecode.com/components/driver_component.js:8880)
	at &lt;anonymous class&gt;.FirefoxDriver.prototype.findElement(file:///C:/Users/SHIVAK~1/AppData/Local/Temp/4/anonymous1312585041699480686webdriver-profile/extensions/fxdriver@googlecode.com/components/driver_component.js:8889)
	at &lt;anonymous class&gt;.DelayedCommand.prototype.executeInternal_/h(file:///C:/Users/SHIVAK~1/AppData/Local/Temp/4/anonymous1312585041699480686webdriver-profile/extensions/fxdriver@googlecode.com/components/command_processor.js:10817)
	at &lt;anonymous class&gt;.DelayedCommand.prototype.executeInternal_(file:///C:/Users/SHIVAK~1/AppData/Local/Temp/4/anonymous1312585041699480686webdriver-profile/extensions/fxdriver@googlecode.com/components/command_processor.js:10822)
	at &lt;anonymous class&gt;.DelayedCommand.prototype.execute/&lt;(file:///C:/Users/SHIVAK~1/AppData/Local/Temp/4/anonymous1312585041699480686webdriver-profile/extensions/fxdriver@googlecode.com/components/command_processor.js:10764)

</div> <!-- stack-trace -->
                </div> <!-- method-content -->
              </div> <!-- method -->
            </div> <!-- main-panel-content rounded-window-bottom -->
          </div> <!-- suite-MotelyFool_TestSuite-class-failed -->
          <div class="suite-MotelyFool_TestSuite-class-failed">
            <div class="main-panel-header rounded-window-top">
              <img src="failed.png"/>
              <span class="class-name">com.fool.GR.ecap.EmailCap</span>
            </div> <!-- main-panel-header rounded-window-top -->
            <div class="main-panel-content rounded-window-bottom">
              <div class="method">
                <div class="method-content">
                  <a name="emailCapGRHomepage">
                  </a> <!-- emailCapGRHomepage -->
                  <span class="method-name">emailCapGRHomepage</span>
                  <div class="stack-trace">org.openqa.selenium.TimeoutException: Timed out after 30 seconds waiting for visibility of element located by By.xpath: //input[@id=&apos;ecap-submit&apos;]
Build info: version: &apos;2.35.0&apos;, revision: &apos;8df0c6b&apos;, time: &apos;2013-08-12 15:43:19&apos;
System info: os.name: &apos;Windows Server 2012 R2&apos;, os.arch: &apos;amd64&apos;, os.version: &apos;6.3&apos;, java.version: &apos;1.8.0_31&apos;
Driver info: driver.version: unknown
	at org.openqa.selenium.support.ui.FluentWait.timeoutException(FluentWait.java:259)
	at org.openqa.selenium.support.ui.FluentWait.until(FluentWait.java:228)
	at com.fool.pageobject.PageObjectModule.sync(PageObjectModule.java:89)
	at com.fool.GR.ecap.EmailCap.emailCapGRHomepage(EmailCap.java:30)
	at sun.reflect.NativeMethodAccessorImpl.invoke0(Native Method)
	at sun.reflect.NativeMethodAccessorImpl.invoke(Unknown Source)
	at sun.reflect.DelegatingMethodAccessorImpl.invoke(Unknown Source)
	at java.lang.reflect.Method.invoke(Unknown Source)
	at org.testng.internal.MethodInvocationHelper.invokeMethod(MethodInvocationHelper.java:84)
	at org.testng.internal.Invoker.invokeMethod(Invoker.java:714)
	at org.testng.internal.Invoker.invokeTestMethod(Invoker.java:901)
	at org.testng.internal.Invoker.invokeTestMethods(Invoker.java:1231)
	at org.testng.internal.TestMethodWorker.invokeTestMethods(TestMethodWorker.java:127)
	at org.testng.internal.TestMethodWorker.run(TestMethodWorker.java:111)
	at org.testng.TestRunner.privateRun(TestRunner.java:767)
	at org.testng.TestRunner.run(TestRunner.java:617)
	at org.testng.SuiteRunner.runTest(SuiteRunner.java:334)
	at org.testng.SuiteRunner.runSequentially(SuiteRunner.java:329)
	at org.testng.SuiteRunner.privateRun(SuiteRunner.java:291)
	at org.testng.SuiteRunner.run(SuiteRunner.java:240)
	at org.testng.SuiteRunnerWorker.runSuite(SuiteRunnerWorker.java:52)
	at org.testng.SuiteRunnerWorker.run(SuiteRunnerWorker.java:86)
	at org.testng.TestNG.runSuitesSequentially(TestNG.java:1224)
	at org.testng.TestNG.runSuitesLocally(TestNG.java:1149)
	at org.testng.TestNG.run(TestNG.java:1057)
	at org.testng.remote.RemoteTestNG.run(RemoteTestNG.java:111)
	at org.testng.remote.RemoteTestNG.initAndRun(RemoteTestNG.java:204)
	at org.testng.remote.RemoteTestNG.main(RemoteTestNG.java:175)
Caused by: org.openqa.selenium.NoSuchElementException: Unable to locate element: {&quot;method&quot;:&quot;xpath&quot;,&quot;selector&quot;:&quot;//input[@id=&apos;ecap-submit&apos;]&quot;}
Command duration or timeout: 0 milliseconds
For documentation on this error, please visit: http://seleniumhq.org/exceptions/no_such_element.html
Build info: version: &apos;2.35.0&apos;, revision: &apos;8df0c6b&apos;, time: &apos;2013-08-12 15:43:19&apos;
System info: os.name: &apos;Windows Server 2012 R2&apos;, os.arch: &apos;amd64&apos;, os.version: &apos;6.3&apos;, java.version: &apos;1.8.0_31&apos;
Driver info: org.openqa.selenium.firefox.FirefoxDriver
Capabilities [{applicationCacheEnabled=true, rotatable=false, handlesAlerts=true, databaseEnabled=true, version=25.0.1, platform=XP, browserConnectionEnabled=true, nativeEvents=true, acceptSslCerts=true, webStorageEnabled=true, locationContextEnabled=true, browserName=firefox, takesScreenshot=true, javascriptEnabled=true, cssSelectorsEnabled=true}]
Session ID: 9c4b6415-e4dc-4e09-b66c-79b54ed7f867
	at sun.reflect.GeneratedConstructorAccessor35.newInstance(Unknown Source)
	at sun.reflect.DelegatingConstructorAccessorImpl.newInstance(Unknown Source)
	at java.lang.reflect.Constructor.newInstance(Unknown Source)
	at org.openqa.selenium.remote.ErrorHandler.createThrowable(ErrorHandler.java:191)
	at org.openqa.selenium.remote.ErrorHandler.throwIfResponseFailed(ErrorHandler.java:145)
	at org.openqa.selenium.remote.RemoteWebDriver.execute(RemoteWebDriver.java:554)
	at org.openqa.selenium.remote.RemoteWebDriver.findElement(RemoteWebDriver.java:307)
	at org.openqa.selenium.remote.RemoteWebDriver.findElementByXPath(RemoteWebDriver.java:404)
	at org.openqa.selenium.By$ByXPath.findElement(By.java:344)
	at org.openqa.selenium.remote.RemoteWebDriver.findElement(RemoteWebDriver.java:299)
	at org.openqa.selenium.support.ui.ExpectedConditions.findElement(ExpectedConditions.java:579)
	at org.openqa.selenium.support.ui.ExpectedConditions.access$0(ExpectedConditions.java:577)
	at org.openqa.selenium.support.ui.ExpectedConditions$4.apply(ExpectedConditions.java:130)
	at org.openqa.selenium.support.ui.ExpectedConditions$4.apply(ExpectedConditions.java:1)
	at org.openqa.selenium.support.ui.FluentWait.until(FluentWait.java:208)
	... 26 more
Caused by: org.openqa.selenium.remote.ErrorHandler$UnknownServerException: Unable to locate element: {&quot;method&quot;:&quot;xpath&quot;,&quot;selector&quot;:&quot;//input[@id=&apos;ecap-submit&apos;]&quot;}
Build info: version: &apos;2.35.0&apos;, revision: &apos;8df0c6b&apos;, time: &apos;2013-08-12 15:43:19&apos;
System info: os.name: &apos;Windows Server 2012 R2&apos;, os.arch: &apos;amd64&apos;, os.version: &apos;6.3&apos;, java.version: &apos;1.8.0_31&apos;
Driver info: driver.version: unknown
	at &lt;anonymous class&gt;.FirefoxDriver.prototype.findElementInternal_(file:///C:/Users/SHIVAK~1/AppData/Local/Temp/4/anonymous1024976209083272546webdriver-profile/extensions/fxdriver@googlecode.com/components/driver_component.js:8880)
	at &lt;anonymous class&gt;.FirefoxDriver.prototype.findElement(file:///C:/Users/SHIVAK~1/AppData/Local/Temp/4/anonymous1024976209083272546webdriver-profile/extensions/fxdriver@googlecode.com/components/driver_component.js:8889)
	at &lt;anonymous class&gt;.DelayedCommand.prototype.executeInternal_/h(file:///C:/Users/SHIVAK~1/AppData/Local/Temp/4/anonymous1024976209083272546webdriver-profile/extensions/fxdriver@googlecode.com/components/command_processor.js:10817)
	at &lt;anonymous class&gt;.DelayedCommand.prototype.executeInternal_(file:///C:/Users/SHIVAK~1/AppData/Local/Temp/4/anonymous1024976209083272546webdriver-profile/extensions/fxdriver@googlecode.com/components/command_processor.js:10822)
	at &lt;anonymous class&gt;.DelayedCommand.prototype.execute/&lt;(file:///C:/Users/SHIVAK~1/AppData/Local/Temp/4/anonymous1024976209083272546webdriver-profile/extensions/fxdriver@googlecode.com/components/command_processor.js:10764)

</div> <!-- stack-trace -->
                </div> <!-- method-content -->
              </div> <!-- method -->
            </div> <!-- main-panel-content rounded-window-bottom -->
          </div> <!-- suite-MotelyFool_TestSuite-class-failed -->
          <div class="suite-MotelyFool_TestSuite-class-passed">
            <div class="main-panel-header rounded-window-top">
              <img src="passed.png"/>
              <span class="class-name">com.fool.ca.order.Createorder</span>
            </div> <!-- main-panel-header rounded-window-top -->
            <div class="main-panel-content rounded-window-bottom">
              <div class="method">
                <div class="method-content">
                  <a name="CAordercreate">
                  </a> <!-- CAordercreate -->
                  <span class="method-name">CAordercreate</span>
                </div> <!-- method-content -->
              </div> <!-- method -->
            </div> <!-- main-panel-content rounded-window-bottom -->
          </div> <!-- suite-MotelyFool_TestSuite-class-passed -->
          <div class="suite-MotelyFool_TestSuite-class-passed">
            <div class="main-panel-header rounded-window-top">
              <img src="passed.png"/>
              <span class="class-name">com.fool.au.order.Createorder</span>
            </div> <!-- main-panel-header rounded-window-top -->
            <div class="main-panel-content rounded-window-bottom">
              <div class="method">
                <div class="method-content">
                  <a name="auordercreate">
                  </a> <!-- auordercreate -->
                  <span class="method-name">auordercreate</span>
                </div> <!-- method-content -->
              </div> <!-- method -->
            </div> <!-- main-panel-content rounded-window-bottom -->
          </div> <!-- suite-MotelyFool_TestSuite-class-passed -->
          <div class="suite-MotelyFool_TestSuite-class-passed">
            <div class="main-panel-header rounded-window-top">
              <img src="passed.png"/>
              <span class="class-name">com.fool.ca.stockdvisor.Stockadvisor</span>
            </div> <!-- main-panel-header rounded-window-top -->
            <div class="main-panel-content rounded-window-bottom">
              <div class="method">
                <div class="method-content">
                  <a name="emailCapCAStockadvisor">
                  </a> <!-- emailCapCAStockadvisor -->
                  <span class="method-name">emailCapCAStockadvisor</span>
                </div> <!-- method-content -->
              </div> <!-- method -->
              <div class="method">
                <div class="method-content">
                  <a name="emailCapCAStockadvisoracc">
                  </a> <!-- emailCapCAStockadvisoracc -->
                  <span class="method-name">emailCapCAStockadvisoracc</span>
                </div> <!-- method-content -->
              </div> <!-- method -->
              <div class="method">
                <div class="method-content">
                  <a name="emailCapCAStockadvisorfaq">
                  </a> <!-- emailCapCAStockadvisorfaq -->
                  <span class="method-name">emailCapCAStockadvisorfaq</span>
                </div> <!-- method-content -->
              </div> <!-- method -->
              <div class="method">
                <div class="method-content">
                  <a name="emailCapCAStockadvisorsplrep">
                  </a> <!-- emailCapCAStockadvisorsplrep -->
                  <span class="method-name">emailCapCAStockadvisorsplrep</span>
                </div> <!-- method-content -->
              </div> <!-- method -->
            </div> <!-- main-panel-content rounded-window-bottom -->
          </div> <!-- suite-MotelyFool_TestSuite-class-passed -->
          <div class="suite-MotelyFool_TestSuite-class-passed">
            <div class="main-panel-header rounded-window-top">
              <img src="passed.png"/>
              <span class="class-name">com.fool.au.hiddengems.HiddenGems</span>
            </div> <!-- main-panel-header rounded-window-top -->
            <div class="main-panel-content rounded-window-bottom">
              <div class="method">
                <div class="method-content">
                  <a name="hiddenGemsHome">
                  </a> <!-- hiddenGemsHome -->
                  <span class="method-name">hiddenGemsHome</span>
                </div> <!-- method-content -->
              </div> <!-- method -->
            </div> <!-- main-panel-content rounded-window-bottom -->
          </div> <!-- suite-MotelyFool_TestSuite-class-passed -->
          <div class="suite-MotelyFool_TestSuite-class-passed">
            <div class="main-panel-header rounded-window-top">
              <img src="passed.png"/>
              <span class="class-name">com.fool.sg.deletepost.DeletePost</span>
            </div> <!-- main-panel-header rounded-window-top -->
            <div class="main-panel-content rounded-window-bottom">
              <div class="method">
                <div class="method-content">
                  <a name="deleteCreatedPost">
                  </a> <!-- deleteCreatedPost -->
                  <span class="method-name">deleteCreatedPost</span>
                </div> <!-- method-content -->
              </div> <!-- method -->
            </div> <!-- main-panel-content rounded-window-bottom -->
          </div> <!-- suite-MotelyFool_TestSuite-class-passed -->
          <div class="suite-MotelyFool_TestSuite-class-passed">
            <div class="main-panel-header rounded-window-top">
              <img src="passed.png"/>
              <span class="class-name">com.fool.sg.createpost.CreatePost</span>
            </div> <!-- main-panel-header rounded-window-top -->
            <div class="main-panel-content rounded-window-bottom">
              <div class="method">
                <div class="method-content">
                  <a name="messagePost">
                  </a> <!-- messagePost -->
                  <span class="method-name">messagePost</span>
                </div> <!-- method-content -->
              </div> <!-- method -->
            </div> <!-- main-panel-content rounded-window-bottom -->
          </div> <!-- suite-MotelyFool_TestSuite-class-passed -->
          <div class="suite-MotelyFool_TestSuite-class-passed">
            <div class="main-panel-header rounded-window-top">
              <img src="passed.png"/>
              <span class="class-name">com.fool.sg.ecap.EmailCap</span>
            </div> <!-- main-panel-header rounded-window-top -->
            <div class="main-panel-content rounded-window-bottom">
              <div class="method">
                <div class="method-content">
                  <a name="emailCapSGHome">
                  </a> <!-- emailCapSGHome -->
                  <span class="method-name">emailCapSGHome</span>
                </div> <!-- method-content -->
              </div> <!-- method -->
            </div> <!-- main-panel-content rounded-window-bottom -->
          </div> <!-- suite-MotelyFool_TestSuite-class-passed -->
          <div class="suite-MotelyFool_TestSuite-class-passed">
            <div class="main-panel-header rounded-window-top">
              <img src="passed.png"/>
              <span class="class-name">com.fool.UK.editpost.EditPost</span>
            </div> <!-- main-panel-header rounded-window-top -->
            <div class="main-panel-content rounded-window-bottom">
              <div class="method">
                <div class="method-content">
                  <a name="editingCreatedPost">
                  </a> <!-- editingCreatedPost -->
                  <span class="method-name">editingCreatedPost</span>
                </div> <!-- method-content -->
              </div> <!-- method -->
            </div> <!-- main-panel-content rounded-window-bottom -->
          </div> <!-- suite-MotelyFool_TestSuite-class-passed -->
          <div class="suite-MotelyFool_TestSuite-class-passed">
            <div class="main-panel-header rounded-window-top">
              <img src="passed.png"/>
              <span class="class-name">com.fool.au.ecap.EmailCap</span>
            </div> <!-- main-panel-header rounded-window-top -->
            <div class="main-panel-content rounded-window-bottom">
              <div class="method">
                <div class="method-content">
                  <a name="emailCapAUSplRep">
                  </a> <!-- emailCapAUSplRep -->
                  <span class="method-name">emailCapAUSplRep</span>
                </div> <!-- method-content -->
              </div> <!-- method -->
            </div> <!-- main-panel-content rounded-window-bottom -->
          </div> <!-- suite-MotelyFool_TestSuite-class-passed -->
          <div class="suite-MotelyFool_TestSuite-class-passed">
            <div class="main-panel-header rounded-window-top">
              <img src="passed.png"/>
              <span class="class-name">com.fool.ca.deletepost.DeletePost</span>
            </div> <!-- main-panel-header rounded-window-top -->
            <div class="main-panel-content rounded-window-bottom">
              <div class="method">
                <div class="method-content">
                  <a name="deleteCreatedPost">
                  </a> <!-- deleteCreatedPost -->
                  <span class="method-name">deleteCreatedPost</span>
                </div> <!-- method-content -->
              </div> <!-- method -->
            </div> <!-- main-panel-content rounded-window-bottom -->
          </div> <!-- suite-MotelyFool_TestSuite-class-passed -->
          <div class="suite-MotelyFool_TestSuite-class-passed">
            <div class="main-panel-header rounded-window-top">
              <img src="passed.png"/>
              <span class="class-name">com.fool.ca.editpost.EditPost</span>
            </div> <!-- main-panel-header rounded-window-top -->
            <div class="main-panel-content rounded-window-bottom">
              <div class="method">
                <div class="method-content">
                  <a name="editingCreatedPost">
                  </a> <!-- editingCreatedPost -->
                  <span class="method-name">editingCreatedPost</span>
                </div> <!-- method-content -->
              </div> <!-- method -->
            </div> <!-- main-panel-content rounded-window-bottom -->
          </div> <!-- suite-MotelyFool_TestSuite-class-passed -->
          <div class="suite-MotelyFool_TestSuite-class-passed">
            <div class="main-panel-header rounded-window-top">
              <img src="passed.png"/>
              <span class="class-name">com.fool.au.deletepost.DeletePost</span>
            </div> <!-- main-panel-header rounded-window-top -->
            <div class="main-panel-content rounded-window-bottom">
              <div class="method">
                <div class="method-content">
                  <a name="deleteCreatedPost">
                  </a> <!-- deleteCreatedPost -->
                  <span class="method-name">deleteCreatedPost</span>
                </div> <!-- method-content -->
              </div> <!-- method -->
            </div> <!-- main-panel-content rounded-window-bottom -->
          </div> <!-- suite-MotelyFool_TestSuite-class-passed -->
          <div class="suite-MotelyFool_TestSuite-class-passed">
            <div class="main-panel-header rounded-window-top">
              <img src="passed.png"/>
              <span class="class-name">com.fool.au.pro.AuPro</span>
            </div> <!-- main-panel-header rounded-window-top -->
            <div class="main-panel-content rounded-window-bottom">
              <div class="method">
                <div class="method-content">
                  <a name="emailAuPro">
                  </a> <!-- emailAuPro -->
                  <span class="method-name">emailAuPro</span>
                </div> <!-- method-content -->
              </div> <!-- method -->
            </div> <!-- main-panel-content rounded-window-bottom -->
          </div> <!-- suite-MotelyFool_TestSuite-class-passed -->
          <div class="suite-MotelyFool_TestSuite-class-passed">
            <div class="main-panel-header rounded-window-top">
              <img src="passed.png"/>
              <span class="class-name">com.fool.sg.editpost.EditPost</span>
            </div> <!-- main-panel-header rounded-window-top -->
            <div class="main-panel-content rounded-window-bottom">
              <div class="method">
                <div class="method-content">
                  <a name="editingCreatedPost">
                  </a> <!-- editingCreatedPost -->
                  <span class="method-name">editingCreatedPost</span>
                </div> <!-- method-content -->
              </div> <!-- method -->
            </div> <!-- main-panel-content rounded-window-bottom -->
          </div> <!-- suite-MotelyFool_TestSuite-class-passed -->
          <div class="suite-MotelyFool_TestSuite-class-passed">
            <div class="main-panel-header rounded-window-top">
              <img src="passed.png"/>
              <span class="class-name">com.fool.au.shareadvisor.Shareadvisornew</span>
            </div> <!-- main-panel-header rounded-window-top -->
            <div class="main-panel-content rounded-window-bottom">
              <div class="method">
                <div class="method-content">
                  <a name="AUShareadvisorFRM">
                  </a> <!-- AUShareadvisorFRM -->
                  <span class="method-name">AUShareadvisorFRM</span>
                </div> <!-- method-content -->
              </div> <!-- method -->
              <div class="method">
                <div class="method-content">
                  <a name="AUShareadvisorHome">
                  </a> <!-- AUShareadvisorHome -->
                  <span class="method-name">AUShareadvisorHome</span>
                </div> <!-- method-content -->
              </div> <!-- method -->
              <div class="method">
                <div class="method-content">
                  <a name="AUShareadvisorREC">
                  </a> <!-- AUShareadvisorREC -->
                  <span class="method-name">AUShareadvisorREC</span>
                </div> <!-- method-content -->
              </div> <!-- method -->
              <div class="method">
                <div class="method-content">
                  <a name="AUShareadvisorSCR">
                  </a> <!-- AUShareadvisorSCR -->
                  <span class="method-name">AUShareadvisorSCR</span>
                </div> <!-- method-content -->
              </div> <!-- method -->
              <div class="method">
                <div class="method-content">
                  <a name="AUShareadvisorUPD">
                  </a> <!-- AUShareadvisorUPD -->
                  <span class="method-name">AUShareadvisorUPD</span>
                </div> <!-- method-content -->
              </div> <!-- method -->
            </div> <!-- main-panel-content rounded-window-bottom -->
          </div> <!-- suite-MotelyFool_TestSuite-class-passed -->
        </div> <!-- panel MotelyFool_TestSuite -->
        <div panel-name="test-xml-MotelyFool_TestSuite" class="panel">
          <div class="main-panel-header rounded-window-top">
            <span class="header-content">C:\MotelyAutomation\workspace\MotelyFool\MotelyFoolSuite.xml</span>
          </div> <!-- main-panel-header rounded-window-top -->
          <div class="main-panel-content rounded-window-bottom">
            <pre>
&lt;?xml version=&quot;1.0&quot; encoding=&quot;UTF-8&quot;?&gt;
&lt;!DOCTYPE suite SYSTEM &quot;http://testng.org/testng-1.0.dtd&quot;&gt;
&lt;suite name=&quot;MotelyFool TestSuite&quot;&gt;
  &lt;test verbose=&quot;2&quot; name=&quot;MotelyFool Australia Create and Verify New Post Test&quot;&gt;
    &lt;classes&gt;
      &lt;class name=&quot;com.fool.au.createpost.CreatePost&quot;/&gt;
    &lt;/classes&gt;
  &lt;/test&gt; &lt;!-- MotelyFool Australia Create and Verify New Post Test --&gt;
  &lt;test verbose=&quot;2&quot; name=&quot;MotelyFool Australia Edit and Verify Post Test&quot;&gt;
    &lt;classes&gt;
      &lt;class name=&quot;com.fool.au.editpost.EditPost&quot;/&gt;
    &lt;/classes&gt;
  &lt;/test&gt; &lt;!-- MotelyFool Australia Edit and Verify Post Test --&gt;
  &lt;test verbose=&quot;2&quot; name=&quot;MotelyFool Australia Delete and Verify Post Test&quot;&gt;
    &lt;classes&gt;
      &lt;class name=&quot;com.fool.au.deletepost.DeletePost&quot;/&gt;
    &lt;/classes&gt;
  &lt;/test&gt; &lt;!-- MotelyFool Australia Delete and Verify Post Test --&gt;
  &lt;test verbose=&quot;2&quot; name=&quot;MotelyFool Australia ProTest&quot;&gt;
    &lt;classes&gt;
      &lt;class name=&quot;com.fool.au.pro.AuPro&quot;/&gt;
    &lt;/classes&gt;
  &lt;/test&gt; &lt;!-- MotelyFool Australia ProTest --&gt;
  &lt;test verbose=&quot;2&quot; name=&quot;MotelyFool Australia Hidden GemsTest&quot;&gt;
    &lt;classes&gt;
      &lt;class name=&quot;com.fool.au.hiddengems.HiddenGems&quot;/&gt;
    &lt;/classes&gt;
  &lt;/test&gt; &lt;!-- MotelyFool Australia Hidden GemsTest --&gt;
  &lt;test verbose=&quot;2&quot; name=&quot;MotelyFool Australia Share AdvisorTest&quot;&gt;
    &lt;classes&gt;
      &lt;class name=&quot;com.fool.au.shareadvisor.Shareadvisornew&quot;/&gt;
    &lt;/classes&gt;
  &lt;/test&gt; &lt;!-- MotelyFool Australia Share AdvisorTest --&gt;
  &lt;test verbose=&quot;2&quot; name=&quot;MotelyFool Australia Ecap Test&quot;&gt;
    &lt;classes&gt;
      &lt;class name=&quot;com.fool.au.ecap.EmailCap&quot;/&gt;
    &lt;/classes&gt;
  &lt;/test&gt; &lt;!-- MotelyFool Australia Ecap Test --&gt;
  &lt;test verbose=&quot;2&quot; name=&quot;MotelyFool AU Create order&quot;&gt;
    &lt;classes&gt;
      &lt;class name=&quot;com.fool.au.order.Createorder&quot;/&gt;
    &lt;/classes&gt;
  &lt;/test&gt; &lt;!-- MotelyFool AU Create order --&gt;
  &lt;test verbose=&quot;2&quot; name=&quot;MotelyFool Canada Create and Verify New Post Test&quot;&gt;
    &lt;classes&gt;
      &lt;class name=&quot;com.fool.ca.createpost.CreatePost&quot;/&gt;
    &lt;/classes&gt;
  &lt;/test&gt; &lt;!-- MotelyFool Canada Create and Verify New Post Test --&gt;
  &lt;test verbose=&quot;2&quot; name=&quot;MotelyFool Canada Edit and Verify Post Test&quot;&gt;
    &lt;classes&gt;
      &lt;class name=&quot;com.fool.ca.editpost.EditPost&quot;/&gt;
    &lt;/classes&gt;
  &lt;/test&gt; &lt;!-- MotelyFool Canada Edit and Verify Post Test --&gt;
  &lt;test verbose=&quot;2&quot; name=&quot;MotelyFool Canada Delete and Verify Post Test&quot;&gt;
    &lt;classes&gt;
      &lt;class name=&quot;com.fool.ca.deletepost.DeletePost&quot;/&gt;
    &lt;/classes&gt;
  &lt;/test&gt; &lt;!-- MotelyFool Canada Delete and Verify Post Test --&gt;
  &lt;test verbose=&quot;2&quot; name=&quot;MotelyFool Canada Ecap Test&quot;&gt;
    &lt;classes&gt;
      &lt;class name=&quot;com.fool.ca.ecap.EmailCap&quot;/&gt;
    &lt;/classes&gt;
  &lt;/test&gt; &lt;!-- MotelyFool Canada Ecap Test --&gt;
  &lt;test verbose=&quot;2&quot; name=&quot;MotelyFool Canada Stock AdvisorTest&quot;&gt;
    &lt;classes&gt;
      &lt;class name=&quot;com.fool.ca.stockdvisor.Stockadvisor&quot;/&gt;
    &lt;/classes&gt;
  &lt;/test&gt; &lt;!-- MotelyFool Canada Stock AdvisorTest --&gt;
  &lt;test verbose=&quot;2&quot; name=&quot;MotelyFool Canada Create OrderTest&quot;&gt;
    &lt;classes&gt;
      &lt;class name=&quot;com.fool.ca.order.Createorder&quot;/&gt;
    &lt;/classes&gt;
  &lt;/test&gt; &lt;!-- MotelyFool Canada Create OrderTest --&gt;
  &lt;test verbose=&quot;2&quot; name=&quot;MotelyFool Singapore Create post Test&quot;&gt;
    &lt;classes&gt;
      &lt;class name=&quot;com.fool.sg.createpost.CreatePost&quot;/&gt;
    &lt;/classes&gt;
  &lt;/test&gt; &lt;!-- MotelyFool Singapore Create post Test --&gt;
  &lt;test verbose=&quot;2&quot; name=&quot;MotelyFool Singapore Edit post Test&quot;&gt;
    &lt;classes&gt;
      &lt;class name=&quot;com.fool.sg.editpost.EditPost&quot;/&gt;
    &lt;/classes&gt;
  &lt;/test&gt; &lt;!-- MotelyFool Singapore Edit post Test --&gt;
  &lt;test verbose=&quot;2&quot; name=&quot;MotelyFool Singapore Delete post Test&quot;&gt;
    &lt;classes&gt;
      &lt;class name=&quot;com.fool.sg.deletepost.DeletePost&quot;/&gt;
    &lt;/classes&gt;
  &lt;/test&gt; &lt;!-- MotelyFool Singapore Delete post Test --&gt;
  &lt;test verbose=&quot;2&quot; name=&quot;MotelyFool Singapore Ecap Test&quot;&gt;
    &lt;classes&gt;
      &lt;class name=&quot;com.fool.sg.ecap.EmailCap&quot;/&gt;
    &lt;/classes&gt;
  &lt;/test&gt; &lt;!-- MotelyFool Singapore Ecap Test --&gt;
  &lt;test verbose=&quot;2&quot; name=&quot;MotelyFool Germany Ecap Test&quot;&gt;
    &lt;classes&gt;
      &lt;class name=&quot;com.fool.GR.ecap.EmailCap&quot;/&gt;
    &lt;/classes&gt;
  &lt;/test&gt; &lt;!-- MotelyFool Germany Ecap Test --&gt;
  &lt;test verbose=&quot;2&quot; name=&quot;MotelyFool United Kingdom Ecap Test&quot;&gt;
    &lt;classes&gt;
      &lt;class name=&quot;com.fool.UK.ecap.EmailCap&quot;/&gt;
    &lt;/classes&gt;
  &lt;/test&gt; &lt;!-- MotelyFool United Kingdom Ecap Test --&gt;
  &lt;test verbose=&quot;2&quot; name=&quot;MotelyFool Create and Verify post Test&quot;&gt;
    &lt;classes&gt;
      &lt;class name=&quot;com.fool.UK.createpost.CreatePost&quot;/&gt;
    &lt;/classes&gt;
  &lt;/test&gt; &lt;!-- MotelyFool Create and Verify post Test --&gt;
  &lt;test verbose=&quot;2&quot; name=&quot;MotelyFool Edit and Verify post Test&quot;&gt;
    &lt;classes&gt;
      &lt;class name=&quot;com.fool.UK.editpost.EditPost&quot;/&gt;
    &lt;/classes&gt;
  &lt;/test&gt; &lt;!-- MotelyFool Edit and Verify post Test --&gt;
  &lt;test verbose=&quot;2&quot; name=&quot;MotelyFool Delete and Verify post Test&quot;&gt;
    &lt;classes&gt;
      &lt;class name=&quot;com.fool.UK.deletepost.DeletePost&quot;/&gt;
    &lt;/classes&gt;
  &lt;/test&gt; &lt;!-- MotelyFool Delete and Verify post Test --&gt;
&lt;/suite&gt; &lt;!-- MotelyFool TestSuite --&gt;
            </pre>
          </div> <!-- main-panel-content rounded-window-bottom -->
        </div> <!-- panel -->
        <div panel-name="testlist-MotelyFool_TestSuite" class="panel">
          <div class="main-panel-header rounded-window-top">
            <span class="header-content">Tests for MotelyFool TestSuite</span>
          </div> <!-- main-panel-header rounded-window-top -->
          <div class="main-panel-content rounded-window-bottom">
            <ul>
              <li>
                <span class="test-name">MotelyFool Australia Create and Verify New Post Test (1 class)</span>
              </li>
              <li>
                <span class="test-name">MotelyFool Australia Edit and Verify Post Test (1 class)</span>
              </li>
              <li>
                <span class="test-name">MotelyFool Australia Delete and Verify Post Test (1 class)</span>
              </li>
              <li>
                <span class="test-name">MotelyFool Australia ProTest (1 class)</span>
              </li>
              <li>
                <span class="test-name">MotelyFool Australia Hidden GemsTest (1 class)</span>
              </li>
              <li>
                <span class="test-name">MotelyFool Australia Share AdvisorTest (1 class)</span>
              </li>
              <li>
                <span class="test-name">MotelyFool Australia Ecap Test (1 class)</span>
              </li>
              <li>
                <span class="test-name">MotelyFool AU Create order (1 class)</span>
              </li>
              <li>
                <span class="test-name">MotelyFool Canada Create and Verify New Post Test (1 class)</span>
              </li>
              <li>
                <span class="test-name">MotelyFool Canada Edit and Verify Post Test (1 class)</span>
              </li>
              <li>
                <span class="test-name">MotelyFool Canada Delete and Verify Post Test (1 class)</span>
              </li>
              <li>
                <span class="test-name">MotelyFool Canada Ecap Test (1 class)</span>
              </li>
              <li>
                <span class="test-name">MotelyFool Canada Stock AdvisorTest (1 class)</span>
              </li>
              <li>
                <span class="test-name">MotelyFool Canada Create OrderTest (1 class)</span>
              </li>
              <li>
                <span class="test-name">MotelyFool Singapore Create post Test (1 class)</span>
              </li>
              <li>
                <span class="test-name">MotelyFool Singapore Edit post Test (1 class)</span>
              </li>
              <li>
                <span class="test-name">MotelyFool Singapore Delete post Test (1 class)</span>
              </li>
              <li>
                <span class="test-name">MotelyFool Singapore Ecap Test (1 class)</span>
              </li>
              <li>
                <span class="test-name">MotelyFool Germany Ecap Test (1 class)</span>
              </li>
              <li>
                <span class="test-name">MotelyFool United Kingdom Ecap Test (1 class)</span>
              </li>
              <li>
                <span class="test-name">MotelyFool Create and Verify post Test (1 class)</span>
              </li>
              <li>
                <span class="test-name">MotelyFool Edit and Verify post Test (1 class)</span>
              </li>
              <li>
                <span class="test-name">MotelyFool Delete and Verify post Test (1 class)</span>
              </li>
            </ul>
          </div> <!-- main-panel-content rounded-window-bottom -->
        </div> <!-- panel -->
        <div panel-name="group-MotelyFool_TestSuite" class="panel">
          <div class="main-panel-header rounded-window-top">
            <span class="header-content">Groups for MotelyFool TestSuite</span>
          </div> <!-- main-panel-header rounded-window-top -->
          <div class="main-panel-content rounded-window-bottom">
          </div> <!-- main-panel-content rounded-window-bottom -->
        </div> <!-- panel -->
        <div panel-name="times-MotelyFool_TestSuite" class="panel">
          <div class="main-panel-header rounded-window-top">
            <span class="header-content">Times for MotelyFool TestSuite</span>
          </div> <!-- main-panel-header rounded-window-top -->
          <div class="main-panel-content rounded-window-bottom">
            <div class="times-div">
              <script type="text/javascript">
suiteTableInitFunctions.push('tableData_MotelyFool_TestSuite');
function tableData_MotelyFool_TestSuite() {
var data = new google.visualization.DataTable();
data.addColumn('number', 'Number');
data.addColumn('string', 'Method');
data.addColumn('string', 'Class');
data.addColumn('number', 'Time (ms)');
data.addRows(33);
data.setCell(0, 0, 0)
data.setCell(0, 1, 'auordercreate')
data.setCell(0, 2, 'com.fool.au.order.Createorder')
data.setCell(0, 3, 158624);
data.setCell(1, 0, 1)
data.setCell(1, 1, 'emailAuPro')
data.setCell(1, 2, 'com.fool.au.pro.AuPro')
data.setCell(1, 3, 156014);
data.setCell(2, 0, 2)
data.setCell(2, 1, 'editingCreatedPost')
data.setCell(2, 2, 'com.fool.UK.editpost.EditPost')
data.setCell(2, 3, 125065);
data.setCell(3, 0, 3)
data.setCell(3, 1, 'editingCreatedPost')
data.setCell(3, 2, 'com.fool.ca.editpost.EditPost')
data.setCell(3, 3, 116775);
data.setCell(4, 0, 4)
data.setCell(4, 1, 'CAordercreate')
data.setCell(4, 2, 'com.fool.ca.order.Createorder')
data.setCell(4, 3, 109473);
data.setCell(5, 0, 5)
data.setCell(5, 1, 'messagePost')
data.setCell(5, 2, 'com.fool.au.createpost.CreatePost')
data.setCell(5, 3, 102787);
data.setCell(6, 0, 6)
data.setCell(6, 1, 'messagePost')
data.setCell(6, 2, 'com.fool.ca.createpost.CreatePost')
data.setCell(6, 3, 101955);
data.setCell(7, 0, 7)
data.setCell(7, 1, 'editingPost')
data.setCell(7, 2, 'com.fool.au.editpost.EditPost')
data.setCell(7, 3, 98812);
data.setCell(8, 0, 8)
data.setCell(8, 1, 'editingCreatedPost')
data.setCell(8, 2, 'com.fool.sg.editpost.EditPost')
data.setCell(8, 3, 80187);
data.setCell(9, 0, 9)
data.setCell(9, 1, 'messagePost')
data.setCell(9, 2, 'com.fool.sg.createpost.CreatePost')
data.setCell(9, 3, 74859);
data.setCell(10, 0, 10)
data.setCell(10, 1, 'messagePost')
data.setCell(10, 2, 'com.fool.UK.createpost.CreatePost')
data.setCell(10, 3, 66005);
data.setCell(11, 0, 11)
data.setCell(11, 1, 'deleteCreatedPost')
data.setCell(11, 2, 'com.fool.ca.deletepost.DeletePost')
data.setCell(11, 3, 53382);
data.setCell(12, 0, 12)
data.setCell(12, 1, 'hiddenGemsHome')
data.setCell(12, 2, 'com.fool.au.hiddengems.HiddenGems')
data.setCell(12, 3, 48342);
data.setCell(13, 0, 13)
data.setCell(13, 1, 'emailCapAUHomepage')
data.setCell(13, 2, 'com.fool.au.ecap.EmailCap')
data.setCell(13, 3, 45688);
data.setCell(14, 0, 14)
data.setCell(14, 1, 'emailCapCAStockadvisor')
data.setCell(14, 2, 'com.fool.ca.stockdvisor.Stockadvisor')
data.setCell(14, 3, 45256);
data.setCell(15, 0, 15)
data.setCell(15, 1, 'deleteCreatedPost')
data.setCell(15, 2, 'com.fool.sg.deletepost.DeletePost')
data.setCell(15, 3, 44924);
data.setCell(16, 0, 16)
data.setCell(16, 1, 'emailCapGRHomepage')
data.setCell(16, 2, 'com.fool.GR.ecap.EmailCap')
data.setCell(16, 3, 43015);
data.setCell(17, 0, 17)
data.setCell(17, 1, 'deleteCreatedPost')
data.setCell(17, 2, 'com.fool.UK.deletepost.DeletePost')
data.setCell(17, 3, 40107);
data.setCell(18, 0, 18)
data.setCell(18, 1, 'AUShareadvisorUPD')
data.setCell(18, 2, 'com.fool.au.shareadvisor.Shareadvisornew')
data.setCell(18, 3, 34276);
data.setCell(19, 0, 19)
data.setCell(19, 1, 'deleteCreatedPost')
data.setCell(19, 2, 'com.fool.au.deletepost.DeletePost')
data.setCell(19, 3, 28848);
data.setCell(20, 0, 20)
data.setCell(20, 1, 'AUShareadvisorFRM')
data.setCell(20, 2, 'com.fool.au.shareadvisor.Shareadvisornew')
data.setCell(20, 3, 26601);
data.setCell(21, 0, 21)
data.setCell(21, 1, 'AUShareadvisorHome')
data.setCell(21, 2, 'com.fool.au.shareadvisor.Shareadvisornew')
data.setCell(21, 3, 24164);
data.setCell(22, 0, 22)
data.setCell(22, 1, 'emailCapGRHomepage')
data.setCell(22, 2, 'com.fool.UK.ecap.EmailCap')
data.setCell(22, 3, 23407);
data.setCell(23, 0, 23)
data.setCell(23, 1, 'emailCapCAStockadvisorfaq')
data.setCell(23, 2, 'com.fool.ca.stockdvisor.Stockadvisor')
data.setCell(23, 3, 22925);
data.setCell(24, 0, 24)
data.setCell(24, 1, 'emailCapCAStockadvisorsplrep')
data.setCell(24, 2, 'com.fool.ca.stockdvisor.Stockadvisor')
data.setCell(24, 3, 22909);
data.setCell(25, 0, 25)
data.setCell(25, 1, 'emailCapCAHome')
data.setCell(25, 2, 'com.fool.ca.ecap.EmailCap')
data.setCell(25, 3, 19089);
data.setCell(26, 0, 26)
data.setCell(26, 1, 'emailCapSGHome')
data.setCell(26, 2, 'com.fool.sg.ecap.EmailCap')
data.setCell(26, 3, 16743);
data.setCell(27, 0, 27)
data.setCell(27, 1, 'emailCapCAStockadvisoracc')
data.setCell(27, 2, 'com.fool.ca.stockdvisor.Stockadvisor')
data.setCell(27, 3, 15648);
data.setCell(28, 0, 28)
data.setCell(28, 1, 'emailCapAUSplRep')
data.setCell(28, 2, 'com.fool.au.ecap.EmailCap')
data.setCell(28, 3, 13984);
data.setCell(29, 0, 29)
data.setCell(29, 1, 'emailCapCAsplrep')
data.setCell(29, 2, 'com.fool.ca.ecap.EmailCap')
data.setCell(29, 3, 6756);
data.setCell(30, 0, 30)
data.setCell(30, 1, 'emailCapCAStockadvisorfrm')
data.setCell(30, 2, 'com.fool.ca.stockdvisor.Stockadvisor')
data.setCell(30, 3, 6092);
data.setCell(31, 0, 31)
data.setCell(31, 1, 'AUShareadvisorREC')
data.setCell(31, 2, 'com.fool.au.shareadvisor.Shareadvisornew')
data.setCell(31, 3, 3357);
data.setCell(32, 0, 32)
data.setCell(32, 1, 'AUShareadvisorSCR')
data.setCell(32, 2, 'com.fool.au.shareadvisor.Shareadvisornew')
data.setCell(32, 3, 3289);
window.suiteTableData['MotelyFool_TestSuite']= { tableData: data, tableDiv: 'times-div-MotelyFool_TestSuite'}
return data;
}
              </script>
              <span class="suite-total-time">Total running time: 29 minutes</span>
              <div id="times-div-MotelyFool_TestSuite">
              </div> <!-- times-div-MotelyFool_TestSuite -->
            </div> <!-- times-div -->
          </div> <!-- main-panel-content rounded-window-bottom -->
        </div> <!-- panel -->
        <div panel-name="reporter-MotelyFool_TestSuite" class="panel">
          <div class="main-panel-header rounded-window-top">
            <span class="header-content">Reporter output for MotelyFool TestSuite</span>
          </div> <!-- main-panel-header rounded-window-top -->
          <div class="main-panel-content rounded-window-bottom">
            <div class="reporter-method-div">
              <span class="reporter-method-name">messagePost</span>
              <div class="reporter-method-output-div">
                <span class="reporter-method-output">Motely Fool Australia Article posted successfully</span>
              </div> <!-- reporter-method-output-div -->
            </div> <!-- reporter-method-div -->
            <div class="reporter-method-div">
              <span class="reporter-method-name">editingPost</span>
              <div class="reporter-method-output-div">
                <span class="reporter-method-output">Motely Fool Australia Article is Edited successfully</span>
              </div> <!-- reporter-method-output-div -->
            </div> <!-- reporter-method-div -->
            <div class="reporter-method-div">
              <span class="reporter-method-name">deleteCreatedPost</span>
              <div class="reporter-method-output-div">
                <span class="reporter-method-output">Motely Fool Australia Article Deletion Verified successfully</span>
              </div> <!-- reporter-method-output-div -->
            </div> <!-- reporter-method-div -->
            <div class="reporter-method-div">
              <span class="reporter-method-name">emailAuPro</span>
              <div class="reporter-method-output-div">
                <span class="reporter-method-output">Motley Fool Pro Page Title Verified</span>
                <span class="reporter-method-output">Motley Fool Pro » All Coverage Page Title Verified</span>
                <span class="reporter-method-output">Motley Fool Pro » All Coverage Page Header Verified</span>
                <span class="reporter-method-output">Motley Fool Pro » Updates Page Title Verified</span>
                <span class="reporter-method-output">Updates Page Header Verified</span>
                <span class="reporter-method-output">Motley Fool Pro » Recommendations Page Title Verified</span>
                <span class="reporter-method-output">Trade Alerts Page Header Verified</span>
                <span class="reporter-method-output">Motley Fool Pro » Multimedia Page Title Verified</span>
                <span class="reporter-method-output">Multimedia Page Header Verified</span>
                <span class="reporter-method-output">Motley Fool Pro » Portfolio Page Title Verified</span>
                <span class="reporter-method-output">Portfolio Page Header Verified</span>
                <span class="reporter-method-output">Motley Fool Pro » Forums Page Title Verified</span>
                <span class="reporter-method-output">Forums Page Header Verified</span>
                <span class="reporter-method-output">Motley Fool Pro » Topics Page Title Verified</span>
                <span class="reporter-method-output">Topics Page Header Verified</span>
                <span class="reporter-method-output">Motley Fool Pro » Forum: General Investing Page Title Verified</span>
                <span class="reporter-method-output">General Investing Page Header Verified</span>
                <span class="reporter-method-output">Motley Fool Pro » Forum: Foolish Banter! Page Title Verified</span>
                <span class="reporter-method-output">Foolish Banter Page Header Verified</span>
                <span class="reporter-method-output">Motley Fool Pro » Forum: Help Page Title Verified</span>
                <span class="reporter-method-output">Help Page Header Verified</span>
                <span class="reporter-method-output">Motley Fool Pro » Guidebook Page Title Verified</span>
                <span class="reporter-method-output">Guidebook Page Header Verified</span>
                <span class="reporter-method-output">Motley Fool Pro » Getting Started With Pro Page Title Verified</span>
                <span class="reporter-method-output">Getting Started With Pro Page Header Verified</span>
                <span class="reporter-method-output">Motley Fool Pro » Pro Philosophy Page Title Verified</span>
                <span class="reporter-method-output">Pro Philosophy Page Header Verified</span>
                <span class="reporter-method-output">Motley Fool Pro » Meet the Team Page Title Verified</span>
                <span class="reporter-method-output">Meet the Team Page Header Verified</span>
                <span class="reporter-method-output">Motley Fool Pro » FAQ Page Title Verified</span>
                <span class="reporter-method-output">FAQ Page Header Verified</span>
                <span class="reporter-method-output">Au Pro Search Field Test Passed</span>
              </div> <!-- reporter-method-output-div -->
            </div> <!-- reporter-method-div -->
            <div class="reporter-method-div">
              <span class="reporter-method-name">hiddenGemsHome</span>
              <div class="reporter-method-output-div">
                <span class="reporter-method-output">Motley Fool Hidden Gems Recommendations Test Passed</span>
                <span class="reporter-method-output">Motley Fool Hidden Gems Updates Test Passed</span>
                <span class="reporter-method-output">Motley Fool Hidden Gems Scorecard Test Passed</span>
              </div> <!-- reporter-method-output-div -->
            </div> <!-- reporter-method-div -->
            <div class="reporter-method-div">
              <span class="reporter-method-name">AUShareadvisorHome</span>
              <div class="reporter-method-output-div">
                <span class="reporter-method-output">Motley Fool Share Advisor Page Title Verified</span>
              </div> <!-- reporter-method-output-div -->
            </div> <!-- reporter-method-div -->
            <div class="reporter-method-div">
              <span class="reporter-method-name">AUShareadvisorFRM</span>
              <div class="reporter-method-output-div">
                <span class="reporter-method-output">Motley Fool Share Advisor » Forums Page Title Verified</span>
                <span class="reporter-method-output">Motley Fool Share Advisor » Forum: General Investing Page Title Verified</span>
                <span class="reporter-method-output">Motley Fool Share Advisor » Forum: Foolish Banter! Page Title Verified</span>
                <span class="reporter-method-output">Motley Fool Share Advisor » Forum: Account / Site Help Page Title Verified</span>
                <span class="reporter-method-output">Manage Account | Motley Fool Australia Page Title Verified</span>
              </div> <!-- reporter-method-output-div -->
            </div> <!-- reporter-method-div -->
            <div class="reporter-method-div">
              <span class="reporter-method-name">AUShareadvisorREC</span>
              <div class="reporter-method-output-div">
                <span class="reporter-method-output">Motley Fool Share Advisor » Recommendations Page Title Verified</span>
              </div> <!-- reporter-method-output-div -->
            </div> <!-- reporter-method-div -->
            <div class="reporter-method-div">
              <span class="reporter-method-name">AUShareadvisorSCR</span>
              <div class="reporter-method-output-div">
                <span class="reporter-method-output">Motley Fool Share Advisor » Share Advisor Scorecard Page Title Verified</span>
              </div> <!-- reporter-method-output-div -->
            </div> <!-- reporter-method-div -->
            <div class="reporter-method-div">
              <span class="reporter-method-name">AUShareadvisorUPD</span>
              <div class="reporter-method-output-div">
                <span class="reporter-method-output">Motley Fool Share Advisor » All Share Advisor Coverage Page Title Verified</span>
                <span class="reporter-method-output">Motley Fool Share Advisor » Share Advisor Updates Page Title Verified</span>
                <span class="reporter-method-output">Motley Fool Share Advisor » Best Buys Now Page Title Verified</span>
                <span class="reporter-method-output">Motley Fool Share Advisor » Stocks On Our Radar Page Title Verified</span>
                <span class="reporter-method-output">Motley Fool Share Advisor » Multi-media Page Title Verified</span>
                <span class="reporter-method-output">Motley Fool Share Advisor » Income Extra Page Title Verified</span>
                <span class="reporter-method-output">Motley Fool Share Advisor » 10% Promise Page Title Verified</span>
                <span class="reporter-method-output">Motley Fool Share Advisor » How To Invest Foolishly Page Title Verified</span>
                <span class="reporter-method-output">Motley Fool Share Advisor » New Member Centre Page Title Verified</span>
                <span class="reporter-method-output">Motley Fool Share Advisor » Frequently Asked Questions Page Title Verified</span>
              </div> <!-- reporter-method-output-div -->
            </div> <!-- reporter-method-div -->
            <div class="reporter-method-div">
              <span class="reporter-method-name">emailCapAUSplRep</span>
              <div class="reporter-method-output-div">
                <span class="reporter-method-output">Motley Fool Australia Special Report Ecap Test Passed</span>
              </div> <!-- reporter-method-output-div -->
            </div> <!-- reporter-method-div -->
            <div class="reporter-method-div">
              <span class="reporter-method-name">auordercreate</span>
              <div class="reporter-method-output-div">
                <span class="reporter-method-output">Motley Fool Share Advisor Account Creation Test Passed</span>
              </div> <!-- reporter-method-output-div -->
            </div> <!-- reporter-method-div -->
            <div class="reporter-method-div">
              <span class="reporter-method-name">messagePost</span>
              <div class="reporter-method-output-div">
                <span class="reporter-method-output">Motely Fool Canada Article posted successfully</span>
              </div> <!-- reporter-method-output-div -->
            </div> <!-- reporter-method-div -->
            <div class="reporter-method-div">
              <span class="reporter-method-name">deleteCreatedPost</span>
              <div class="reporter-method-output-div">
                <span class="reporter-method-output">Motely Fool Canada Article Deletion Verified successfully</span>
              </div> <!-- reporter-method-output-div -->
            </div> <!-- reporter-method-div -->
            <div class="reporter-method-div">
              <span class="reporter-method-name">emailCapCAHome</span>
              <div class="reporter-method-output-div">
                <span class="reporter-method-output">Motley Fool Canada Home Ecap Test Failed</span>
              </div> <!-- reporter-method-output-div -->
            </div> <!-- reporter-method-div -->
            <div class="reporter-method-div">
              <span class="reporter-method-name">emailCapCAStockadvisorsplrep</span>
              <div class="reporter-method-output-div">
                <span class="reporter-method-output">Motley Fool Stock Advisor Special Reports Centre Ecap Test Passed</span>
                <span class="reporter-method-output">Motley Fool Stock Advisor Special Reports Centre Test Passed</span>
              </div> <!-- reporter-method-output-div -->
            </div> <!-- reporter-method-div -->
            <div class="reporter-method-div">
              <span class="reporter-method-name">emailCapCAStockadvisor</span>
              <div class="reporter-method-output-div">
                <span class="reporter-method-output">Motley Fool Stock Advisor Ecap Test Passed</span>
                <span class="reporter-method-output">Motley Fool Stock Advisor Test Passed</span>
              </div> <!-- reporter-method-output-div -->
            </div> <!-- reporter-method-div -->
            <div class="reporter-method-div">
              <span class="reporter-method-name">emailCapCAStockadvisorfaq</span>
              <div class="reporter-method-output-div">
                <span class="reporter-method-output">Motley Fool Stock Advisor Frequently Asked Questions Ecap Test Passed</span>
                <span class="reporter-method-output">Motley Fool Stock Advisor Frequently Asked Questions Test Passed</span>
              </div> <!-- reporter-method-output-div -->
            </div> <!-- reporter-method-div -->
            <div class="reporter-method-div">
              <span class="reporter-method-name">emailCapCAStockadvisoracc</span>
              <div class="reporter-method-output-div">
                <span class="reporter-method-output">Motley Fool Stock Advisor Your Account Test Passed</span>
              </div> <!-- reporter-method-output-div -->
            </div> <!-- reporter-method-div -->
            <div class="reporter-method-div">
              <span class="reporter-method-name">emailCapCAStockadvisorfrm</span>
              <div class="reporter-method-output-div">
                <span class="reporter-method-output">Login not happend for Website</span>
              </div> <!-- reporter-method-output-div -->
            </div> <!-- reporter-method-div -->
            <div class="reporter-method-div">
              <span class="reporter-method-name">CAordercreate</span>
              <div class="reporter-method-output-div">
                <span class="reporter-method-output">Motley Fool Stock Advisor Account Creation Test Passed</span>
              </div> <!-- reporter-method-output-div -->
            </div> <!-- reporter-method-div -->
            <div class="reporter-method-div">
              <span class="reporter-method-name">messagePost</span>
              <div class="reporter-method-output-div">
                <span class="reporter-method-output">Motely Fool Singapore Article posted successfully</span>
                <span class="reporter-method-output">Motely Fool Singapore Article post verified successfully</span>
              </div> <!-- reporter-method-output-div -->
            </div> <!-- reporter-method-div -->
            <div class="reporter-method-div">
              <span class="reporter-method-name">editingCreatedPost</span>
              <div class="reporter-method-output-div">
                <span class="reporter-method-output">Motely Fool Singapore Article Edit Verified successfully</span>
              </div> <!-- reporter-method-output-div -->
            </div> <!-- reporter-method-div -->
            <div class="reporter-method-div">
              <span class="reporter-method-name">deleteCreatedPost</span>
              <div class="reporter-method-output-div">
                <span class="reporter-method-output">Motely Fool Singapore Article Deletion Verified successfully</span>
              </div> <!-- reporter-method-output-div -->
            </div> <!-- reporter-method-div -->
            <div class="reporter-method-div">
              <span class="reporter-method-name">emailCapSGHome</span>
              <div class="reporter-method-output-div">
                <span class="reporter-method-output">Motley Fool Singapore Home Ecap Test Passed</span>
              </div> <!-- reporter-method-output-div -->
            </div> <!-- reporter-method-div -->
          </div> <!-- main-panel-content rounded-window-bottom -->
        </div> <!-- panel -->
        <div panel-name="ignored-methods-MotelyFool_TestSuite" class="panel">
          <div class="main-panel-header rounded-window-top">
            <span class="header-content">0 ignored methods</span>
          </div> <!-- main-panel-header rounded-window-top -->
          <div class="main-panel-content rounded-window-bottom">
          </div> <!-- main-panel-content rounded-window-bottom -->
        </div> <!-- panel -->
        <div panel-name="chronological-MotelyFool_TestSuite" class="panel">
          <div class="main-panel-header rounded-window-top">
            <span class="header-content">Methods in chronological order</span>
          </div> <!-- main-panel-header rounded-window-top -->
          <div class="main-panel-content rounded-window-bottom">
            <div class="chronological-class">
              <div class="chronological-class-name">com.fool.au.createpost.CreatePost</div> <!-- chronological-class-name -->
              <div class="configuration-class before">
                <span class="method-name">loginFool</span>
                <span class="method-start">0 ms</span>
              </div> <!-- configuration-class before -->
              <div class="test-method">
                <img src="failed.png">
                </img>
                <span class="method-name">messagePost</span>
                <span class="method-start">47896 ms</span>
              </div> <!-- test-method -->
            </div> <!-- chronological-class -->
            <div class="chronological-class">
              <div class="chronological-class-name">com.fool.au.editpost.EditPost</div> <!-- chronological-class-name -->
              <div class="configuration-class before">
                <span class="method-name">loginFool</span>
                <span class="method-start">150784 ms</span>
              </div> <!-- configuration-class before -->
              <div class="test-method">
                <img src="failed.png">
                </img>
                <span class="method-name">editingPost</span>
                <span class="method-start">172484 ms</span>
              </div> <!-- test-method -->
            </div> <!-- chronological-class -->
            <div class="chronological-class">
              <div class="chronological-class-name">com.fool.au.deletepost.DeletePost</div> <!-- chronological-class-name -->
              <div class="configuration-class before">
                <span class="method-name">loginFool</span>
                <span class="method-start">271317 ms</span>
              </div> <!-- configuration-class before -->
              <div class="test-method">
                <span class="method-name">deleteCreatedPost</span>
                <span class="method-start">292916 ms</span>
              </div> <!-- test-method -->
            </div> <!-- chronological-class -->
            <div class="chronological-class">
              <div class="chronological-class-name">com.fool.au.pro.AuPro</div> <!-- chronological-class-name -->
              <div class="test-method">
                <span class="method-name">emailAuPro</span>
                <span class="method-start">321767 ms</span>
              </div> <!-- test-method -->
            </div> <!-- chronological-class -->
            <div class="chronological-class">
              <div class="chronological-class-name">com.fool.au.hiddengems.HiddenGems</div> <!-- chronological-class-name -->
              <div class="test-method">
                <span class="method-name">hiddenGemsHome</span>
                <span class="method-start">477781 ms</span>
              </div> <!-- test-method -->
            </div> <!-- chronological-class -->
            <div class="chronological-class">
              <div class="chronological-class-name">com.fool.au.shareadvisor.Shareadvisornew</div> <!-- chronological-class-name -->
              <div class="test-method">
                <span class="method-name">AUShareadvisorHome</span>
                <span class="method-start">526123 ms</span>
              </div> <!-- test-method -->
              <div class="test-method">
                <span class="method-name">AUShareadvisorREC</span>
                <span class="method-start">550287 ms</span>
              </div> <!-- test-method -->
              <div class="test-method">
                <span class="method-name">AUShareadvisorUPD</span>
                <span class="method-start">553644 ms</span>
              </div> <!-- test-method -->
              <div class="test-method">
                <span class="method-name">AUShareadvisorSCR</span>
                <span class="method-start">587920 ms</span>
              </div> <!-- test-method -->
              <div class="test-method">
                <span class="method-name">AUShareadvisorFRM</span>
                <span class="method-start">591209 ms</span>
              </div> <!-- test-method -->
            </div> <!-- chronological-class -->
            <div class="chronological-class">
              <div class="chronological-class-name">com.fool.au.ecap.EmailCap</div> <!-- chronological-class-name -->
              <div class="test-method">
                <img src="failed.png">
                </img>
                <span class="method-name">emailCapAUHomepage</span>
                <span class="method-start">617810 ms</span>
              </div> <!-- test-method -->
              <div class="test-method">
                <span class="method-name">emailCapAUSplRep</span>
                <span class="method-start">663498 ms</span>
              </div> <!-- test-method -->
            </div> <!-- chronological-class -->
            <div class="chronological-class">
              <div class="chronological-class-name">com.fool.au.order.Createorder</div> <!-- chronological-class-name -->
              <div class="test-method">
                <span class="method-name">auordercreate</span>
                <span class="method-start">677498 ms</span>
              </div> <!-- test-method -->
            </div> <!-- chronological-class -->
            <div class="chronological-class">
              <div class="chronological-class-name">com.fool.ca.createpost.CreatePost</div> <!-- chronological-class-name -->
              <div class="test-method">
                <img src="failed.png">
                </img>
                <span class="method-name">messagePost</span>
                <span class="method-start">836122 ms</span>
              </div> <!-- test-method -->
            </div> <!-- chronological-class -->
            <div class="chronological-class">
              <div class="chronological-class-name">com.fool.ca.editpost.EditPost</div> <!-- chronological-class-name -->
              <div class="test-method">
                <span class="method-name">editingCreatedPost</span>
                <span class="method-start">938095 ms</span>
              </div> <!-- test-method -->
            </div> <!-- chronological-class -->
            <div class="chronological-class">
              <div class="chronological-class-name">com.fool.ca.deletepost.DeletePost</div> <!-- chronological-class-name -->
              <div class="test-method">
                <span class="method-name">deleteCreatedPost</span>
                <span class="method-start">1054882 ms</span>
              </div> <!-- test-method -->
            </div> <!-- chronological-class -->
            <div class="chronological-class">
              <div class="chronological-class-name">com.fool.ca.ecap.EmailCap</div> <!-- chronological-class-name -->
              <div class="test-method">
                <img src="failed.png">
                </img>
                <span class="method-name">emailCapCAHome</span>
                <span class="method-start">1108267 ms</span>
              </div> <!-- test-method -->
              <div class="test-method">
                <img src="failed.png">
                </img>
                <span class="method-name">emailCapCAsplrep</span>
                <span class="method-start">1127356 ms</span>
              </div> <!-- test-method -->
            </div> <!-- chronological-class -->
            <div class="chronological-class">
              <div class="chronological-class-name">com.fool.ca.stockdvisor.Stockadvisor</div> <!-- chronological-class-name -->
              <div class="test-method">
                <span class="method-name">emailCapCAStockadvisor</span>
                <span class="method-start">1134126 ms</span>
              </div> <!-- test-method -->
              <div class="test-method">
                <span class="method-name">emailCapCAStockadvisorfaq</span>
                <span class="method-start">1179382 ms</span>
              </div> <!-- test-method -->
              <div class="test-method">
                <span class="method-name">emailCapCAStockadvisorsplrep</span>
                <span class="method-start">1202307 ms</span>
              </div> <!-- test-method -->
              <div class="test-method">
                <span class="method-name">emailCapCAStockadvisoracc</span>
                <span class="method-start">1225216 ms</span>
              </div> <!-- test-method -->
              <div class="test-method">
                <img src="failed.png">
                </img>
                <span class="method-name">emailCapCAStockadvisorfrm</span>
                <span class="method-start">1240864 ms</span>
              </div> <!-- test-method -->
            </div> <!-- chronological-class -->
            <div class="chronological-class">
              <div class="chronological-class-name">com.fool.ca.order.Createorder</div> <!-- chronological-class-name -->
              <div class="test-method">
                <span class="method-name">CAordercreate</span>
                <span class="method-start">1246960 ms</span>
              </div> <!-- test-method -->
            </div> <!-- chronological-class -->
            <div class="chronological-class">
              <div class="chronological-class-name">com.fool.sg.createpost.CreatePost</div> <!-- chronological-class-name -->
              <div class="test-method">
                <span class="method-name">messagePost</span>
                <span class="method-start">1356449 ms</span>
              </div> <!-- test-method -->
            </div> <!-- chronological-class -->
            <div class="chronological-class">
              <div class="chronological-class-name">com.fool.sg.editpost.EditPost</div> <!-- chronological-class-name -->
              <div class="test-method">
                <span class="method-name">editingCreatedPost</span>
                <span class="method-start">1431308 ms</span>
              </div> <!-- test-method -->
            </div> <!-- chronological-class -->
            <div class="chronological-class">
              <div class="chronological-class-name">com.fool.sg.deletepost.DeletePost</div> <!-- chronological-class-name -->
              <div class="test-method">
                <span class="method-name">deleteCreatedPost</span>
                <span class="method-start">1511495 ms</span>
              </div> <!-- test-method -->
            </div> <!-- chronological-class -->
            <div class="chronological-class">
              <div class="chronological-class-name">com.fool.sg.ecap.EmailCap</div> <!-- chronological-class-name -->
              <div class="test-method">
                <span class="method-name">emailCapSGHome</span>
                <span class="method-start">1556440 ms</span>
              </div> <!-- test-method -->
            </div> <!-- chronological-class -->
            <div class="chronological-class">
              <div class="chronological-class-name">com.fool.GR.ecap.EmailCap</div> <!-- chronological-class-name -->
              <div class="test-method">
                <img src="failed.png">
                </img>
                <span class="method-name">emailCapGRHomepage</span>
                <span class="method-start">1573183 ms</span>
              </div> <!-- test-method -->
            </div> <!-- chronological-class -->
            <div class="chronological-class">
              <div class="chronological-class-name">com.fool.UK.ecap.EmailCap</div> <!-- chronological-class-name -->
              <div class="test-method">
                <img src="failed.png">
                </img>
                <span class="method-name">emailCapGRHomepage</span>
                <span class="method-start">1616198 ms</span>
              </div> <!-- test-method -->
            </div> <!-- chronological-class -->
            <div class="chronological-class">
              <div class="chronological-class-name">com.fool.UK.createpost.CreatePost</div> <!-- chronological-class-name -->
              <div class="test-method">
                <img src="failed.png">
                </img>
                <span class="method-name">messagePost</span>
                <span class="method-start">1639605 ms</span>
              </div> <!-- test-method -->
            </div> <!-- chronological-class -->
            <div class="chronological-class">
              <div class="chronological-class-name">com.fool.UK.editpost.EditPost</div> <!-- chronological-class-name -->
              <div class="test-method">
                <span class="method-name">editingCreatedPost</span>
                <span class="method-start">1705613 ms</span>
              </div> <!-- test-method -->
            </div> <!-- chronological-class -->
            <div class="chronological-class">
              <div class="chronological-class-name">com.fool.UK.deletepost.DeletePost</div> <!-- chronological-class-name -->
              <div class="test-method">
                <img src="failed.png">
                </img>
                <span class="method-name">deleteCreatedPost</span>
                <span class="method-start">1830697 ms</span>
              </div> <!-- test-method -->
          </div> <!-- main-panel-content rounded-window-bottom -->
        </div> <!-- panel -->
      </div> <!-- main-panel-root -->
    </div> <!-- wrapper -->
  </body>
</html>
