<?xml version="1.0" encoding="UTF-8"?>
<!-- Generated by org.testng.reporters.JUnitXMLReporter -->
<testsuite hostname="globalqa01" name="MotelyFool Australia Share AdvisorTest" tests="5" failures="0" timestamp="6 Nov 2016 16:11:15 GMT" time="90.998" errors="0">
  <testcase name="AUShareadvisorHome" time="23.154" classname="com.fool.au.shareadvisor.Shareadvisornew"/>
  <testcase name="AUShareadvisorREC" time="3.156" classname="com.fool.au.shareadvisor.Shareadvisornew"/>
  <testcase name="AUShareadvisorUPD" time="38.876" classname="com.fool.au.shareadvisor.Shareadvisornew"/>
  <testcase name="AUShareadvisorSCR" time="3.514" classname="com.fool.au.shareadvisor.Shareadvisornew"/>
  <testcase name="AUShareadvisorFRM" time="22.297" classname="com.fool.au.shareadvisor.Shareadvisornew"/>
</testsuite> <!-- MotelyFool Australia Share AdvisorTest -->
